2023-10-30 22:29:20,671 [INFO] Activator:176 - 


2023-10-30 22:29:20,671 [INFO] Activator:177 - !SESSION log4j initialized
2023-10-30 22:29:31,195 [INFO] LogOutputStream:77 - [STDOUT_REDIRECT] 
2023-10-30 22:29:34,625 [INFO] ApplicationProperties:184 - Using Application install path: C:\ST\STM32CubeIDE_1.13.0\STM32CubeIDE\plugins\com.st.stm32cube.common.mx_6.9.0.202307051724
2023-10-30 22:29:34,656 [INFO] DbMcusXml:78 - Set database path to: C:\ST\STM32CubeIDE_1.13.0\STM32CubeIDE\plugins\com.st.stm32cube.common.mx_6.9.0.202307051724\\db\/mcu/
2023-10-30 22:29:34,657 [INFO] ApiDb:274 - Set plugin database path to: C:\ST\STM32CubeIDE_1.13.0\STM32CubeIDE\plugins\com.st.stm32cube.common.mx_6.9.0.202307051724\\db\/plugins/boardmanager/
2023-10-30 22:29:34,658 [WARN] ApiDb:259 - Overriding images path with different value:  => C:\ST\STM32CubeIDE_1.13.0\STM32CubeIDE\plugins\com.st.stm32cube.common.mx_6.9.0.202307051724\\db\/plugins/mcufinder/images/
2023-10-30 22:29:34,682 [INFO] ApiDb:250 - Set database path to: C:\Users\admin\.stmcufinder\plugins\mcufinder//mcu/
2023-10-30 22:29:34,684 [INFO] DbMcusAds:125 - Set database path to: C:\Users\admin\.stmcufinder\plugins\mcufinder//mcu/
2023-10-30 22:29:35,352 [INFO] CrossReferenceDbSqlite:203 - Set database path to: C:\Users\admin\.stmcufinder\plugins\mcufinder//mcu/cs/
2023-10-30 22:29:35,536 [INFO] RulesReader:64 - Compatibility file has been processed (293 Rules)
2023-10-30 22:29:35,642 [INFO] DbMcusXml:78 - Set database path to: C:\ST\STM32CubeIDE_1.13.0\STM32CubeIDE\plugins\com.st.stm32cube.common.mx_6.9.0.202307051724\\db\/mcu/
2023-10-30 22:29:35,642 [INFO] ApiDb:274 - Set plugin database path to: C:\ST\STM32CubeIDE_1.13.0\STM32CubeIDE\plugins\com.st.stm32cube.common.mx_6.9.0.202307051724\\db\/plugins/boardmanager/
2023-10-30 22:29:35,642 [INFO] ApiDb:261 - Set plugin images path to: C:\ST\STM32CubeIDE_1.13.0\STM32CubeIDE\plugins\com.st.stm32cube.common.mx_6.9.0.202307051724\\db\/plugins/mcufinder/images/
2023-10-30 22:29:35,642 [WARN] DbFile:41 - Overriding database path with different value: C:\Users\admin\.stmcufinder\plugins\mcufinder/ => C:\Users\admin\.stmcufinder\plugins\mcufinder
2023-10-30 22:29:35,643 [INFO] ApiDb:250 - Set database path to: C:\Users\admin\.stmcufinder\plugins\mcufinder//mcu/
2023-10-30 22:29:35,643 [WARN] DbFile:41 - Overriding database path with different value: C:\Users\admin\.stmcufinder\plugins\mcufinder/ => C:\Users\admin\.stmcufinder\plugins\mcufinder
2023-10-30 22:29:35,643 [INFO] DbMcusAds:125 - Set database path to: C:\Users\admin\.stmcufinder\plugins\mcufinder//mcu/
2023-10-30 22:29:35,643 [WARN] DbFile:41 - Overriding database path with different value: C:\Users\admin\.stmcufinder\plugins\mcufinder/ => C:\Users\admin\.stmcufinder\plugins\mcufinder
2023-10-30 22:29:35,643 [WARN] DbFile:41 - Overriding database path with different value: C:\Users\admin\.stmcufinder\plugins\mcufinder/ => C:\Users\admin\.stmcufinder\plugins\mcufinder
2023-10-30 22:29:36,353 [INFO] CrossReferenceDbSqlite:203 - Set database path to: C:\Users\admin\.stmcufinder\plugins\mcufinder//mcu/cs/
2023-10-30 22:29:36,489 [INFO] MainPanel:262 - HeapMemory: 268435456
2023-10-30 22:29:36,603 [INFO] DbMcusXml:78 - Set database path to: C:\ST\STM32CubeIDE_1.13.0\STM32CubeIDE\plugins\com.st.stm32cube.common.mx_6.9.0.202307051724\\db\/mcu/
2023-10-30 22:29:36,603 [INFO] ApiDb:274 - Set plugin database path to: C:\ST\STM32CubeIDE_1.13.0\STM32CubeIDE\plugins\com.st.stm32cube.common.mx_6.9.0.202307051724\\db\/plugins/boardmanager/
2023-10-30 22:29:36,603 [INFO] ApiDb:261 - Set plugin images path to: C:\ST\STM32CubeIDE_1.13.0\STM32CubeIDE\plugins\com.st.stm32cube.common.mx_6.9.0.202307051724\\db\/plugins/mcufinder/images/
2023-10-30 22:29:36,604 [WARN] DbFile:41 - Overriding database path with different value: C:\Users\admin\.stmcufinder\plugins\mcufinder/ => C:\Users\admin\.stmcufinder\plugins\mcufinder
2023-10-30 22:29:36,604 [INFO] ApiDb:250 - Set database path to: C:\Users\admin\.stmcufinder\plugins\mcufinder//mcu/
2023-10-30 22:29:36,604 [WARN] DbFile:41 - Overriding database path with different value: C:\Users\admin\.stmcufinder\plugins\mcufinder/ => C:\Users\admin\.stmcufinder\plugins\mcufinder
2023-10-30 22:29:36,604 [INFO] DbMcusAds:125 - Set database path to: C:\Users\admin\.stmcufinder\plugins\mcufinder//mcu/
2023-10-30 22:29:36,604 [WARN] DbFile:41 - Overriding database path with different value: C:\Users\admin\.stmcufinder\plugins\mcufinder/ => C:\Users\admin\.stmcufinder\plugins\mcufinder
2023-10-30 22:29:36,604 [WARN] DbFile:41 - Overriding database path with different value: C:\Users\admin\.stmcufinder\plugins\mcufinder/ => C:\Users\admin\.stmcufinder\plugins\mcufinder
2023-10-30 22:29:37,355 [INFO] CrossReferenceDbSqlite:203 - Set database path to: C:\Users\admin\.stmcufinder\plugins\mcufinder//mcu/cs/
2023-10-30 22:29:37,387 [INFO] ApplicationProperties:184 - Using Application install path: C:\ST\STM32CubeIDE_1.13.0\STM32CubeIDE\plugins\com.st.stm32cube.common.mx_6.9.0.202307051724
2023-10-30 22:29:37,388 [INFO] PluginManage:196 - Search for loadable plugins [exclusion list=, ]
2023-10-30 22:29:37,390 [INFO] PluginManage:310 - Check plugin analytics
2023-10-30 22:29:38,482 [INFO] AnalyticsPlugin:253 - Accepted Software Licenses: STM32CubeMX.6.9.1
2023-10-30 22:29:38,483 [INFO] AnalyticsPlugin:255 - Accepted CMSIS Pack Licenses: 
2023-10-30 22:29:38,484 [INFO] AnalyticsPlugin:257 - Accepted Firmware Licenses: 
2023-10-30 22:29:38,488 [INFO] PluginManage:359 - Loaded plugin analytics (category:tool,tabindex:-1)
2023-10-30 22:29:38,489 [INFO] PluginManage:310 - Check plugin cadmodel
2023-10-30 22:29:38,510 [INFO] CADModel:105 - Init CAD model plugin
2023-10-30 22:29:38,511 [INFO] PluginManage:359 - Loaded plugin cadmodel (category:power,tabindex:5)
2023-10-30 22:29:38,511 [INFO] PluginManage:310 - Check plugin clock
2023-10-30 22:29:38,539 [INFO] PluginManage:359 - Loaded plugin clock (category:base,tabindex:2)
2023-10-30 22:29:38,539 [INFO] PluginManage:310 - Check plugin ddr
2023-10-30 22:29:38,542 [INFO] PluginManage:359 - Loaded plugin ddr (category:tool,tabindex:6)
2023-10-30 22:29:38,542 [INFO] PluginManage:310 - Check plugin filemanager
2023-10-30 22:29:38,767 [INFO] PluginManage:359 - Loaded plugin filemanager (category:base,tabindex:10)
2023-10-30 22:29:38,767 [INFO] PluginManage:310 - Check plugin ipmanager
2023-10-30 22:29:38,776 [INFO] PluginManage:359 - Loaded plugin ipmanager (category:base,tabindex:5)
2023-10-30 22:29:38,777 [INFO] PluginManage:310 - Check plugin lpbam
2023-10-30 22:29:38,795 [INFO] PluginManage:359 - Loaded plugin lpbam (category:base,tabindex:0)
2023-10-30 22:29:38,796 [INFO] PluginManage:310 - Check plugin memorymap
2023-10-30 22:29:38,828 [INFO] PluginManage:359 - Loaded plugin memorymap (category:base,tabindex:4)
2023-10-30 22:29:38,829 [INFO] PluginManage:310 - Check plugin pinoutandconfiguration
2023-10-30 22:29:38,848 [INFO] PluginManage:359 - Loaded plugin pinoutandconfiguration (category:base,tabindex:1)
2023-10-30 22:29:38,849 [INFO] PluginManage:310 - Check plugin pinoutconfig
2023-10-30 22:29:38,963 [WARN] SupportedApi:132 - Cannot load RTOS API schema: s4s-elt-must-match.1: The content of 'definitions' must match (annotation?, (simpleType | complexType)?, (unique | key | keyref)*)). A problem was found starting at: attribute.
2023-10-30 22:29:39,302 [INFO] PluginManage:359 - Loaded plugin pinoutconfig (category:base,tabindex:0)
2023-10-30 22:29:39,303 [INFO] PluginManage:310 - Check plugin power
2023-10-30 22:29:39,386 [INFO] PluginManage:359 - Loaded plugin power (category:power,tabindex:4)
2023-10-30 22:29:39,390 [INFO] PluginManage:310 - Check plugin projectmanager
2023-10-30 22:29:39,440 [INFO] PluginManage:359 - Loaded plugin projectmanager (category:projectmanager,tabindex:3)
2023-10-30 22:29:39,441 [INFO] PluginManage:310 - Check plugin thirdparty
2023-10-30 22:29:39,839 [INFO] PluginManage:359 - Loaded plugin thirdparty (category:base,tabindex:-1)
2023-10-30 22:29:39,839 [WARN] IntegrityCheckThread:84 - waiting for thirdparty lock release [integrity check]
2023-10-30 22:29:39,839 [INFO] PluginManage:310 - Check plugin tools
2023-10-30 22:29:39,839 [INFO] IntegrityCheckThread:86 - entering critical section [integrity check]
2023-10-30 22:29:39,839 [INFO] ThirdPartyUpdaterWithRetryManager:70 - Updater plugin not ready yet. [1/15]
2023-10-30 22:29:39,872 [INFO] PluginManage:359 - Loaded plugin tools (category:base,tabindex:7)
2023-10-30 22:29:39,872 [INFO] PluginManage:310 - Check plugin tutovideos
2023-10-30 22:29:40,396 [INFO] PluginManage:359 - Loaded plugin tutovideos (category:base,tabindex:-1)
2023-10-30 22:29:40,397 [INFO] PluginManage:310 - Check plugin updater
2023-10-30 22:29:40,415 [INFO] PluginManage:359 - Loaded plugin updater (category:base,tabindex:12)
2023-10-30 22:29:40,415 [INFO] PluginManage:310 - Check plugin userauth
2023-10-30 22:29:40,427 [INFO] UserAuth:113 - Init User Auth plugin
2023-10-30 22:29:40,427 [INFO] PluginManage:359 - Loaded plugin userauth (category:base,tabindex:14)
2023-10-30 22:29:40,428 [INFO] PluginManage:283 - PluginManage : Loaded plugins [17]
2023-10-30 22:29:40,769 [INFO] PinOutPanel:1499 - setPackage(No Configuration,No Configuration)
2023-10-30 22:29:40,909 [INFO] CADModel:165 - CPN selected for project level
2023-10-30 22:29:40,910 [INFO] CADModel:114 - Register for checkConnection events
2023-10-30 22:29:40,940 [INFO] IPUIPlugin:80 - create IPUIPlugin
2023-10-30 22:29:40,940 [INFO] PluginManager:220 - loadIPPluginJar : add adc
2023-10-30 22:29:40,976 [INFO] IPUIPlugin:80 - create IPUIPlugin
2023-10-30 22:29:40,976 [INFO] PluginManager:220 - loadIPPluginJar : add aes
2023-10-30 22:29:41,017 [INFO] IPUIPlugin:80 - create IPUIPlugin
2023-10-30 22:29:41,017 [INFO] PluginManager:220 - loadIPPluginJar : add can
2023-10-30 22:29:41,040 [INFO] IPUIPlugin:80 - create IPUIPlugin
2023-10-30 22:29:41,040 [INFO] PluginManager:220 - loadIPPluginJar : add comp
2023-10-30 22:29:41,182 [INFO] IPUIPlugin:80 - create IPUIPlugin
2023-10-30 22:29:41,182 [INFO] PluginManager:220 - loadIPPluginJar : add cryp
2023-10-30 22:29:41,235 [INFO] IPUIPlugin:80 - create IPUIPlugin
2023-10-30 22:29:41,235 [INFO] PluginManager:220 - loadIPPluginJar : add dfsdm
2023-10-30 22:29:41,252 [INFO] IPUIPlugin:80 - create IPUIPlugin
2023-10-30 22:29:41,253 [INFO] PluginManager:220 - loadIPPluginJar : add dma
2023-10-30 22:29:41,295 [INFO] IPUIPlugin:80 - create IPUIPlugin
2023-10-30 22:29:41,296 [INFO] PluginManager:220 - loadIPPluginJar : add dma3
2023-10-30 22:29:41,315 [INFO] IPUIPlugin:80 - create IPUIPlugin
2023-10-30 22:29:41,315 [INFO] PluginManager:220 - loadIPPluginJar : add fatfs
2023-10-30 22:29:41,363 [INFO] IPUIPlugin:80 - create IPUIPlugin
2023-10-30 22:29:41,363 [INFO] PluginManager:220 - loadIPPluginJar : add fmc
2023-10-30 22:29:41,377 [INFO] IPUIPlugin:80 - create IPUIPlugin
2023-10-30 22:29:41,378 [INFO] PluginManager:220 - loadIPPluginJar : add freertos
2023-10-30 22:29:41,398 [INFO] IPUIPlugin:80 - create IPUIPlugin
2023-10-30 22:29:41,398 [INFO] PluginManager:220 - loadIPPluginJar : add genericplugin
2023-10-30 22:29:41,500 [INFO] IPUIPlugin:80 - create IPUIPlugin
2023-10-30 22:29:41,500 [INFO] PluginManager:220 - loadIPPluginJar : add gfxmmu
2023-10-30 22:29:41,648 [INFO] IPUIPlugin:80 - create IPUIPlugin
2023-10-30 22:29:41,649 [INFO] PluginManager:220 - loadIPPluginJar : add gic
2023-10-30 22:29:41,663 [INFO] IPUIPlugin:80 - create IPUIPlugin
2023-10-30 22:29:41,663 [INFO] PluginManager:220 - loadIPPluginJar : add gpio
2023-10-30 22:29:41,784 [INFO] IPUIPlugin:80 - create IPUIPlugin
2023-10-30 22:29:41,784 [INFO] PluginManager:220 - loadIPPluginJar : add gtzc
2023-10-30 22:29:41,821 [INFO] IPUIPlugin:80 - create IPUIPlugin
2023-10-30 22:29:41,822 [INFO] PluginManager:220 - loadIPPluginJar : add hash
2023-10-30 22:29:41,879 [INFO] IPUIPlugin:80 - create IPUIPlugin
2023-10-30 22:29:41,879 [INFO] PluginManager:220 - loadIPPluginJar : add i2c
2023-10-30 22:29:41,924 [INFO] IPUIPlugin:80 - create IPUIPlugin
2023-10-30 22:29:41,924 [INFO] PluginManager:220 - loadIPPluginJar : add i2s
2023-10-30 22:29:41,969 [INFO] IPUIPlugin:80 - create IPUIPlugin
2023-10-30 22:29:41,969 [INFO] PluginManager:220 - loadIPPluginJar : add i3c
2023-10-30 22:29:42,088 [INFO] IPUIPlugin:80 - create IPUIPlugin
2023-10-30 22:29:42,089 [INFO] PluginManager:220 - loadIPPluginJar : add ipddr
2023-10-30 22:29:42,195 [INFO] IPUIPlugin:80 - create IPUIPlugin
2023-10-30 22:29:42,195 [INFO] PluginManager:220 - loadIPPluginJar : add linkedlist
2023-10-30 22:29:42,234 [INFO] IPUIPlugin:80 - create IPUIPlugin
2023-10-30 22:29:42,234 [INFO] PluginManager:220 - loadIPPluginJar : add lorawan
2023-10-30 22:29:42,284 [INFO] IPUIPlugin:80 - create IPUIPlugin
2023-10-30 22:29:42,284 [INFO] PluginManager:220 - loadIPPluginJar : add ltdc
2023-10-30 22:29:42,301 [INFO] IPUIPlugin:80 - create IPUIPlugin
2023-10-30 22:29:42,301 [INFO] PluginManager:220 - loadIPPluginJar : add mdma
2023-10-30 22:29:42,316 [INFO] IPUIPlugin:80 - create IPUIPlugin
2023-10-30 22:29:42,317 [INFO] PluginManager:220 - loadIPPluginJar : add nvic
2023-10-30 22:29:42,363 [INFO] IPUIPlugin:80 - create IPUIPlugin
2023-10-30 22:29:42,363 [INFO] PluginManager:220 - loadIPPluginJar : add opamp
2023-10-30 22:29:42,434 [INFO] IPUIPlugin:80 - create IPUIPlugin
2023-10-30 22:29:42,435 [INFO] PluginManager:220 - loadIPPluginJar : add openamp
2023-10-30 22:29:42,491 [INFO] IPUIPlugin:80 - create IPUIPlugin
2023-10-30 22:29:42,492 [INFO] PluginManager:220 - loadIPPluginJar : add pdm2pcm
2023-10-30 22:29:42,510 [INFO] IPUIPlugin:80 - create IPUIPlugin
2023-10-30 22:29:42,513 [INFO] PluginManager:220 - loadIPPluginJar : add plateformsettings
2023-10-30 22:29:42,542 [INFO] IPUIPlugin:80 - create IPUIPlugin
2023-10-30 22:29:42,542 [INFO] PluginManager:220 - loadIPPluginJar : add quadspi
2023-10-30 22:29:42,559 [INFO] IPUIPlugin:80 - create IPUIPlugin
2023-10-30 22:29:42,559 [INFO] PluginManager:220 - loadIPPluginJar : add resmgrutility
2023-10-30 22:29:42,618 [INFO] IPUIPlugin:80 - create IPUIPlugin
2023-10-30 22:29:42,619 [INFO] PluginManager:220 - loadIPPluginJar : add sai
2023-10-30 22:29:42,667 [INFO] IPUIPlugin:80 - create IPUIPlugin
2023-10-30 22:29:42,668 [INFO] PluginManager:220 - loadIPPluginJar : add spi
2023-10-30 22:29:42,741 [INFO] IPUIPlugin:80 - create IPUIPlugin
2023-10-30 22:29:42,741 [INFO] PluginManager:220 - loadIPPluginJar : add stm32_wpan
2023-10-30 22:29:42,764 [INFO] IPUIPlugin:80 - create IPUIPlugin
2023-10-30 22:29:42,764 [INFO] PluginManager:220 - loadIPPluginJar : add tim
2023-10-30 22:29:42,829 [INFO] IPUIPlugin:80 - create IPUIPlugin
2023-10-30 22:29:42,829 [INFO] PluginManager:220 - loadIPPluginJar : add touchsensing
2023-10-30 22:29:42,841 [INFO] ThirdPartyUpdaterWithRetryManager:70 - Updater plugin not ready yet. [2/15]
2023-10-30 22:29:42,855 [INFO] IPUIPlugin:80 - create IPUIPlugin
2023-10-30 22:29:42,856 [INFO] PluginManager:220 - loadIPPluginJar : add tracer_emb
2023-10-30 22:29:42,877 [INFO] IPUIPlugin:80 - create IPUIPlugin
2023-10-30 22:29:42,878 [INFO] PluginManager:220 - loadIPPluginJar : add ts
2023-10-30 22:29:42,899 [INFO] IPUIPlugin:80 - create IPUIPlugin
2023-10-30 22:29:42,899 [INFO] PluginManager:220 - loadIPPluginJar : add tsc
2023-10-30 22:29:42,927 [INFO] IPUIPlugin:80 - create IPUIPlugin
2023-10-30 22:29:42,929 [INFO] PluginManager:220 - loadIPPluginJar : add ucpd
2023-10-30 22:29:42,982 [INFO] IPUIPlugin:80 - create IPUIPlugin
2023-10-30 22:29:42,982 [INFO] PluginManager:220 - loadIPPluginJar : add usart
2023-10-30 22:29:43,031 [INFO] IPUIPlugin:80 - create IPUIPlugin
2023-10-30 22:29:43,031 [INFO] PluginManager:220 - loadIPPluginJar : add usbx
2023-10-30 22:29:43,173 [INFO] CADModel:165 - CPN selected for project level
2023-10-30 22:29:43,173 [INFO] CADModel:114 - Register for checkConnection events
2023-10-30 22:29:43,174 [FATAL] Updater:308 - Updater called before beeing initialized
2023-10-30 22:29:43,174 [ERROR] CADModel:125 - Updater not yet initialized, retry later 
2023-10-30 22:29:43,367 [INFO] CADModel:165 - CPN selected for project level
2023-10-30 22:29:43,367 [INFO] CADModel:114 - Register for checkConnection events
2023-10-30 22:29:43,367 [FATAL] Updater:308 - Updater called before beeing initialized
2023-10-30 22:29:43,367 [ERROR] CADModel:125 - Updater not yet initialized, retry later 
2023-10-30 22:29:43,370 [FATAL] Updater:308 - Updater called before beeing initialized
2023-10-30 22:29:43,490 [FATAL] Updater:308 - Updater called before beeing initialized
2023-10-30 22:29:43,503 [INFO] DbMcusAds:53 - JSON generation date=Tue Mar 07 15:50:55 ICT 2023 (1678179055114)
2023-10-30 22:29:43,503 [FATAL] Updater:308 - Updater called before beeing initialized
2023-10-30 22:29:43,551 [WARN] DetailPanel:346 - Failed to get advertising image, set to default
2023-10-30 22:29:43,771 [FATAL] Updater:308 - Updater called before beeing initialized
2023-10-30 22:29:43,774 [FATAL] Updater:308 - Updater called before beeing initialized
2023-10-30 22:29:43,775 [FATAL] Updater:308 - Updater called before beeing initialized
2023-10-30 22:29:43,775 [WARN] DetailPanel:346 - Failed to get advertising image, set to default
2023-10-30 22:29:43,776 [FATAL] Updater:308 - Updater called before beeing initialized
2023-10-30 22:29:43,928 [ERROR] Updater:1120 - MainUpdater not yet initialized. External WinMGr cannot be set.
2023-10-30 22:29:43,950 [INFO] Updater:1056 - Updater Version found : 6.9.0
2023-10-30 22:29:43,990 [INFO] ApplicationProperties:184 - Using Application install path: C:\ST\STM32CubeIDE_1.13.0\STM32CubeIDE\plugins\com.st.stm32cube.common.mx_6.9.0.202307051724
2023-10-30 22:29:44,394 [INFO] MainUpdater:2868 - connection check result : 10
2023-10-30 22:29:44,395 [INFO] MainUpdater:285 - Updater Check For Update Now.
2023-10-30 22:29:44,396 [INFO] MicroXplorer:498 - Change Database Version : DB.6.0.90
2023-10-30 22:29:44,422 [INFO] McuFinderGlobals:63 - Set McuFinder mode to 2 (CubeIDE integrated)
2023-10-30 22:29:44,423 [INFO] UserAuth:179 - activating auth plugin
2023-10-30 22:29:44,427 [INFO] UserAuth:393 - Internet connection configuration mode: 1
2023-10-30 22:29:44,475 [INFO] JxBrowserEngine:151 - Initiate JxBrowser Engine with user profile folder
2023-10-30 22:29:44,688 [INFO] CheckServerUpdateThread:120 - End of CheckServer Thread
2023-10-30 22:29:46,024 [WARN] PackLoader:240 - Cannot read IP mode file for STMicroelectronics.X-CUBE-SMBUS.2.1.0
2023-10-30 22:29:46,084 [WARN] PackLoader:240 - Cannot read IP mode file for STMicroelectronics.X-CUBE-AZRTOS-F7.1.1.0
2023-10-30 22:29:46,112 [WARN] PackLoader:240 - Cannot read IP mode file for STMicroelectronics.FP-SNS-MOTENV1.4.3.2
2023-10-30 22:29:46,139 [WARN] PackLoader:240 - Cannot read IP mode file for STMicroelectronics.X-CUBE-BLE1.6.2.4
2023-10-30 22:29:46,158 [WARN] PackLoader:240 - Cannot read IP mode file for STMicroelectronics.FP-SNS-FLIGHT1.5.0.2
2023-10-30 22:29:46,176 [WARN] PackLoader:240 - Cannot read IP mode file for STMicroelectronics.X-CUBE-BLE1.7.0.0
2023-10-30 22:29:46,196 [WARN] PackLoader:240 - Cannot read IP mode file for STMicroelectronics.X-CUBE-TOUCHGFX.4.22.0
2023-10-30 22:29:46,211 [WARN] PackLoader:240 - Cannot read IP mode file for STMicroelectronics.X-CUBE-TOUCHGFX.4.22.1
2023-10-30 22:29:46,310 [WARN] PackLoader:240 - Cannot read IP mode file for STMicroelectronics.X-CUBE-MEMS1.9.3.0
2023-10-30 22:29:46,570 [WARN] PackLoader:240 - Cannot read IP mode file for STMicroelectronics.FP-SNS-SMARTAG2.1.2.0
2023-10-30 22:29:46,608 [INFO] LogOutputStream:77 - [STDOUT_REDIRECT] 1 : Invalid condition id : UX_CORESTACK_Condition cause : null
2023-10-30 22:29:46,609 [INFO] LogOutputStream:77 - [STDOUT_REDIRECT] 1 : Invalid condition id : UX_CORESTACK_Condition cause : null
2023-10-30 22:29:46,612 [INFO] LogOutputStream:77 - [STDOUT_REDIRECT] 1 : Invalid condition id : UX_CORESTACK_Condition cause : null
2023-10-30 22:29:46,616 [INFO] LogOutputStream:77 - [STDOUT_REDIRECT] 1 : Invalid condition id : UX_CORESTACK_Condition cause : null
2023-10-30 22:29:46,619 [INFO] LogOutputStream:77 - [STDOUT_REDIRECT] 1 : Invalid condition id : UX_CORESTACK_Condition cause : null
2023-10-30 22:29:46,624 [WARN] PackLoader:240 - Cannot read IP mode file for STMicroelectronics.X-CUBE-AZRTOS-WL.2.0.0
2023-10-30 22:29:46,654 [WARN] PackLoader:240 - Cannot read IP mode file for WES.I-CUBE-Cesium.1.3.0
2023-10-30 22:29:46,685 [WARN] PackLoader:240 - Cannot read IP mode file for STMicroelectronics.X-CUBE-BLE2.3.3.0
2023-10-30 22:29:46,730 [WARN] PackLoader:240 - Cannot read IP mode file for STMicroelectronics.X-CUBE-TOF1.3.2.0
2023-10-30 22:29:46,761 [WARN] PackLoader:240 - Cannot read IP mode file for STMicroelectronics.X-CUBE-ISPU.1.0.0
2023-10-30 22:29:46,784 [WARN] PackLoader:240 - Cannot read IP mode file for STMicroelectronics.X-CUBE-TOUCHGFX.4.21.1
2023-10-30 22:29:46,902 [WARN] PackLoader:240 - Cannot read IP mode file for STMicroelectronics.X-CUBE-MEMS1.9.4.0
2023-10-30 22:29:47,208 [WARN] PackLoader:240 - Cannot read IP mode file for STMicroelectronics.X-CUBE-AI.7.3.0
2023-10-30 22:29:47,261 [WARN] PackLoader:240 - Cannot read IP mode file for STMicroelectronics.X-CUBE-AZRTOS-G0.1.1.0
2023-10-30 22:29:47,296 [WARN] PackLoader:240 - Cannot read IP mode file for STMicroelectronics.X-CUBE-NFC4.3.0.0
2023-10-30 22:29:47,396 [WARN] PackLoader:240 - Cannot read IP mode file for STMicroelectronics.X-CUBE-BLEMGR.1.3.0
2023-10-30 22:29:47,668 [WARN] PackLoader:240 - Cannot read IP mode file for STMicroelectronics.FP-ATR-SIGFOX1.3.2.0
2023-10-30 22:29:47,691 [WARN] PackLoader:240 - Cannot read IP mode file for STMicroelectronics.X-CUBE-TOUCHGFX.4.20.0
2023-10-30 22:29:47,774 [WARN] PackLoader:240 - Cannot read IP mode file for SEGGER.I-CUBE-embOS.1.3.1
2023-10-30 22:29:47,870 [WARN] PackLoader:240 - Cannot read IP mode file for STMicroelectronics.X-CUBE-GNSS1.6.0.0
2023-10-30 22:29:47,917 [WARN] PackLoader:240 - Cannot read IP mode file for STMicroelectronics.X-CUBE-AZRTOS-F4.1.1.0
2023-10-30 22:29:47,943 [WARN] PackLoader:240 - Cannot read IP mode file for STMicroelectronics.X-CUBE-BLEMGR.1.2.0
2023-10-30 22:29:48,027 [WARN] PackLoader:240 - Cannot read IP mode file for STMicroelectronics.X-CUBE-AZRTOS-L5.2.0.0
2023-10-30 22:29:48,175 [WARN] PackLoader:240 - Cannot read IP mode file for STMicroelectronics.X-CUBE-MEMS1.9.6.0
2023-10-30 22:29:48,379 [INFO] WebApp:157 - Instantiating new browser for Auth
2023-10-30 22:29:48,457 [WARN] PackLoader:240 - Cannot read IP mode file for STMicroelectronics.X-CUBE-EEPRMA1.4.2.0
2023-10-30 22:29:48,495 [WARN] PackLoader:240 - Cannot read IP mode file for ITTIA_DB.I-CUBE-ITTIADB.8.8.0
2023-10-30 22:29:48,528 [WARN] PackLoader:240 - Cannot read IP mode file for STMicroelectronics.X-CUBE-BLEMGR.2.0.0
2023-10-30 22:29:48,595 [WARN] ConditionMgr:438 - getConditionDescription Invalid condition id : UX DEVICE CLASS RTOS Condition cause : null
2023-10-30 22:29:48,595 [WARN] ConditionMgr:438 - getConditionDescription Invalid condition id : UX DEVICE CLASS RTOS Condition cause : null
2023-10-30 22:29:48,601 [WARN] PackLoader:240 - Cannot read IP mode file for STMicroelectronics.X-CUBE-AZRTOS-H7.3.1.0
2023-10-30 22:29:48,602 [WARN] ConditionMgr:1039 - genDependencies : Invalid condition id : UX DEVICE CLASS RTOS Condition cause : null
2023-10-30 22:29:48,603 [WARN] ConditionMgr:1039 - genDependencies : Invalid condition id : UX DEVICE CLASS RTOS Condition cause : null
2023-10-30 22:29:48,604 [WARN] ConditionMgr:1039 - genDependencies : Invalid condition id : UX DEVICE CLASS RTOS Condition cause : null
2023-10-30 22:29:48,605 [WARN] ConditionMgr:1039 - genDependencies : Invalid condition id : UX DEVICE CLASS RTOS Condition cause : null
2023-10-30 22:29:48,605 [WARN] ConditionMgr:1039 - genDependencies : Invalid condition id : UX DEVICE CLASS RTOS Condition cause : null
2023-10-30 22:29:48,632 [WARN] PackLoader:240 - Cannot read IP mode file for STMicroelectronics.X-CUBE-NFC7.1.0.1
2023-10-30 22:29:48,657 [WARN] PackLoader:240 - Cannot read IP mode file for STMicroelectronics.X-CUBE-NFC6.3.0.0
2023-10-30 22:29:48,680 [WARN] PackLoader:240 - Cannot read IP mode file for STMicroelectronics.X-CUBE-EEPRMA1.4.1.0
2023-10-30 22:29:48,698 [WARN] PackLoader:240 - Cannot read IP mode file for STMicroelectronics.X-CUBE-AI.8.1.0
2023-10-30 22:29:48,747 [WARN] ConditionMgr:438 - getConditionDescription Invalid condition id : LAN8742 Phy interface Condition cause : null
2023-10-30 22:29:48,748 [WARN] PackLoader:240 - Cannot read IP mode file for STMicroelectronics.X-CUBE-AZRTOS-L4.2.0.0
2023-10-30 22:29:48,749 [WARN] ConditionMgr:1039 - genDependencies : Invalid condition id : LAN8742 Phy interface Condition cause : null
2023-10-30 22:29:48,750 [WARN] ConditionMgr:1039 - genDependencies : Invalid condition id : LAN8742 Phy interface Condition cause : null
2023-10-30 22:29:48,751 [WARN] ConditionMgr:1039 - genDependencies : Invalid condition id : LAN8742 Phy interface Condition cause : null
2023-10-30 22:29:48,781 [WARN] PackLoader:240 - Cannot read IP mode file for STMicroelectronics.X-CUBE-SFXS2LP1.4.0.0
2023-10-30 22:29:48,828 [WARN] PackLoader:240 - Cannot read IP mode file for STMicroelectronics.X-CUBE-AZRTOS-H7.3.0.0
2023-10-30 22:29:48,845 [WARN] PackLoader:240 - Cannot read IP mode file for STMicroelectronics.X-CUBE-ISPU.1.1.0
2023-10-30 22:29:48,872 [WARN] ConditionMgr:438 - getConditionDescription Invalid condition id : UX DEVICE CLASS RTOS Condition cause : null
2023-10-30 22:29:48,872 [WARN] ConditionMgr:438 - getConditionDescription Invalid condition id : UX DEVICE CLASS RTOS Condition cause : null
2023-10-30 22:29:48,875 [WARN] PackLoader:240 - Cannot read IP mode file for STMicroelectronics.X-CUBE-AZRTOS-WB.2.0.0
2023-10-30 22:29:48,875 [WARN] ConditionMgr:1039 - genDependencies : Invalid condition id : UX DEVICE CLASS RTOS Condition cause : null
2023-10-30 22:29:48,875 [WARN] ConditionMgr:1039 - genDependencies : Invalid condition id : UX DEVICE CLASS RTOS Condition cause : null
2023-10-30 22:29:48,876 [WARN] ConditionMgr:1039 - genDependencies : Invalid condition id : UX DEVICE CLASS RTOS Condition cause : null
2023-10-30 22:29:48,876 [WARN] ConditionMgr:1039 - genDependencies : Invalid condition id : UX DEVICE CLASS RTOS Condition cause : null
2023-10-30 22:29:48,876 [WARN] ConditionMgr:1039 - genDependencies : Invalid condition id : UX DEVICE CLASS RTOS Condition cause : null
2023-10-30 22:29:48,890 [WARN] PackLoader:240 - Cannot read IP mode file for STMicroelectronics.X-CUBE-FREERTOS.1.0.1
2023-10-30 22:29:48,926 [WARN] PackLoader:240 - Cannot read IP mode file for STMicroelectronics.X-CUBE-AZRTOS-L5.1.1.0
2023-10-30 22:29:48,945 [WARN] PackLoader:240 - Cannot read IP mode file for STMicroelectronics.X-CUBE-AI.8.0.1
2023-10-30 22:29:48,969 [WARN] PackLoader:240 - Cannot read IP mode file for STMicroelectronics.X-CUBE-TOF1.3.3.1
2023-10-30 22:29:49,015 [WARN] PackLoader:240 - Cannot read IP mode file for STMicroelectronics.X-CUBE-AZRTOS-G4.2.0.0
2023-10-30 22:29:49,034 [WARN] PackLoader:240 - Cannot read IP mode file for STMicroelectronics.FP-ATR-ASTRA1.1.1.1
2023-10-30 22:29:49,068 [WARN] PackLoader:240 - Cannot read IP mode file for Infineon.AIROC-Wi-Fi-Bluetooth-STM32.1.5.1
2023-10-30 22:29:49,160 [WARN] PackLoader:240 - Cannot read IP mode file for STMicroelectronics.X-CUBE-MEMS1.10.0.0
2023-10-30 22:29:49,385 [WARN] PackLoader:240 - Cannot read IP mode file for STMicroelectronics.X-CUBE-FREERTOS.1.1.0
2023-10-30 22:29:49,431 [WARN] PackLoader:240 - Cannot read IP mode file for STMicroelectronics.X-CUBE-AZRTOS-WB.1.1.0
2023-10-30 22:29:49,453 [WARN] PackLoader:240 - Cannot read IP mode file for STMicroelectronics.FP-ATR-ASTRA1.2.0.0
2023-10-30 22:29:49,455 [INFO] ThirdParty:978 - Integrity check success = true
2023-10-30 22:29:49,455 [INFO] IntegrityCheckThread:100 - exiting critical section [integrity check]
2023-10-30 22:29:49,455 [INFO] IntegrityCheckThread:103 - End integrity checks thread
2023-10-30 22:29:49,672 [INFO] WebApp:753 - Register for checkConnection events
2023-10-30 22:29:49,672 [INFO] WebApp:390 - Apply proxy settings
2023-10-30 22:29:49,673 [INFO] WebApp:475 - Chromium requires no authentication
2023-10-30 22:29:49,690 [INFO] WebApp:418 - Direct internet connection detected
2023-10-30 22:29:50,048 [INFO] WebApp:188 - Starting web application
2023-10-30 22:29:50,048 [INFO] WebApp:520 - Web application path used C:\ST\STM32CubeIDE_1.13.0\STM32CubeIDE\plugins\com.st.stm32cube.common.mx_6.9.0.202307051724\db\plugins\mcufinder\reactClient1\index.html
2023-10-30 22:30:11,119 [ERROR] LogOutputStream:75 - [STDERR_REDIRECT] SLF4J: Failed to load class "org.slf4j.impl.StaticLoggerBinder".
2023-10-30 22:30:11,120 [ERROR] LogOutputStream:75 - [STDERR_REDIRECT] SLF4J: Defaulting to no-operation (NOP) logger implementation
2023-10-30 22:30:11,121 [ERROR] LogOutputStream:75 - [STDERR_REDIRECT] SLF4J: See http://www.slf4j.org/codes.html#StaticLoggerBinder for further details.
2023-10-30 22:55:55,302 [ERROR] LogOutputStream:75 - [STDERR_REDIRECT] 
