2023-12-14 06:29:07,981 [INFO] Activator:176 - 


2023-12-14 06:29:07,994 [INFO] Activator:177 - !SESSION log4j initialized
2023-12-14 06:29:20,780 [INFO] LogOutputStream:77 - [STDOUT_REDIRECT] 
2023-12-14 06:29:25,982 [INFO] ApplicationProperties:184 - Using Application install path: C:\ST\STM32CubeIDE_1.13.0\STM32CubeIDE\plugins\com.st.stm32cube.common.mx_6.9.0.202307051724
2023-12-14 06:29:26,007 [INFO] DbMcusXml:78 - Set database path to: C:\ST\STM32CubeIDE_1.13.0\STM32CubeIDE\plugins\com.st.stm32cube.common.mx_6.9.0.202307051724\\db\/mcu/
2023-12-14 06:29:26,007 [INFO] ApiDb:274 - Set plugin database path to: C:\ST\STM32CubeIDE_1.13.0\STM32CubeIDE\plugins\com.st.stm32cube.common.mx_6.9.0.202307051724\\db\/plugins/boardmanager/
2023-12-14 06:29:26,008 [WARN] ApiDb:259 - Overriding images path with different value:  => C:\ST\STM32CubeIDE_1.13.0\STM32CubeIDE\plugins\com.st.stm32cube.common.mx_6.9.0.202307051724\\db\/plugins/mcufinder/images/
2023-12-14 06:29:26,033 [INFO] ApiDb:250 - Set database path to: C:\Users\admin\.stmcufinder\plugins\mcufinder//mcu/
2023-12-14 06:29:26,034 [INFO] DbMcusAds:125 - Set database path to: C:\Users\admin\.stmcufinder\plugins\mcufinder//mcu/
2023-12-14 06:29:26,666 [INFO] CrossReferenceDbSqlite:203 - Set database path to: C:\Users\admin\.stmcufinder\plugins\mcufinder//mcu/cs/
2023-12-14 06:29:26,815 [INFO] RulesReader:64 - Compatibility file has been processed (293 Rules)
2023-12-14 06:29:26,939 [INFO] DbMcusXml:78 - Set database path to: C:\ST\STM32CubeIDE_1.13.0\STM32CubeIDE\plugins\com.st.stm32cube.common.mx_6.9.0.202307051724\\db\/mcu/
2023-12-14 06:29:26,939 [INFO] ApiDb:274 - Set plugin database path to: C:\ST\STM32CubeIDE_1.13.0\STM32CubeIDE\plugins\com.st.stm32cube.common.mx_6.9.0.202307051724\\db\/plugins/boardmanager/
2023-12-14 06:29:26,939 [INFO] ApiDb:261 - Set plugin images path to: C:\ST\STM32CubeIDE_1.13.0\STM32CubeIDE\plugins\com.st.stm32cube.common.mx_6.9.0.202307051724\\db\/plugins/mcufinder/images/
2023-12-14 06:29:26,939 [WARN] DbFile:41 - Overriding database path with different value: C:\Users\admin\.stmcufinder\plugins\mcufinder/ => C:\Users\admin\.stmcufinder\plugins\mcufinder
2023-12-14 06:29:26,939 [INFO] ApiDb:250 - Set database path to: C:\Users\admin\.stmcufinder\plugins\mcufinder//mcu/
2023-12-14 06:29:26,940 [WARN] DbFile:41 - Overriding database path with different value: C:\Users\admin\.stmcufinder\plugins\mcufinder/ => C:\Users\admin\.stmcufinder\plugins\mcufinder
2023-12-14 06:29:26,940 [INFO] DbMcusAds:125 - Set database path to: C:\Users\admin\.stmcufinder\plugins\mcufinder//mcu/
2023-12-14 06:29:26,940 [WARN] DbFile:41 - Overriding database path with different value: C:\Users\admin\.stmcufinder\plugins\mcufinder/ => C:\Users\admin\.stmcufinder\plugins\mcufinder
2023-12-14 06:29:26,940 [WARN] DbFile:41 - Overriding database path with different value: C:\Users\admin\.stmcufinder\plugins\mcufinder/ => C:\Users\admin\.stmcufinder\plugins\mcufinder
2023-12-14 06:29:27,669 [INFO] CrossReferenceDbSqlite:203 - Set database path to: C:\Users\admin\.stmcufinder\plugins\mcufinder//mcu/cs/
2023-12-14 06:29:27,810 [INFO] MainPanel:262 - HeapMemory: 268435456
2023-12-14 06:29:27,980 [INFO] DbMcusXml:78 - Set database path to: C:\ST\STM32CubeIDE_1.13.0\STM32CubeIDE\plugins\com.st.stm32cube.common.mx_6.9.0.202307051724\\db\/mcu/
2023-12-14 06:29:27,980 [INFO] ApiDb:274 - Set plugin database path to: C:\ST\STM32CubeIDE_1.13.0\STM32CubeIDE\plugins\com.st.stm32cube.common.mx_6.9.0.202307051724\\db\/plugins/boardmanager/
2023-12-14 06:29:27,980 [INFO] ApiDb:261 - Set plugin images path to: C:\ST\STM32CubeIDE_1.13.0\STM32CubeIDE\plugins\com.st.stm32cube.common.mx_6.9.0.202307051724\\db\/plugins/mcufinder/images/
2023-12-14 06:29:27,981 [WARN] DbFile:41 - Overriding database path with different value: C:\Users\admin\.stmcufinder\plugins\mcufinder/ => C:\Users\admin\.stmcufinder\plugins\mcufinder
2023-12-14 06:29:27,981 [INFO] ApiDb:250 - Set database path to: C:\Users\admin\.stmcufinder\plugins\mcufinder//mcu/
2023-12-14 06:29:27,981 [WARN] DbFile:41 - Overriding database path with different value: C:\Users\admin\.stmcufinder\plugins\mcufinder/ => C:\Users\admin\.stmcufinder\plugins\mcufinder
2023-12-14 06:29:27,982 [INFO] DbMcusAds:125 - Set database path to: C:\Users\admin\.stmcufinder\plugins\mcufinder//mcu/
2023-12-14 06:29:27,982 [WARN] DbFile:41 - Overriding database path with different value: C:\Users\admin\.stmcufinder\plugins\mcufinder/ => C:\Users\admin\.stmcufinder\plugins\mcufinder
2023-12-14 06:29:27,982 [WARN] DbFile:41 - Overriding database path with different value: C:\Users\admin\.stmcufinder\plugins\mcufinder/ => C:\Users\admin\.stmcufinder\plugins\mcufinder
2023-12-14 06:29:28,678 [INFO] CrossReferenceDbSqlite:203 - Set database path to: C:\Users\admin\.stmcufinder\plugins\mcufinder//mcu/cs/
2023-12-14 06:29:28,704 [INFO] ApplicationProperties:184 - Using Application install path: C:\ST\STM32CubeIDE_1.13.0\STM32CubeIDE\plugins\com.st.stm32cube.common.mx_6.9.0.202307051724
2023-12-14 06:29:28,705 [INFO] PluginManage:196 - Search for loadable plugins [exclusion list=, ]
2023-12-14 06:29:28,707 [INFO] PluginManage:310 - Check plugin analytics
2023-12-14 06:29:29,786 [INFO] AnalyticsPlugin:253 - Accepted Software Licenses: STM32CubeMX.6.9.1
2023-12-14 06:29:29,786 [INFO] AnalyticsPlugin:255 - Accepted CMSIS Pack Licenses: 
2023-12-14 06:29:29,786 [INFO] AnalyticsPlugin:257 - Accepted Firmware Licenses: 
2023-12-14 06:29:29,793 [INFO] PluginManage:359 - Loaded plugin analytics (category:tool,tabindex:-1)
2023-12-14 06:29:29,794 [INFO] PluginManage:310 - Check plugin cadmodel
2023-12-14 06:29:29,804 [INFO] CADModel:105 - Init CAD model plugin
2023-12-14 06:29:29,804 [INFO] PluginManage:359 - Loaded plugin cadmodel (category:power,tabindex:5)
2023-12-14 06:29:29,804 [INFO] PluginManage:310 - Check plugin clock
2023-12-14 06:29:29,837 [INFO] PluginManage:359 - Loaded plugin clock (category:base,tabindex:2)
2023-12-14 06:29:29,838 [INFO] PluginManage:310 - Check plugin ddr
2023-12-14 06:29:29,839 [INFO] PluginManage:359 - Loaded plugin ddr (category:tool,tabindex:6)
2023-12-14 06:29:29,839 [INFO] PluginManage:310 - Check plugin filemanager
2023-12-14 06:29:30,161 [INFO] PluginManage:359 - Loaded plugin filemanager (category:base,tabindex:10)
2023-12-14 06:29:30,161 [INFO] PluginManage:310 - Check plugin ipmanager
2023-12-14 06:29:30,171 [INFO] PluginManage:359 - Loaded plugin ipmanager (category:base,tabindex:5)
2023-12-14 06:29:30,171 [INFO] PluginManage:310 - Check plugin lpbam
2023-12-14 06:29:30,190 [INFO] PluginManage:359 - Loaded plugin lpbam (category:base,tabindex:0)
2023-12-14 06:29:30,190 [INFO] PluginManage:310 - Check plugin memorymap
2023-12-14 06:29:30,219 [INFO] PluginManage:359 - Loaded plugin memorymap (category:base,tabindex:4)
2023-12-14 06:29:30,220 [INFO] PluginManage:310 - Check plugin pinoutandconfiguration
2023-12-14 06:29:30,239 [INFO] PluginManage:359 - Loaded plugin pinoutandconfiguration (category:base,tabindex:1)
2023-12-14 06:29:30,239 [INFO] PluginManage:310 - Check plugin pinoutconfig
2023-12-14 06:29:30,363 [WARN] SupportedApi:132 - Cannot load RTOS API schema: s4s-elt-must-match.1: The content of 'definitions' must match (annotation?, (simpleType | complexType)?, (unique | key | keyref)*)). A problem was found starting at: attribute.
2023-12-14 06:29:30,552 [INFO] PluginManage:359 - Loaded plugin pinoutconfig (category:base,tabindex:0)
2023-12-14 06:29:30,552 [INFO] PluginManage:310 - Check plugin power
2023-12-14 06:29:30,589 [INFO] PluginManage:359 - Loaded plugin power (category:power,tabindex:4)
2023-12-14 06:29:30,589 [INFO] PluginManage:310 - Check plugin projectmanager
2023-12-14 06:29:30,607 [INFO] PluginManage:359 - Loaded plugin projectmanager (category:projectmanager,tabindex:3)
2023-12-14 06:29:30,607 [INFO] PluginManage:310 - Check plugin thirdparty
2023-12-14 06:29:30,972 [INFO] PluginManage:359 - Loaded plugin thirdparty (category:base,tabindex:-1)
2023-12-14 06:29:30,972 [WARN] IntegrityCheckThread:84 - waiting for thirdparty lock release [integrity check]
2023-12-14 06:29:30,972 [INFO] PluginManage:310 - Check plugin tools
2023-12-14 06:29:30,972 [INFO] IntegrityCheckThread:86 - entering critical section [integrity check]
2023-12-14 06:29:30,973 [INFO] ThirdPartyUpdaterWithRetryManager:70 - Updater plugin not ready yet. [1/15]
2023-12-14 06:29:31,007 [INFO] PluginManage:359 - Loaded plugin tools (category:base,tabindex:7)
2023-12-14 06:29:31,008 [INFO] PluginManage:310 - Check plugin tutovideos
2023-12-14 06:29:31,239 [INFO] PluginManage:359 - Loaded plugin tutovideos (category:base,tabindex:-1)
2023-12-14 06:29:31,239 [INFO] PluginManage:310 - Check plugin updater
2023-12-14 06:29:31,257 [INFO] PluginManage:359 - Loaded plugin updater (category:base,tabindex:12)
2023-12-14 06:29:31,257 [INFO] PluginManage:310 - Check plugin userauth
2023-12-14 06:29:31,263 [INFO] UserAuth:113 - Init User Auth plugin
2023-12-14 06:29:31,263 [INFO] PluginManage:359 - Loaded plugin userauth (category:base,tabindex:14)
2023-12-14 06:29:31,264 [INFO] PluginManage:283 - PluginManage : Loaded plugins [17]
2023-12-14 06:29:31,521 [INFO] PinOutPanel:1499 - setPackage(No Configuration,No Configuration)
2023-12-14 06:29:31,684 [INFO] CADModel:165 - CPN selected for project level
2023-12-14 06:29:31,685 [INFO] CADModel:114 - Register for checkConnection events
2023-12-14 06:29:31,705 [INFO] IPUIPlugin:80 - create IPUIPlugin
2023-12-14 06:29:31,705 [INFO] PluginManager:220 - loadIPPluginJar : add adc
2023-12-14 06:29:31,753 [INFO] IPUIPlugin:80 - create IPUIPlugin
2023-12-14 06:29:31,753 [INFO] PluginManager:220 - loadIPPluginJar : add aes
2023-12-14 06:29:31,817 [INFO] IPUIPlugin:80 - create IPUIPlugin
2023-12-14 06:29:31,817 [INFO] PluginManager:220 - loadIPPluginJar : add can
2023-12-14 06:29:31,846 [INFO] IPUIPlugin:80 - create IPUIPlugin
2023-12-14 06:29:31,847 [INFO] PluginManager:220 - loadIPPluginJar : add comp
2023-12-14 06:29:31,896 [INFO] IPUIPlugin:80 - create IPUIPlugin
2023-12-14 06:29:31,896 [INFO] PluginManager:220 - loadIPPluginJar : add cryp
2023-12-14 06:29:31,935 [INFO] IPUIPlugin:80 - create IPUIPlugin
2023-12-14 06:29:31,935 [INFO] PluginManager:220 - loadIPPluginJar : add dfsdm
2023-12-14 06:29:31,956 [INFO] IPUIPlugin:80 - create IPUIPlugin
2023-12-14 06:29:31,956 [INFO] PluginManager:220 - loadIPPluginJar : add dma
2023-12-14 06:29:32,001 [INFO] IPUIPlugin:80 - create IPUIPlugin
2023-12-14 06:29:32,001 [INFO] PluginManager:220 - loadIPPluginJar : add dma3
2023-12-14 06:29:32,039 [INFO] IPUIPlugin:80 - create IPUIPlugin
2023-12-14 06:29:32,039 [INFO] PluginManager:220 - loadIPPluginJar : add fatfs
2023-12-14 06:29:32,085 [INFO] IPUIPlugin:80 - create IPUIPlugin
2023-12-14 06:29:32,085 [INFO] PluginManager:220 - loadIPPluginJar : add fmc
2023-12-14 06:29:32,102 [INFO] IPUIPlugin:80 - create IPUIPlugin
2023-12-14 06:29:32,102 [INFO] PluginManager:220 - loadIPPluginJar : add freertos
2023-12-14 06:29:32,133 [INFO] IPUIPlugin:80 - create IPUIPlugin
2023-12-14 06:29:32,133 [INFO] PluginManager:220 - loadIPPluginJar : add genericplugin
2023-12-14 06:29:32,234 [INFO] IPUIPlugin:80 - create IPUIPlugin
2023-12-14 06:29:32,234 [INFO] PluginManager:220 - loadIPPluginJar : add gfxmmu
2023-12-14 06:29:32,387 [INFO] IPUIPlugin:80 - create IPUIPlugin
2023-12-14 06:29:32,388 [INFO] PluginManager:220 - loadIPPluginJar : add gic
2023-12-14 06:29:32,401 [INFO] IPUIPlugin:80 - create IPUIPlugin
2023-12-14 06:29:32,401 [INFO] PluginManager:220 - loadIPPluginJar : add gpio
2023-12-14 06:29:32,524 [INFO] IPUIPlugin:80 - create IPUIPlugin
2023-12-14 06:29:32,525 [INFO] PluginManager:220 - loadIPPluginJar : add gtzc
2023-12-14 06:29:32,558 [INFO] IPUIPlugin:80 - create IPUIPlugin
2023-12-14 06:29:32,559 [INFO] PluginManager:220 - loadIPPluginJar : add hash
2023-12-14 06:29:32,601 [INFO] IPUIPlugin:80 - create IPUIPlugin
2023-12-14 06:29:32,601 [INFO] PluginManager:220 - loadIPPluginJar : add i2c
2023-12-14 06:29:32,650 [INFO] IPUIPlugin:80 - create IPUIPlugin
2023-12-14 06:29:32,650 [INFO] PluginManager:220 - loadIPPluginJar : add i2s
2023-12-14 06:29:32,697 [INFO] IPUIPlugin:80 - create IPUIPlugin
2023-12-14 06:29:32,697 [INFO] PluginManager:220 - loadIPPluginJar : add i3c
2023-12-14 06:29:32,806 [INFO] IPUIPlugin:80 - create IPUIPlugin
2023-12-14 06:29:32,806 [INFO] PluginManager:220 - loadIPPluginJar : add ipddr
2023-12-14 06:29:32,895 [INFO] IPUIPlugin:80 - create IPUIPlugin
2023-12-14 06:29:32,895 [INFO] PluginManager:220 - loadIPPluginJar : add linkedlist
2023-12-14 06:29:32,927 [INFO] IPUIPlugin:80 - create IPUIPlugin
2023-12-14 06:29:32,927 [INFO] PluginManager:220 - loadIPPluginJar : add lorawan
2023-12-14 06:29:32,973 [INFO] IPUIPlugin:80 - create IPUIPlugin
2023-12-14 06:29:32,973 [INFO] PluginManager:220 - loadIPPluginJar : add ltdc
2023-12-14 06:29:32,989 [INFO] IPUIPlugin:80 - create IPUIPlugin
2023-12-14 06:29:32,989 [INFO] PluginManager:220 - loadIPPluginJar : add mdma
2023-12-14 06:29:32,989 [INFO] IPUIPlugin:80 - create IPUIPlugin
2023-12-14 06:29:32,989 [INFO] PluginManager:220 - loadIPPluginJar : add nvic
2023-12-14 06:29:33,036 [INFO] IPUIPlugin:80 - create IPUIPlugin
2023-12-14 06:29:33,036 [INFO] PluginManager:220 - loadIPPluginJar : add opamp
2023-12-14 06:29:33,089 [INFO] IPUIPlugin:80 - create IPUIPlugin
2023-12-14 06:29:33,089 [INFO] PluginManager:220 - loadIPPluginJar : add openamp
2023-12-14 06:29:33,120 [INFO] IPUIPlugin:80 - create IPUIPlugin
2023-12-14 06:29:33,120 [INFO] PluginManager:220 - loadIPPluginJar : add pdm2pcm
2023-12-14 06:29:33,136 [INFO] IPUIPlugin:80 - create IPUIPlugin
2023-12-14 06:29:33,136 [INFO] PluginManager:220 - loadIPPluginJar : add plateformsettings
2023-12-14 06:29:33,167 [INFO] IPUIPlugin:80 - create IPUIPlugin
2023-12-14 06:29:33,167 [INFO] PluginManager:220 - loadIPPluginJar : add quadspi
2023-12-14 06:29:33,167 [INFO] IPUIPlugin:80 - create IPUIPlugin
2023-12-14 06:29:33,182 [INFO] PluginManager:220 - loadIPPluginJar : add resmgrutility
2023-12-14 06:29:33,229 [INFO] IPUIPlugin:80 - create IPUIPlugin
2023-12-14 06:29:33,229 [INFO] PluginManager:220 - loadIPPluginJar : add sai
2023-12-14 06:29:33,261 [INFO] IPUIPlugin:80 - create IPUIPlugin
2023-12-14 06:29:33,261 [INFO] PluginManager:220 - loadIPPluginJar : add spi
2023-12-14 06:29:33,323 [INFO] IPUIPlugin:80 - create IPUIPlugin
2023-12-14 06:29:33,323 [INFO] PluginManager:220 - loadIPPluginJar : add stm32_wpan
2023-12-14 06:29:33,339 [INFO] IPUIPlugin:80 - create IPUIPlugin
2023-12-14 06:29:33,339 [INFO] PluginManager:220 - loadIPPluginJar : add tim
2023-12-14 06:29:33,401 [INFO] IPUIPlugin:80 - create IPUIPlugin
2023-12-14 06:29:33,401 [INFO] PluginManager:220 - loadIPPluginJar : add touchsensing
2023-12-14 06:29:33,417 [INFO] IPUIPlugin:80 - create IPUIPlugin
2023-12-14 06:29:33,417 [INFO] PluginManager:220 - loadIPPluginJar : add tracer_emb
2023-12-14 06:29:33,448 [INFO] IPUIPlugin:80 - create IPUIPlugin
2023-12-14 06:29:33,448 [INFO] PluginManager:220 - loadIPPluginJar : add ts
2023-12-14 06:29:33,464 [INFO] IPUIPlugin:80 - create IPUIPlugin
2023-12-14 06:29:33,464 [INFO] PluginManager:220 - loadIPPluginJar : add tsc
2023-12-14 06:29:33,495 [INFO] IPUIPlugin:80 - create IPUIPlugin
2023-12-14 06:29:33,495 [INFO] PluginManager:220 - loadIPPluginJar : add ucpd
2023-12-14 06:29:33,526 [INFO] IPUIPlugin:80 - create IPUIPlugin
2023-12-14 06:29:33,526 [INFO] PluginManager:220 - loadIPPluginJar : add usart
2023-12-14 06:29:33,573 [INFO] IPUIPlugin:80 - create IPUIPlugin
2023-12-14 06:29:33,573 [INFO] PluginManager:220 - loadIPPluginJar : add usbx
2023-12-14 06:29:33,707 [INFO] CADModel:165 - CPN selected for project level
2023-12-14 06:29:33,707 [INFO] CADModel:114 - Register for checkConnection events
2023-12-14 06:29:33,707 [FATAL] Updater:308 - Updater called before beeing initialized
2023-12-14 06:29:33,707 [ERROR] CADModel:125 - Updater not yet initialized, retry later 
2023-12-14 06:29:33,892 [INFO] CADModel:165 - CPN selected for project level
2023-12-14 06:29:33,892 [INFO] CADModel:114 - Register for checkConnection events
2023-12-14 06:29:33,892 [FATAL] Updater:308 - Updater called before beeing initialized
2023-12-14 06:29:33,892 [ERROR] CADModel:125 - Updater not yet initialized, retry later 
2023-12-14 06:29:33,892 [FATAL] Updater:308 - Updater called before beeing initialized
2023-12-14 06:29:33,986 [INFO] ThirdPartyUpdaterWithRetryManager:70 - Updater plugin not ready yet. [2/15]
2023-12-14 06:29:34,017 [FATAL] Updater:308 - Updater called before beeing initialized
2023-12-14 06:29:34,033 [INFO] DbMcusAds:53 - JSON generation date=Tue Mar 07 15:50:55 ICT 2023 (1678179055335)
2023-12-14 06:29:34,033 [FATAL] Updater:308 - Updater called before beeing initialized
2023-12-14 06:29:34,064 [WARN] DetailPanel:346 - Failed to get advertising image, set to default
2023-12-14 06:29:34,173 [FATAL] Updater:308 - Updater called before beeing initialized
2023-12-14 06:29:34,173 [FATAL] Updater:308 - Updater called before beeing initialized
2023-12-14 06:29:34,173 [FATAL] Updater:308 - Updater called before beeing initialized
2023-12-14 06:29:34,173 [WARN] DetailPanel:346 - Failed to get advertising image, set to default
2023-12-14 06:29:34,173 [FATAL] Updater:308 - Updater called before beeing initialized
2023-12-14 06:29:34,245 [ERROR] Updater:1120 - MainUpdater not yet initialized. External WinMGr cannot be set.
2023-12-14 06:29:34,260 [INFO] Updater:1056 - Updater Version found : 6.9.0
2023-12-14 06:29:34,276 [INFO] ApplicationProperties:184 - Using Application install path: C:\ST\STM32CubeIDE_1.13.0\STM32CubeIDE\plugins\com.st.stm32cube.common.mx_6.9.0.202307051724
2023-12-14 06:29:34,588 [INFO] MainUpdater:2868 - connection check result : 10
2023-12-14 06:29:34,604 [INFO] MainUpdater:3562 - Updater definition file requires update
2023-12-14 06:29:34,604 [INFO] MainUpdater:285 - Updater Check For Update Now.
2023-12-14 06:29:34,604 [INFO] MicroXplorer:498 - Change Database Version : DB.6.0.90
2023-12-14 06:29:34,614 [INFO] McuFinderGlobals:63 - Set McuFinder mode to 2 (CubeIDE integrated)
2023-12-14 06:29:34,614 [INFO] UserAuth:179 - activating auth plugin
2023-12-14 06:29:34,626 [INFO] UserAuth:393 - Internet connection configuration mode: 1
2023-12-14 06:29:34,658 [INFO] JxBrowserEngine:151 - Initiate JxBrowser Engine with user profile folder
2023-12-14 06:29:34,845 [INFO] ServerAccessManage:473 - Download File updaters.zip
2023-12-14 06:29:35,126 [INFO] FileExtend:240 - Unzip File : updaters.zip
2023-12-14 06:29:35,126 [INFO] FileExtend:255 - Standard Zip Deflate
2023-12-14 06:29:35,798 [INFO] ServerAccessManage:473 - Download File PacksControlFlags.xml
2023-12-14 06:29:37,002 [WARN] MainUpdater:1189 - Updater busy. Cannot search thirdparties
2023-12-14 06:29:37,002 [INFO] ThirdPartyUpdaterWithRetryManager:96 - Updater plugin is busy. [1/15]
2023-12-14 06:29:37,033 [INFO] ServerAccessManage:473 - Download File cubemx.pidx
2023-12-14 06:29:37,736 [INFO] ServerAccessManage:473 - Download File STMicroelectronics.FP-SNS-MOTENVWB1.pdsc
2023-12-14 06:29:38,413 [INFO] WebApp:157 - Instantiating new browser for Auth
2023-12-14 06:29:39,332 [INFO] WebApp:753 - Register for checkConnection events
2023-12-14 06:29:39,332 [INFO] WebApp:390 - Apply proxy settings
2023-12-14 06:29:39,332 [INFO] WebApp:475 - Chromium requires no authentication
2023-12-14 06:29:39,363 [INFO] WebApp:418 - Direct internet connection detected
2023-12-14 06:29:39,473 [INFO] ServerAccessManage:473 - Download File STMicroelectronics.X-CUBE-ISPU.pdsc
2023-12-14 06:29:39,631 [INFO] WebApp:188 - Starting web application
2023-12-14 06:29:39,631 [INFO] WebApp:520 - Web application path used C:\ST\STM32CubeIDE_1.13.0\STM32CubeIDE\plugins\com.st.stm32cube.common.mx_6.9.0.202307051724\db\plugins\mcufinder\reactClient1\index.html
2023-12-14 06:29:40,008 [WARN] MainUpdater:1189 - Updater busy. Cannot search thirdparties
2023-12-14 06:29:40,008 [INFO] ThirdPartyUpdaterWithRetryManager:96 - Updater plugin is busy. [2/15]
2023-12-14 06:29:41,155 [INFO] ServerAccessManage:473 - Download File STMicroelectronics.X-CUBE-TOF1.pdsc
2023-12-14 06:29:42,295 [ERROR] LogOutputStream:75 - [STDERR_REDIRECT] 
