2023-11-11 09:56:50,782 [INFO] Activator:176 - 


2023-11-11 09:56:50,807 [INFO] Activator:177 - !SESSION log4j initialized
2023-11-11 09:57:02,026 [INFO] LogOutputStream:77 - [STDOUT_REDIRECT] 
2023-11-11 09:57:07,210 [INFO] ApplicationProperties:184 - Using Application install path: C:\ST\STM32CubeIDE_1.13.0\STM32CubeIDE\plugins\com.st.stm32cube.common.mx_6.9.0.202307051724
2023-11-11 09:57:07,244 [INFO] DbMcusXml:78 - Set database path to: C:\ST\STM32CubeIDE_1.13.0\STM32CubeIDE\plugins\com.st.stm32cube.common.mx_6.9.0.202307051724\\db\/mcu/
2023-11-11 09:57:07,244 [INFO] ApiDb:274 - Set plugin database path to: C:\ST\STM32CubeIDE_1.13.0\STM32CubeIDE\plugins\com.st.stm32cube.common.mx_6.9.0.202307051724\\db\/plugins/boardmanager/
2023-11-11 09:57:07,245 [WARN] ApiDb:259 - Overriding images path with different value:  => C:\ST\STM32CubeIDE_1.13.0\STM32CubeIDE\plugins\com.st.stm32cube.common.mx_6.9.0.202307051724\\db\/plugins/mcufinder/images/
2023-11-11 09:57:07,280 [INFO] ApiDb:250 - Set database path to: C:\Users\admin\.stmcufinder\plugins\mcufinder//mcu/
2023-11-11 09:57:07,286 [INFO] DbMcusAds:125 - Set database path to: C:\Users\admin\.stmcufinder\plugins\mcufinder//mcu/
2023-11-11 09:57:07,938 [INFO] CrossReferenceDbSqlite:203 - Set database path to: C:\Users\admin\.stmcufinder\plugins\mcufinder//mcu/cs/
2023-11-11 09:57:08,140 [INFO] RulesReader:64 - Compatibility file has been processed (293 Rules)
2023-11-11 09:57:08,305 [INFO] DbMcusXml:78 - Set database path to: C:\ST\STM32CubeIDE_1.13.0\STM32CubeIDE\plugins\com.st.stm32cube.common.mx_6.9.0.202307051724\\db\/mcu/
2023-11-11 09:57:08,306 [INFO] ApiDb:274 - Set plugin database path to: C:\ST\STM32CubeIDE_1.13.0\STM32CubeIDE\plugins\com.st.stm32cube.common.mx_6.9.0.202307051724\\db\/plugins/boardmanager/
2023-11-11 09:57:08,306 [INFO] ApiDb:261 - Set plugin images path to: C:\ST\STM32CubeIDE_1.13.0\STM32CubeIDE\plugins\com.st.stm32cube.common.mx_6.9.0.202307051724\\db\/plugins/mcufinder/images/
2023-11-11 09:57:08,306 [WARN] DbFile:41 - Overriding database path with different value: C:\Users\admin\.stmcufinder\plugins\mcufinder/ => C:\Users\admin\.stmcufinder\plugins\mcufinder
2023-11-11 09:57:08,306 [INFO] ApiDb:250 - Set database path to: C:\Users\admin\.stmcufinder\plugins\mcufinder//mcu/
2023-11-11 09:57:08,306 [WARN] DbFile:41 - Overriding database path with different value: C:\Users\admin\.stmcufinder\plugins\mcufinder/ => C:\Users\admin\.stmcufinder\plugins\mcufinder
2023-11-11 09:57:08,307 [INFO] DbMcusAds:125 - Set database path to: C:\Users\admin\.stmcufinder\plugins\mcufinder//mcu/
2023-11-11 09:57:08,307 [WARN] DbFile:41 - Overriding database path with different value: C:\Users\admin\.stmcufinder\plugins\mcufinder/ => C:\Users\admin\.stmcufinder\plugins\mcufinder
2023-11-11 09:57:08,307 [WARN] DbFile:41 - Overriding database path with different value: C:\Users\admin\.stmcufinder\plugins\mcufinder/ => C:\Users\admin\.stmcufinder\plugins\mcufinder
2023-11-11 09:57:08,931 [INFO] CrossReferenceDbSqlite:203 - Set database path to: C:\Users\admin\.stmcufinder\plugins\mcufinder//mcu/cs/
2023-11-11 09:57:09,042 [INFO] MainPanel:262 - HeapMemory: 268435456
2023-11-11 09:57:09,193 [INFO] DbMcusXml:78 - Set database path to: C:\ST\STM32CubeIDE_1.13.0\STM32CubeIDE\plugins\com.st.stm32cube.common.mx_6.9.0.202307051724\\db\/mcu/
2023-11-11 09:57:09,193 [INFO] ApiDb:274 - Set plugin database path to: C:\ST\STM32CubeIDE_1.13.0\STM32CubeIDE\plugins\com.st.stm32cube.common.mx_6.9.0.202307051724\\db\/plugins/boardmanager/
2023-11-11 09:57:09,194 [INFO] ApiDb:261 - Set plugin images path to: C:\ST\STM32CubeIDE_1.13.0\STM32CubeIDE\plugins\com.st.stm32cube.common.mx_6.9.0.202307051724\\db\/plugins/mcufinder/images/
2023-11-11 09:57:09,194 [WARN] DbFile:41 - Overriding database path with different value: C:\Users\admin\.stmcufinder\plugins\mcufinder/ => C:\Users\admin\.stmcufinder\plugins\mcufinder
2023-11-11 09:57:09,194 [INFO] ApiDb:250 - Set database path to: C:\Users\admin\.stmcufinder\plugins\mcufinder//mcu/
2023-11-11 09:57:09,194 [WARN] DbFile:41 - Overriding database path with different value: C:\Users\admin\.stmcufinder\plugins\mcufinder/ => C:\Users\admin\.stmcufinder\plugins\mcufinder
2023-11-11 09:57:09,194 [INFO] DbMcusAds:125 - Set database path to: C:\Users\admin\.stmcufinder\plugins\mcufinder//mcu/
2023-11-11 09:57:09,195 [WARN] DbFile:41 - Overriding database path with different value: C:\Users\admin\.stmcufinder\plugins\mcufinder/ => C:\Users\admin\.stmcufinder\plugins\mcufinder
2023-11-11 09:57:09,195 [WARN] DbFile:41 - Overriding database path with different value: C:\Users\admin\.stmcufinder\plugins\mcufinder/ => C:\Users\admin\.stmcufinder\plugins\mcufinder
2023-11-11 09:57:09,932 [INFO] CrossReferenceDbSqlite:203 - Set database path to: C:\Users\admin\.stmcufinder\plugins\mcufinder//mcu/cs/
2023-11-11 09:57:09,959 [INFO] ApplicationProperties:184 - Using Application install path: C:\ST\STM32CubeIDE_1.13.0\STM32CubeIDE\plugins\com.st.stm32cube.common.mx_6.9.0.202307051724
2023-11-11 09:57:09,960 [INFO] PluginManage:196 - Search for loadable plugins [exclusion list=, ]
2023-11-11 09:57:09,962 [INFO] PluginManage:310 - Check plugin analytics
2023-11-11 09:57:11,120 [INFO] AnalyticsPlugin:253 - Accepted Software Licenses: STM32CubeMX.6.9.1
2023-11-11 09:57:11,130 [INFO] AnalyticsPlugin:255 - Accepted CMSIS Pack Licenses: 
2023-11-11 09:57:11,130 [INFO] AnalyticsPlugin:257 - Accepted Firmware Licenses: 
2023-11-11 09:57:11,154 [INFO] PluginManage:359 - Loaded plugin analytics (category:tool,tabindex:-1)
2023-11-11 09:57:11,155 [INFO] PluginManage:310 - Check plugin cadmodel
2023-11-11 09:57:11,187 [INFO] CADModel:105 - Init CAD model plugin
2023-11-11 09:57:11,187 [INFO] PluginManage:359 - Loaded plugin cadmodel (category:power,tabindex:5)
2023-11-11 09:57:11,187 [INFO] PluginManage:310 - Check plugin clock
2023-11-11 09:57:11,216 [INFO] PluginManage:359 - Loaded plugin clock (category:base,tabindex:2)
2023-11-11 09:57:11,216 [INFO] PluginManage:310 - Check plugin ddr
2023-11-11 09:57:11,222 [INFO] PluginManage:359 - Loaded plugin ddr (category:tool,tabindex:6)
2023-11-11 09:57:11,222 [INFO] PluginManage:310 - Check plugin filemanager
2023-11-11 09:57:11,548 [INFO] PluginManage:359 - Loaded plugin filemanager (category:base,tabindex:10)
2023-11-11 09:57:11,548 [INFO] PluginManage:310 - Check plugin ipmanager
2023-11-11 09:57:11,556 [INFO] PluginManage:359 - Loaded plugin ipmanager (category:base,tabindex:5)
2023-11-11 09:57:11,556 [INFO] PluginManage:310 - Check plugin lpbam
2023-11-11 09:57:11,574 [INFO] PluginManage:359 - Loaded plugin lpbam (category:base,tabindex:0)
2023-11-11 09:57:11,574 [INFO] PluginManage:310 - Check plugin memorymap
2023-11-11 09:57:11,598 [INFO] PluginManage:359 - Loaded plugin memorymap (category:base,tabindex:4)
2023-11-11 09:57:11,598 [INFO] PluginManage:310 - Check plugin pinoutandconfiguration
2023-11-11 09:57:11,614 [INFO] PluginManage:359 - Loaded plugin pinoutandconfiguration (category:base,tabindex:1)
2023-11-11 09:57:11,614 [INFO] PluginManage:310 - Check plugin pinoutconfig
2023-11-11 09:57:11,729 [WARN] SupportedApi:132 - Cannot load RTOS API schema: s4s-elt-must-match.1: The content of 'definitions' must match (annotation?, (simpleType | complexType)?, (unique | key | keyref)*)). A problem was found starting at: attribute.
2023-11-11 09:57:11,913 [INFO] PluginManage:359 - Loaded plugin pinoutconfig (category:base,tabindex:0)
2023-11-11 09:57:11,913 [INFO] PluginManage:310 - Check plugin power
2023-11-11 09:57:11,939 [INFO] PluginManage:359 - Loaded plugin power (category:power,tabindex:4)
2023-11-11 09:57:11,939 [INFO] PluginManage:310 - Check plugin projectmanager
2023-11-11 09:57:11,957 [INFO] PluginManage:359 - Loaded plugin projectmanager (category:projectmanager,tabindex:3)
2023-11-11 09:57:11,957 [INFO] PluginManage:310 - Check plugin thirdparty
2023-11-11 09:57:12,342 [INFO] PluginManage:359 - Loaded plugin thirdparty (category:base,tabindex:-1)
2023-11-11 09:57:12,342 [WARN] IntegrityCheckThread:84 - waiting for thirdparty lock release [integrity check]
2023-11-11 09:57:12,342 [INFO] PluginManage:310 - Check plugin tools
2023-11-11 09:57:12,342 [INFO] IntegrityCheckThread:86 - entering critical section [integrity check]
2023-11-11 09:57:12,343 [INFO] ThirdPartyUpdaterWithRetryManager:70 - Updater plugin not ready yet. [1/15]
2023-11-11 09:57:12,378 [INFO] PluginManage:359 - Loaded plugin tools (category:base,tabindex:7)
2023-11-11 09:57:12,378 [INFO] PluginManage:310 - Check plugin tutovideos
2023-11-11 09:57:12,630 [INFO] PluginManage:359 - Loaded plugin tutovideos (category:base,tabindex:-1)
2023-11-11 09:57:12,630 [INFO] PluginManage:310 - Check plugin updater
2023-11-11 09:57:12,645 [INFO] PluginManage:359 - Loaded plugin updater (category:base,tabindex:12)
2023-11-11 09:57:12,645 [INFO] PluginManage:310 - Check plugin userauth
2023-11-11 09:57:12,652 [INFO] UserAuth:113 - Init User Auth plugin
2023-11-11 09:57:12,652 [INFO] PluginManage:359 - Loaded plugin userauth (category:base,tabindex:14)
2023-11-11 09:57:12,652 [INFO] PluginManage:283 - PluginManage : Loaded plugins [17]
2023-11-11 09:57:12,950 [INFO] PinOutPanel:1499 - setPackage(No Configuration,No Configuration)
2023-11-11 09:57:13,122 [INFO] CADModel:165 - CPN selected for project level
2023-11-11 09:57:13,122 [INFO] CADModel:114 - Register for checkConnection events
2023-11-11 09:57:13,154 [INFO] IPUIPlugin:80 - create IPUIPlugin
2023-11-11 09:57:13,154 [INFO] PluginManager:220 - loadIPPluginJar : add adc
2023-11-11 09:57:13,192 [INFO] IPUIPlugin:80 - create IPUIPlugin
2023-11-11 09:57:13,192 [INFO] PluginManager:220 - loadIPPluginJar : add aes
2023-11-11 09:57:13,237 [INFO] IPUIPlugin:80 - create IPUIPlugin
2023-11-11 09:57:13,237 [INFO] PluginManager:220 - loadIPPluginJar : add can
2023-11-11 09:57:13,264 [INFO] IPUIPlugin:80 - create IPUIPlugin
2023-11-11 09:57:13,264 [INFO] PluginManager:220 - loadIPPluginJar : add comp
2023-11-11 09:57:13,304 [INFO] IPUIPlugin:80 - create IPUIPlugin
2023-11-11 09:57:13,305 [INFO] PluginManager:220 - loadIPPluginJar : add cryp
2023-11-11 09:57:13,340 [INFO] IPUIPlugin:80 - create IPUIPlugin
2023-11-11 09:57:13,342 [INFO] PluginManager:220 - loadIPPluginJar : add dfsdm
2023-11-11 09:57:13,360 [INFO] IPUIPlugin:80 - create IPUIPlugin
2023-11-11 09:57:13,361 [INFO] PluginManager:220 - loadIPPluginJar : add dma
2023-11-11 09:57:13,411 [INFO] IPUIPlugin:80 - create IPUIPlugin
2023-11-11 09:57:13,411 [INFO] PluginManager:220 - loadIPPluginJar : add dma3
2023-11-11 09:57:13,431 [INFO] IPUIPlugin:80 - create IPUIPlugin
2023-11-11 09:57:13,431 [INFO] PluginManager:220 - loadIPPluginJar : add fatfs
2023-11-11 09:57:13,484 [INFO] IPUIPlugin:80 - create IPUIPlugin
2023-11-11 09:57:13,484 [INFO] PluginManager:220 - loadIPPluginJar : add fmc
2023-11-11 09:57:13,500 [INFO] IPUIPlugin:80 - create IPUIPlugin
2023-11-11 09:57:13,501 [INFO] PluginManager:220 - loadIPPluginJar : add freertos
2023-11-11 09:57:13,522 [INFO] IPUIPlugin:80 - create IPUIPlugin
2023-11-11 09:57:13,522 [INFO] PluginManager:220 - loadIPPluginJar : add genericplugin
2023-11-11 09:57:13,620 [INFO] IPUIPlugin:80 - create IPUIPlugin
2023-11-11 09:57:13,620 [INFO] PluginManager:220 - loadIPPluginJar : add gfxmmu
2023-11-11 09:57:13,754 [INFO] IPUIPlugin:80 - create IPUIPlugin
2023-11-11 09:57:13,755 [INFO] PluginManager:220 - loadIPPluginJar : add gic
2023-11-11 09:57:13,767 [INFO] IPUIPlugin:80 - create IPUIPlugin
2023-11-11 09:57:13,767 [INFO] PluginManager:220 - loadIPPluginJar : add gpio
2023-11-11 09:57:13,857 [INFO] IPUIPlugin:80 - create IPUIPlugin
2023-11-11 09:57:13,857 [INFO] PluginManager:220 - loadIPPluginJar : add gtzc
2023-11-11 09:57:13,888 [INFO] IPUIPlugin:80 - create IPUIPlugin
2023-11-11 09:57:13,888 [INFO] PluginManager:220 - loadIPPluginJar : add hash
2023-11-11 09:57:13,943 [INFO] IPUIPlugin:80 - create IPUIPlugin
2023-11-11 09:57:13,943 [INFO] PluginManager:220 - loadIPPluginJar : add i2c
2023-11-11 09:57:13,982 [INFO] IPUIPlugin:80 - create IPUIPlugin
2023-11-11 09:57:13,982 [INFO] PluginManager:220 - loadIPPluginJar : add i2s
2023-11-11 09:57:14,022 [INFO] IPUIPlugin:80 - create IPUIPlugin
2023-11-11 09:57:14,023 [INFO] PluginManager:220 - loadIPPluginJar : add i3c
2023-11-11 09:57:14,131 [INFO] IPUIPlugin:80 - create IPUIPlugin
2023-11-11 09:57:14,132 [INFO] PluginManager:220 - loadIPPluginJar : add ipddr
2023-11-11 09:57:14,272 [INFO] IPUIPlugin:80 - create IPUIPlugin
2023-11-11 09:57:14,272 [INFO] PluginManager:220 - loadIPPluginJar : add linkedlist
2023-11-11 09:57:14,309 [INFO] IPUIPlugin:80 - create IPUIPlugin
2023-11-11 09:57:14,309 [INFO] PluginManager:220 - loadIPPluginJar : add lorawan
2023-11-11 09:57:14,346 [INFO] IPUIPlugin:80 - create IPUIPlugin
2023-11-11 09:57:14,347 [INFO] PluginManager:220 - loadIPPluginJar : add ltdc
2023-11-11 09:57:14,362 [INFO] IPUIPlugin:80 - create IPUIPlugin
2023-11-11 09:57:14,363 [INFO] PluginManager:220 - loadIPPluginJar : add mdma
2023-11-11 09:57:14,375 [INFO] IPUIPlugin:80 - create IPUIPlugin
2023-11-11 09:57:14,375 [INFO] PluginManager:220 - loadIPPluginJar : add nvic
2023-11-11 09:57:14,413 [INFO] IPUIPlugin:80 - create IPUIPlugin
2023-11-11 09:57:14,413 [INFO] PluginManager:220 - loadIPPluginJar : add opamp
2023-11-11 09:57:14,485 [INFO] IPUIPlugin:80 - create IPUIPlugin
2023-11-11 09:57:14,486 [INFO] PluginManager:220 - loadIPPluginJar : add openamp
2023-11-11 09:57:14,533 [INFO] IPUIPlugin:80 - create IPUIPlugin
2023-11-11 09:57:14,534 [INFO] PluginManager:220 - loadIPPluginJar : add pdm2pcm
2023-11-11 09:57:14,549 [INFO] IPUIPlugin:80 - create IPUIPlugin
2023-11-11 09:57:14,552 [INFO] PluginManager:220 - loadIPPluginJar : add plateformsettings
2023-11-11 09:57:14,575 [INFO] IPUIPlugin:80 - create IPUIPlugin
2023-11-11 09:57:14,575 [INFO] PluginManager:220 - loadIPPluginJar : add quadspi
2023-11-11 09:57:14,588 [INFO] IPUIPlugin:80 - create IPUIPlugin
2023-11-11 09:57:14,588 [INFO] PluginManager:220 - loadIPPluginJar : add resmgrutility
2023-11-11 09:57:14,641 [INFO] IPUIPlugin:80 - create IPUIPlugin
2023-11-11 09:57:14,641 [INFO] PluginManager:220 - loadIPPluginJar : add sai
2023-11-11 09:57:14,679 [INFO] IPUIPlugin:80 - create IPUIPlugin
2023-11-11 09:57:14,679 [INFO] PluginManager:220 - loadIPPluginJar : add spi
2023-11-11 09:57:14,752 [INFO] IPUIPlugin:80 - create IPUIPlugin
2023-11-11 09:57:14,752 [INFO] PluginManager:220 - loadIPPluginJar : add stm32_wpan
2023-11-11 09:57:14,780 [INFO] IPUIPlugin:80 - create IPUIPlugin
2023-11-11 09:57:14,780 [INFO] PluginManager:220 - loadIPPluginJar : add tim
2023-11-11 09:57:14,851 [INFO] IPUIPlugin:80 - create IPUIPlugin
2023-11-11 09:57:14,852 [INFO] PluginManager:220 - loadIPPluginJar : add touchsensing
2023-11-11 09:57:14,878 [INFO] IPUIPlugin:80 - create IPUIPlugin
2023-11-11 09:57:14,878 [INFO] PluginManager:220 - loadIPPluginJar : add tracer_emb
2023-11-11 09:57:14,907 [INFO] IPUIPlugin:80 - create IPUIPlugin
2023-11-11 09:57:14,907 [INFO] PluginManager:220 - loadIPPluginJar : add ts
2023-11-11 09:57:14,936 [INFO] IPUIPlugin:80 - create IPUIPlugin
2023-11-11 09:57:14,937 [INFO] PluginManager:220 - loadIPPluginJar : add tsc
2023-11-11 09:57:14,974 [INFO] IPUIPlugin:80 - create IPUIPlugin
2023-11-11 09:57:14,974 [INFO] PluginManager:220 - loadIPPluginJar : add ucpd
2023-11-11 09:57:15,044 [INFO] IPUIPlugin:80 - create IPUIPlugin
2023-11-11 09:57:15,044 [INFO] PluginManager:220 - loadIPPluginJar : add usart
2023-11-11 09:57:15,133 [INFO] IPUIPlugin:80 - create IPUIPlugin
2023-11-11 09:57:15,135 [INFO] PluginManager:220 - loadIPPluginJar : add usbx
2023-11-11 09:57:15,343 [INFO] ThirdPartyUpdaterWithRetryManager:70 - Updater plugin not ready yet. [2/15]
2023-11-11 09:57:15,357 [INFO] CADModel:165 - CPN selected for project level
2023-11-11 09:57:15,358 [INFO] CADModel:114 - Register for checkConnection events
2023-11-11 09:57:15,358 [FATAL] Updater:308 - Updater called before beeing initialized
2023-11-11 09:57:15,358 [ERROR] CADModel:125 - Updater not yet initialized, retry later 
2023-11-11 09:57:15,630 [INFO] CADModel:165 - CPN selected for project level
2023-11-11 09:57:15,630 [INFO] CADModel:114 - Register for checkConnection events
2023-11-11 09:57:15,630 [FATAL] Updater:308 - Updater called before beeing initialized
2023-11-11 09:57:15,630 [ERROR] CADModel:125 - Updater not yet initialized, retry later 
2023-11-11 09:57:15,641 [FATAL] Updater:308 - Updater called before beeing initialized
2023-11-11 09:57:15,876 [FATAL] Updater:308 - Updater called before beeing initialized
2023-11-11 09:57:15,896 [INFO] DbMcusAds:53 - JSON generation date=Tue Mar 07 15:50:55 ICT 2023 (1678179055335)
2023-11-11 09:57:15,897 [FATAL] Updater:308 - Updater called before beeing initialized
2023-11-11 09:57:15,983 [WARN] DetailPanel:346 - Failed to get advertising image, set to default
2023-11-11 09:57:16,206 [FATAL] Updater:308 - Updater called before beeing initialized
2023-11-11 09:57:16,210 [FATAL] Updater:308 - Updater called before beeing initialized
2023-11-11 09:57:16,211 [FATAL] Updater:308 - Updater called before beeing initialized
2023-11-11 09:57:16,211 [WARN] DetailPanel:346 - Failed to get advertising image, set to default
2023-11-11 09:57:16,212 [FATAL] Updater:308 - Updater called before beeing initialized
2023-11-11 09:57:16,368 [ERROR] Updater:1120 - MainUpdater not yet initialized. External WinMGr cannot be set.
2023-11-11 09:57:16,391 [INFO] Updater:1056 - Updater Version found : 6.9.0
2023-11-11 09:57:16,425 [INFO] ApplicationProperties:184 - Using Application install path: C:\ST\STM32CubeIDE_1.13.0\STM32CubeIDE\plugins\com.st.stm32cube.common.mx_6.9.0.202307051724
2023-11-11 09:57:16,776 [INFO] MainUpdater:2868 - connection check result : 10
2023-11-11 09:57:16,777 [INFO] MainUpdater:285 - Updater Check For Update Now.
2023-11-11 09:57:16,778 [INFO] MicroXplorer:498 - Change Database Version : DB.6.0.90
2023-11-11 09:57:16,824 [INFO] McuFinderGlobals:63 - Set McuFinder mode to 2 (CubeIDE integrated)
2023-11-11 09:57:16,825 [INFO] UserAuth:179 - activating auth plugin
2023-11-11 09:57:16,833 [INFO] UserAuth:393 - Internet connection configuration mode: 1
2023-11-11 09:57:16,976 [INFO] JxBrowserEngine:151 - Initiate JxBrowser Engine with user profile folder
2023-11-11 09:57:17,332 [INFO] CheckServerUpdateThread:120 - End of CheckServer Thread
2023-11-11 09:57:18,834 [WARN] PackLoader:240 - Cannot read IP mode file for STMicroelectronics.X-CUBE-SMBUS.2.1.0
2023-11-11 09:57:18,956 [WARN] PackLoader:240 - Cannot read IP mode file for STMicroelectronics.X-CUBE-AZRTOS-F7.1.1.0
2023-11-11 09:57:19,008 [WARN] PackLoader:240 - Cannot read IP mode file for STMicroelectronics.FP-SNS-MOTENV1.4.3.2
2023-11-11 09:57:19,062 [WARN] PackLoader:240 - Cannot read IP mode file for STMicroelectronics.X-CUBE-BLE1.6.2.4
2023-11-11 09:57:19,092 [WARN] PackLoader:240 - Cannot read IP mode file for STMicroelectronics.FP-SNS-FLIGHT1.5.0.2
2023-11-11 09:57:19,123 [WARN] PackLoader:240 - Cannot read IP mode file for STMicroelectronics.X-CUBE-BLE1.7.0.0
2023-11-11 09:57:19,154 [WARN] PackLoader:240 - Cannot read IP mode file for STMicroelectronics.X-CUBE-TOUCHGFX.4.22.0
2023-11-11 09:57:19,176 [WARN] PackLoader:240 - Cannot read IP mode file for STMicroelectronics.X-CUBE-TOUCHGFX.4.22.1
2023-11-11 09:57:19,407 [WARN] PackLoader:240 - Cannot read IP mode file for STMicroelectronics.X-CUBE-MEMS1.9.3.0
2023-11-11 09:57:19,871 [WARN] PackLoader:240 - Cannot read IP mode file for STMicroelectronics.FP-SNS-SMARTAG2.1.2.0
2023-11-11 09:57:19,926 [INFO] LogOutputStream:77 - [STDOUT_REDIRECT] 1 : Invalid condition id : UX_CORESTACK_Condition cause : null
2023-11-11 09:57:19,927 [INFO] LogOutputStream:77 - [STDOUT_REDIRECT] 1 : Invalid condition id : UX_CORESTACK_Condition cause : null
2023-11-11 09:57:19,956 [INFO] LogOutputStream:77 - [STDOUT_REDIRECT] 1 : Invalid condition id : UX_CORESTACK_Condition cause : null
2023-11-11 09:57:19,958 [INFO] LogOutputStream:77 - [STDOUT_REDIRECT] 1 : Invalid condition id : UX_CORESTACK_Condition cause : null
2023-11-11 09:57:19,963 [INFO] LogOutputStream:77 - [STDOUT_REDIRECT] 1 : Invalid condition id : UX_CORESTACK_Condition cause : null
2023-11-11 09:57:19,969 [WARN] PackLoader:240 - Cannot read IP mode file for STMicroelectronics.X-CUBE-AZRTOS-WL.2.0.0
2023-11-11 09:57:19,998 [WARN] PackLoader:240 - Cannot read IP mode file for WES.I-CUBE-Cesium.1.3.0
2023-11-11 09:57:20,025 [WARN] PackLoader:240 - Cannot read IP mode file for STMicroelectronics.X-CUBE-BLE2.3.3.0
2023-11-11 09:57:20,062 [WARN] PackLoader:240 - Cannot read IP mode file for STMicroelectronics.X-CUBE-TOF1.3.2.0
2023-11-11 09:57:20,093 [WARN] PackLoader:240 - Cannot read IP mode file for STMicroelectronics.X-CUBE-ISPU.1.0.0
2023-11-11 09:57:20,112 [WARN] PackLoader:240 - Cannot read IP mode file for STMicroelectronics.X-CUBE-TOUCHGFX.4.21.1
2023-11-11 09:57:20,183 [WARN] PackLoader:240 - Cannot read IP mode file for STMicroelectronics.X-CUBE-MEMS1.9.4.0
2023-11-11 09:57:20,385 [WARN] PackLoader:240 - Cannot read IP mode file for STMicroelectronics.X-CUBE-AI.7.3.0
2023-11-11 09:57:20,425 [WARN] PackLoader:240 - Cannot read IP mode file for STMicroelectronics.X-CUBE-AZRTOS-G0.1.1.0
2023-11-11 09:57:20,445 [WARN] PackLoader:240 - Cannot read IP mode file for STMicroelectronics.X-CUBE-NFC4.3.0.0
2023-11-11 09:57:20,472 [WARN] PackLoader:240 - Cannot read IP mode file for STMicroelectronics.X-CUBE-BLEMGR.3.0.0
2023-11-11 09:57:20,495 [WARN] PackLoader:240 - Cannot read IP mode file for STMicroelectronics.X-CUBE-BLEMGR.1.3.0
2023-11-11 09:57:20,515 [WARN] PackLoader:240 - Cannot read IP mode file for STMicroelectronics.FP-ATR-SIGFOX1.3.2.0
2023-11-11 09:57:20,529 [WARN] PackLoader:240 - Cannot read IP mode file for STMicroelectronics.X-CUBE-TOUCHGFX.4.20.0
2023-11-11 09:57:20,582 [WARN] PackLoader:240 - Cannot read IP mode file for SEGGER.I-CUBE-embOS.1.3.1
2023-11-11 09:57:20,642 [WARN] PackLoader:240 - Cannot read IP mode file for STMicroelectronics.X-CUBE-GNSS1.6.0.0
2023-11-11 09:57:20,678 [WARN] PackLoader:240 - Cannot read IP mode file for STMicroelectronics.X-CUBE-AZRTOS-F4.1.1.0
2023-11-11 09:57:20,704 [WARN] PackLoader:240 - Cannot read IP mode file for STMicroelectronics.X-CUBE-BLEMGR.1.2.0
2023-11-11 09:57:20,763 [WARN] PackLoader:240 - Cannot read IP mode file for STMicroelectronics.X-CUBE-AZRTOS-L5.2.0.0
2023-11-11 09:57:20,889 [WARN] PackLoader:240 - Cannot read IP mode file for STMicroelectronics.X-CUBE-MEMS1.9.6.0
2023-11-11 09:57:21,141 [WARN] PackLoader:240 - Cannot read IP mode file for STMicroelectronics.X-CUBE-EEPRMA1.4.2.0
2023-11-11 09:57:21,296 [WARN] PackLoader:240 - Cannot read IP mode file for ITTIA_DB.I-CUBE-ITTIADB.8.8.0
2023-11-11 09:57:21,324 [WARN] PackLoader:240 - Cannot read IP mode file for STMicroelectronics.X-CUBE-BLEMGR.2.0.0
2023-11-11 09:57:21,389 [WARN] ConditionMgr:438 - getConditionDescription Invalid condition id : UX DEVICE CLASS RTOS Condition cause : null
2023-11-11 09:57:21,390 [WARN] ConditionMgr:438 - getConditionDescription Invalid condition id : UX DEVICE CLASS RTOS Condition cause : null
2023-11-11 09:57:21,397 [WARN] PackLoader:240 - Cannot read IP mode file for STMicroelectronics.X-CUBE-AZRTOS-H7.3.1.0
2023-11-11 09:57:21,399 [WARN] ConditionMgr:1039 - genDependencies : Invalid condition id : UX DEVICE CLASS RTOS Condition cause : null
2023-11-11 09:57:21,400 [WARN] ConditionMgr:1039 - genDependencies : Invalid condition id : UX DEVICE CLASS RTOS Condition cause : null
2023-11-11 09:57:21,400 [WARN] ConditionMgr:1039 - genDependencies : Invalid condition id : UX DEVICE CLASS RTOS Condition cause : null
2023-11-11 09:57:21,402 [WARN] ConditionMgr:1039 - genDependencies : Invalid condition id : UX DEVICE CLASS RTOS Condition cause : null
2023-11-11 09:57:21,402 [WARN] ConditionMgr:1039 - genDependencies : Invalid condition id : UX DEVICE CLASS RTOS Condition cause : null
2023-11-11 09:57:21,773 [WARN] PackLoader:240 - Cannot read IP mode file for STMicroelectronics.X-CUBE-NFC7.1.0.1
2023-11-11 09:57:21,796 [WARN] PackLoader:240 - Cannot read IP mode file for STMicroelectronics.X-CUBE-NFC6.3.0.0
2023-11-11 09:57:21,817 [WARN] PackLoader:240 - Cannot read IP mode file for STMicroelectronics.X-CUBE-EEPRMA1.4.1.0
2023-11-11 09:57:21,843 [WARN] PackLoader:240 - Cannot read IP mode file for STMicroelectronics.X-CUBE-AI.8.1.0
2023-11-11 09:57:21,902 [WARN] ConditionMgr:438 - getConditionDescription Invalid condition id : LAN8742 Phy interface Condition cause : null
2023-11-11 09:57:21,903 [WARN] PackLoader:240 - Cannot read IP mode file for STMicroelectronics.X-CUBE-AZRTOS-L4.2.0.0
2023-11-11 09:57:21,905 [WARN] ConditionMgr:1039 - genDependencies : Invalid condition id : LAN8742 Phy interface Condition cause : null
2023-11-11 09:57:21,906 [WARN] ConditionMgr:1039 - genDependencies : Invalid condition id : LAN8742 Phy interface Condition cause : null
2023-11-11 09:57:21,907 [WARN] ConditionMgr:1039 - genDependencies : Invalid condition id : LAN8742 Phy interface Condition cause : null
2023-11-11 09:57:21,933 [WARN] PackLoader:240 - Cannot read IP mode file for STMicroelectronics.X-CUBE-SFXS2LP1.4.0.0
2023-11-11 09:57:22,008 [WARN] PackLoader:240 - Cannot read IP mode file for STMicroelectronics.X-CUBE-AZRTOS-H7.3.0.0
2023-11-11 09:57:22,034 [WARN] PackLoader:240 - Cannot read IP mode file for STMicroelectronics.X-CUBE-ISPU.1.1.0
2023-11-11 09:57:22,091 [WARN] ConditionMgr:438 - getConditionDescription Invalid condition id : UX DEVICE CLASS RTOS Condition cause : null
2023-11-11 09:57:22,092 [WARN] ConditionMgr:438 - getConditionDescription Invalid condition id : UX DEVICE CLASS RTOS Condition cause : null
2023-11-11 09:57:22,098 [WARN] PackLoader:240 - Cannot read IP mode file for STMicroelectronics.X-CUBE-AZRTOS-WB.2.0.0
2023-11-11 09:57:22,099 [WARN] ConditionMgr:1039 - genDependencies : Invalid condition id : UX DEVICE CLASS RTOS Condition cause : null
2023-11-11 09:57:22,100 [WARN] ConditionMgr:1039 - genDependencies : Invalid condition id : UX DEVICE CLASS RTOS Condition cause : null
2023-11-11 09:57:22,102 [WARN] ConditionMgr:1039 - genDependencies : Invalid condition id : UX DEVICE CLASS RTOS Condition cause : null
2023-11-11 09:57:22,104 [WARN] ConditionMgr:1039 - genDependencies : Invalid condition id : UX DEVICE CLASS RTOS Condition cause : null
2023-11-11 09:57:22,105 [WARN] ConditionMgr:1039 - genDependencies : Invalid condition id : UX DEVICE CLASS RTOS Condition cause : null
2023-11-11 09:57:22,164 [WARN] PackLoader:240 - Cannot read IP mode file for STMicroelectronics.X-CUBE-FREERTOS.1.0.1
2023-11-11 09:57:22,262 [WARN] PackLoader:240 - Cannot read IP mode file for STMicroelectronics.X-CUBE-AZRTOS-L5.1.1.0
2023-11-11 09:57:22,331 [WARN] PackLoader:240 - Cannot read IP mode file for STMicroelectronics.X-CUBE-AI.8.0.1
2023-11-11 09:57:22,410 [WARN] PackLoader:240 - Cannot read IP mode file for STMicroelectronics.X-CUBE-TOF1.3.3.1
2023-11-11 09:57:22,495 [WARN] PackLoader:240 - Cannot read IP mode file for STMicroelectronics.X-CUBE-AZRTOS-G4.2.0.0
2023-11-11 09:57:22,518 [WARN] PackLoader:240 - Cannot read IP mode file for STMicroelectronics.FP-ATR-ASTRA1.1.1.1
2023-11-11 09:57:22,573 [WARN] PackLoader:240 - Cannot read IP mode file for Infineon.AIROC-Wi-Fi-Bluetooth-STM32.1.5.1
2023-11-11 09:57:22,599 [WARN] PackLoader:240 - Cannot read IP mode file for STMicroelectronics.FP-SNS-MOTENVWB1.1.3.0
2023-11-11 09:57:22,720 [WARN] PackLoader:240 - Cannot read IP mode file for STMicroelectronics.X-CUBE-MEMS1.10.0.0
2023-11-11 09:57:22,758 [INFO] WebApp:157 - Instantiating new browser for Auth
2023-11-11 09:57:23,033 [WARN] PackLoader:240 - Cannot read IP mode file for STMicroelectronics.X-CUBE-FREERTOS.1.1.0
2023-11-11 09:57:23,076 [WARN] PackLoader:240 - Cannot read IP mode file for STMicroelectronics.X-CUBE-AZRTOS-WB.1.1.0
2023-11-11 09:57:23,104 [WARN] PackLoader:240 - Cannot read IP mode file for STMicroelectronics.FP-ATR-ASTRA1.2.0.0
2023-11-11 09:57:23,105 [INFO] ThirdParty:978 - Integrity check success = true
2023-11-11 09:57:23,105 [INFO] IntegrityCheckThread:100 - exiting critical section [integrity check]
2023-11-11 09:57:23,105 [INFO] IntegrityCheckThread:103 - End integrity checks thread
2023-11-11 09:57:23,764 [INFO] WebApp:753 - Register for checkConnection events
2023-11-11 09:57:23,764 [INFO] WebApp:390 - Apply proxy settings
2023-11-11 09:57:23,764 [INFO] WebApp:475 - Chromium requires no authentication
2023-11-11 09:57:23,780 [INFO] WebApp:418 - Direct internet connection detected
2023-11-11 09:57:24,058 [INFO] WebApp:188 - Starting web application
2023-11-11 09:57:24,058 [INFO] WebApp:520 - Web application path used C:\ST\STM32CubeIDE_1.13.0\STM32CubeIDE\plugins\com.st.stm32cube.common.mx_6.9.0.202307051724\db\plugins\mcufinder\reactClient1\index.html
2023-11-11 09:57:45,581 [ERROR] LogOutputStream:75 - [STDERR_REDIRECT] SLF4J: Failed to load class "org.slf4j.impl.StaticLoggerBinder".
2023-11-11 09:57:45,581 [ERROR] LogOutputStream:75 - [STDERR_REDIRECT] SLF4J: Defaulting to no-operation (NOP) logger implementation
2023-11-11 09:57:45,583 [ERROR] LogOutputStream:75 - [STDERR_REDIRECT] SLF4J: See http://www.slf4j.org/codes.html#StaticLoggerBinder for further details.
2023-11-11 14:13:39,515 [ERROR] LogOutputStream:75 - [STDERR_REDIRECT] 
