2023-11-01 23:08:39,189 [INFO] Activator:176 - 


2023-11-01 23:08:39,201 [INFO] Activator:177 - !SESSION log4j initialized
2023-11-01 23:08:50,964 [INFO] LogOutputStream:77 - [STDOUT_REDIRECT] 
2023-11-01 23:08:53,976 [INFO] ApplicationProperties:184 - Using Application install path: C:\ST\STM32CubeIDE_1.13.0\STM32CubeIDE\plugins\com.st.stm32cube.common.mx_6.9.0.202307051724
2023-11-01 23:08:54,009 [INFO] DbMcusXml:78 - Set database path to: C:\ST\STM32CubeIDE_1.13.0\STM32CubeIDE\plugins\com.st.stm32cube.common.mx_6.9.0.202307051724\\db\/mcu/
2023-11-01 23:08:54,009 [INFO] ApiDb:274 - Set plugin database path to: C:\ST\STM32CubeIDE_1.13.0\STM32CubeIDE\plugins\com.st.stm32cube.common.mx_6.9.0.202307051724\\db\/plugins/boardmanager/
2023-11-01 23:08:54,009 [WARN] ApiDb:259 - Overriding images path with different value:  => C:\ST\STM32CubeIDE_1.13.0\STM32CubeIDE\plugins\com.st.stm32cube.common.mx_6.9.0.202307051724\\db\/plugins/mcufinder/images/
2023-11-01 23:08:54,026 [INFO] ApiDb:250 - Set database path to: C:\Users\admin\.stmcufinder\plugins\mcufinder//mcu/
2023-11-01 23:08:54,026 [INFO] DbMcusAds:125 - Set database path to: C:\Users\admin\.stmcufinder\plugins\mcufinder//mcu/
2023-11-01 23:08:54,700 [INFO] CrossReferenceDbSqlite:203 - Set database path to: C:\Users\admin\.stmcufinder\plugins\mcufinder//mcu/cs/
2023-11-01 23:08:54,856 [INFO] RulesReader:64 - Compatibility file has been processed (293 Rules)
2023-11-01 23:08:54,957 [INFO] DbMcusXml:78 - Set database path to: C:\ST\STM32CubeIDE_1.13.0\STM32CubeIDE\plugins\com.st.stm32cube.common.mx_6.9.0.202307051724\\db\/mcu/
2023-11-01 23:08:54,957 [INFO] ApiDb:274 - Set plugin database path to: C:\ST\STM32CubeIDE_1.13.0\STM32CubeIDE\plugins\com.st.stm32cube.common.mx_6.9.0.202307051724\\db\/plugins/boardmanager/
2023-11-01 23:08:54,957 [INFO] ApiDb:261 - Set plugin images path to: C:\ST\STM32CubeIDE_1.13.0\STM32CubeIDE\plugins\com.st.stm32cube.common.mx_6.9.0.202307051724\\db\/plugins/mcufinder/images/
2023-11-01 23:08:54,957 [WARN] DbFile:41 - Overriding database path with different value: C:\Users\admin\.stmcufinder\plugins\mcufinder/ => C:\Users\admin\.stmcufinder\plugins\mcufinder
2023-11-01 23:08:54,957 [INFO] ApiDb:250 - Set database path to: C:\Users\admin\.stmcufinder\plugins\mcufinder//mcu/
2023-11-01 23:08:54,957 [WARN] DbFile:41 - Overriding database path with different value: C:\Users\admin\.stmcufinder\plugins\mcufinder/ => C:\Users\admin\.stmcufinder\plugins\mcufinder
2023-11-01 23:08:54,957 [INFO] DbMcusAds:125 - Set database path to: C:\Users\admin\.stmcufinder\plugins\mcufinder//mcu/
2023-11-01 23:08:54,957 [WARN] DbFile:41 - Overriding database path with different value: C:\Users\admin\.stmcufinder\plugins\mcufinder/ => C:\Users\admin\.stmcufinder\plugins\mcufinder
2023-11-01 23:08:54,957 [WARN] DbFile:41 - Overriding database path with different value: C:\Users\admin\.stmcufinder\plugins\mcufinder/ => C:\Users\admin\.stmcufinder\plugins\mcufinder
2023-11-01 23:08:55,702 [INFO] CrossReferenceDbSqlite:203 - Set database path to: C:\Users\admin\.stmcufinder\plugins\mcufinder//mcu/cs/
2023-11-01 23:08:55,841 [INFO] MainPanel:262 - HeapMemory: 268435456
2023-11-01 23:08:55,972 [INFO] DbMcusXml:78 - Set database path to: C:\ST\STM32CubeIDE_1.13.0\STM32CubeIDE\plugins\com.st.stm32cube.common.mx_6.9.0.202307051724\\db\/mcu/
2023-11-01 23:08:55,972 [INFO] ApiDb:274 - Set plugin database path to: C:\ST\STM32CubeIDE_1.13.0\STM32CubeIDE\plugins\com.st.stm32cube.common.mx_6.9.0.202307051724\\db\/plugins/boardmanager/
2023-11-01 23:08:55,972 [INFO] ApiDb:261 - Set plugin images path to: C:\ST\STM32CubeIDE_1.13.0\STM32CubeIDE\plugins\com.st.stm32cube.common.mx_6.9.0.202307051724\\db\/plugins/mcufinder/images/
2023-11-01 23:08:55,974 [WARN] DbFile:41 - Overriding database path with different value: C:\Users\admin\.stmcufinder\plugins\mcufinder/ => C:\Users\admin\.stmcufinder\plugins\mcufinder
2023-11-01 23:08:55,974 [INFO] ApiDb:250 - Set database path to: C:\Users\admin\.stmcufinder\plugins\mcufinder//mcu/
2023-11-01 23:08:55,974 [WARN] DbFile:41 - Overriding database path with different value: C:\Users\admin\.stmcufinder\plugins\mcufinder/ => C:\Users\admin\.stmcufinder\plugins\mcufinder
2023-11-01 23:08:55,974 [INFO] DbMcusAds:125 - Set database path to: C:\Users\admin\.stmcufinder\plugins\mcufinder//mcu/
2023-11-01 23:08:55,974 [WARN] DbFile:41 - Overriding database path with different value: C:\Users\admin\.stmcufinder\plugins\mcufinder/ => C:\Users\admin\.stmcufinder\plugins\mcufinder
2023-11-01 23:08:55,974 [WARN] DbFile:41 - Overriding database path with different value: C:\Users\admin\.stmcufinder\plugins\mcufinder/ => C:\Users\admin\.stmcufinder\plugins\mcufinder
2023-11-01 23:08:56,708 [INFO] CrossReferenceDbSqlite:203 - Set database path to: C:\Users\admin\.stmcufinder\plugins\mcufinder//mcu/cs/
2023-11-01 23:08:56,733 [INFO] ApplicationProperties:184 - Using Application install path: C:\ST\STM32CubeIDE_1.13.0\STM32CubeIDE\plugins\com.st.stm32cube.common.mx_6.9.0.202307051724
2023-11-01 23:08:56,733 [INFO] PluginManage:196 - Search for loadable plugins [exclusion list=, ]
2023-11-01 23:08:56,744 [INFO] PluginManage:310 - Check plugin analytics
2023-11-01 23:08:57,819 [INFO] AnalyticsPlugin:253 - Accepted Software Licenses: STM32CubeMX.6.9.1
2023-11-01 23:08:57,819 [INFO] AnalyticsPlugin:255 - Accepted CMSIS Pack Licenses: 
2023-11-01 23:08:57,819 [INFO] AnalyticsPlugin:257 - Accepted Firmware Licenses: 
2023-11-01 23:08:57,823 [INFO] PluginManage:359 - Loaded plugin analytics (category:tool,tabindex:-1)
2023-11-01 23:08:57,823 [INFO] PluginManage:310 - Check plugin cadmodel
2023-11-01 23:08:57,839 [INFO] CADModel:105 - Init CAD model plugin
2023-11-01 23:08:57,839 [INFO] PluginManage:359 - Loaded plugin cadmodel (category:power,tabindex:5)
2023-11-01 23:08:57,839 [INFO] PluginManage:310 - Check plugin clock
2023-11-01 23:08:57,861 [INFO] PluginManage:359 - Loaded plugin clock (category:base,tabindex:2)
2023-11-01 23:08:57,862 [INFO] PluginManage:310 - Check plugin ddr
2023-11-01 23:08:57,864 [INFO] PluginManage:359 - Loaded plugin ddr (category:tool,tabindex:6)
2023-11-01 23:08:57,864 [INFO] PluginManage:310 - Check plugin filemanager
2023-11-01 23:08:58,155 [INFO] PluginManage:359 - Loaded plugin filemanager (category:base,tabindex:10)
2023-11-01 23:08:58,156 [INFO] PluginManage:310 - Check plugin ipmanager
2023-11-01 23:08:58,184 [INFO] PluginManage:359 - Loaded plugin ipmanager (category:base,tabindex:5)
2023-11-01 23:08:58,184 [INFO] PluginManage:310 - Check plugin lpbam
2023-11-01 23:08:58,211 [INFO] PluginManage:359 - Loaded plugin lpbam (category:base,tabindex:0)
2023-11-01 23:08:58,211 [INFO] PluginManage:310 - Check plugin memorymap
2023-11-01 23:08:58,248 [INFO] PluginManage:359 - Loaded plugin memorymap (category:base,tabindex:4)
2023-11-01 23:08:58,248 [INFO] PluginManage:310 - Check plugin pinoutandconfiguration
2023-11-01 23:08:58,272 [INFO] PluginManage:359 - Loaded plugin pinoutandconfiguration (category:base,tabindex:1)
2023-11-01 23:08:58,272 [INFO] PluginManage:310 - Check plugin pinoutconfig
2023-11-01 23:08:58,407 [WARN] SupportedApi:132 - Cannot load RTOS API schema: s4s-elt-must-match.1: The content of 'definitions' must match (annotation?, (simpleType | complexType)?, (unique | key | keyref)*)). A problem was found starting at: attribute.
2023-11-01 23:08:58,775 [INFO] PluginManage:359 - Loaded plugin pinoutconfig (category:base,tabindex:0)
2023-11-01 23:08:58,775 [INFO] PluginManage:310 - Check plugin power
2023-11-01 23:08:58,803 [INFO] PluginManage:359 - Loaded plugin power (category:power,tabindex:4)
2023-11-01 23:08:58,803 [INFO] PluginManage:310 - Check plugin projectmanager
2023-11-01 23:08:58,820 [INFO] PluginManage:359 - Loaded plugin projectmanager (category:projectmanager,tabindex:3)
2023-11-01 23:08:58,820 [INFO] PluginManage:310 - Check plugin thirdparty
2023-11-01 23:08:59,418 [INFO] PluginManage:359 - Loaded plugin thirdparty (category:base,tabindex:-1)
2023-11-01 23:08:59,418 [WARN] IntegrityCheckThread:84 - waiting for thirdparty lock release [integrity check]
2023-11-01 23:08:59,419 [INFO] IntegrityCheckThread:86 - entering critical section [integrity check]
2023-11-01 23:08:59,419 [INFO] PluginManage:310 - Check plugin tools
2023-11-01 23:08:59,419 [INFO] ThirdPartyUpdaterWithRetryManager:70 - Updater plugin not ready yet. [1/15]
2023-11-01 23:08:59,467 [INFO] PluginManage:359 - Loaded plugin tools (category:base,tabindex:7)
2023-11-01 23:08:59,467 [INFO] PluginManage:310 - Check plugin tutovideos
2023-11-01 23:08:59,725 [INFO] PluginManage:359 - Loaded plugin tutovideos (category:base,tabindex:-1)
2023-11-01 23:08:59,725 [INFO] PluginManage:310 - Check plugin updater
2023-11-01 23:08:59,758 [INFO] PluginManage:359 - Loaded plugin updater (category:base,tabindex:12)
2023-11-01 23:08:59,758 [INFO] PluginManage:310 - Check plugin userauth
2023-11-01 23:08:59,768 [INFO] UserAuth:113 - Init User Auth plugin
2023-11-01 23:08:59,768 [INFO] PluginManage:359 - Loaded plugin userauth (category:base,tabindex:14)
2023-11-01 23:08:59,769 [INFO] PluginManage:283 - PluginManage : Loaded plugins [17]
2023-11-01 23:09:00,183 [INFO] PinOutPanel:1499 - setPackage(No Configuration,No Configuration)
2023-11-01 23:09:00,396 [INFO] CADModel:165 - CPN selected for project level
2023-11-01 23:09:00,396 [INFO] CADModel:114 - Register for checkConnection events
2023-11-01 23:09:00,438 [INFO] IPUIPlugin:80 - create IPUIPlugin
2023-11-01 23:09:00,438 [INFO] PluginManager:220 - loadIPPluginJar : add adc
2023-11-01 23:09:00,487 [INFO] IPUIPlugin:80 - create IPUIPlugin
2023-11-01 23:09:00,487 [INFO] PluginManager:220 - loadIPPluginJar : add aes
2023-11-01 23:09:00,562 [INFO] IPUIPlugin:80 - create IPUIPlugin
2023-11-01 23:09:00,562 [INFO] PluginManager:220 - loadIPPluginJar : add can
2023-11-01 23:09:00,601 [INFO] IPUIPlugin:80 - create IPUIPlugin
2023-11-01 23:09:00,601 [INFO] PluginManager:220 - loadIPPluginJar : add comp
2023-11-01 23:09:00,650 [INFO] IPUIPlugin:80 - create IPUIPlugin
2023-11-01 23:09:00,650 [INFO] PluginManager:220 - loadIPPluginJar : add cryp
2023-11-01 23:09:00,702 [INFO] IPUIPlugin:80 - create IPUIPlugin
2023-11-01 23:09:00,702 [INFO] PluginManager:220 - loadIPPluginJar : add dfsdm
2023-11-01 23:09:00,716 [INFO] IPUIPlugin:80 - create IPUIPlugin
2023-11-01 23:09:00,717 [INFO] PluginManager:220 - loadIPPluginJar : add dma
2023-11-01 23:09:00,767 [INFO] IPUIPlugin:80 - create IPUIPlugin
2023-11-01 23:09:00,767 [INFO] PluginManager:220 - loadIPPluginJar : add dma3
2023-11-01 23:09:00,789 [INFO] IPUIPlugin:80 - create IPUIPlugin
2023-11-01 23:09:00,790 [INFO] PluginManager:220 - loadIPPluginJar : add fatfs
2023-11-01 23:09:00,851 [INFO] IPUIPlugin:80 - create IPUIPlugin
2023-11-01 23:09:00,851 [INFO] PluginManager:220 - loadIPPluginJar : add fmc
2023-11-01 23:09:00,859 [INFO] IPUIPlugin:80 - create IPUIPlugin
2023-11-01 23:09:00,859 [INFO] PluginManager:220 - loadIPPluginJar : add freertos
2023-11-01 23:09:00,899 [INFO] IPUIPlugin:80 - create IPUIPlugin
2023-11-01 23:09:00,900 [INFO] PluginManager:220 - loadIPPluginJar : add genericplugin
2023-11-01 23:09:00,992 [INFO] IPUIPlugin:80 - create IPUIPlugin
2023-11-01 23:09:00,992 [INFO] PluginManager:220 - loadIPPluginJar : add gfxmmu
2023-11-01 23:09:01,124 [INFO] IPUIPlugin:80 - create IPUIPlugin
2023-11-01 23:09:01,125 [INFO] PluginManager:220 - loadIPPluginJar : add gic
2023-11-01 23:09:01,139 [INFO] IPUIPlugin:80 - create IPUIPlugin
2023-11-01 23:09:01,139 [INFO] PluginManager:220 - loadIPPluginJar : add gpio
2023-11-01 23:09:01,234 [INFO] IPUIPlugin:80 - create IPUIPlugin
2023-11-01 23:09:01,234 [INFO] PluginManager:220 - loadIPPluginJar : add gtzc
2023-11-01 23:09:01,267 [INFO] IPUIPlugin:80 - create IPUIPlugin
2023-11-01 23:09:01,267 [INFO] PluginManager:220 - loadIPPluginJar : add hash
2023-11-01 23:09:01,308 [INFO] IPUIPlugin:80 - create IPUIPlugin
2023-11-01 23:09:01,308 [INFO] PluginManager:220 - loadIPPluginJar : add i2c
2023-11-01 23:09:01,358 [INFO] IPUIPlugin:80 - create IPUIPlugin
2023-11-01 23:09:01,358 [INFO] PluginManager:220 - loadIPPluginJar : add i2s
2023-11-01 23:09:01,391 [INFO] IPUIPlugin:80 - create IPUIPlugin
2023-11-01 23:09:01,391 [INFO] PluginManager:220 - loadIPPluginJar : add i3c
2023-11-01 23:09:01,484 [INFO] IPUIPlugin:80 - create IPUIPlugin
2023-11-01 23:09:01,484 [INFO] PluginManager:220 - loadIPPluginJar : add ipddr
2023-11-01 23:09:01,580 [INFO] IPUIPlugin:80 - create IPUIPlugin
2023-11-01 23:09:01,580 [INFO] PluginManager:220 - loadIPPluginJar : add linkedlist
2023-11-01 23:09:01,610 [INFO] IPUIPlugin:80 - create IPUIPlugin
2023-11-01 23:09:01,610 [INFO] PluginManager:220 - loadIPPluginJar : add lorawan
2023-11-01 23:09:01,662 [INFO] IPUIPlugin:80 - create IPUIPlugin
2023-11-01 23:09:01,662 [INFO] PluginManager:220 - loadIPPluginJar : add ltdc
2023-11-01 23:09:01,678 [INFO] IPUIPlugin:80 - create IPUIPlugin
2023-11-01 23:09:01,678 [INFO] PluginManager:220 - loadIPPluginJar : add mdma
2023-11-01 23:09:01,695 [INFO] IPUIPlugin:80 - create IPUIPlugin
2023-11-01 23:09:01,695 [INFO] PluginManager:220 - loadIPPluginJar : add nvic
2023-11-01 23:09:01,728 [INFO] IPUIPlugin:80 - create IPUIPlugin
2023-11-01 23:09:01,728 [INFO] PluginManager:220 - loadIPPluginJar : add opamp
2023-11-01 23:09:01,813 [INFO] IPUIPlugin:80 - create IPUIPlugin
2023-11-01 23:09:01,813 [INFO] PluginManager:220 - loadIPPluginJar : add openamp
2023-11-01 23:09:01,864 [INFO] IPUIPlugin:80 - create IPUIPlugin
2023-11-01 23:09:01,864 [INFO] PluginManager:220 - loadIPPluginJar : add pdm2pcm
2023-11-01 23:09:01,888 [INFO] IPUIPlugin:80 - create IPUIPlugin
2023-11-01 23:09:01,892 [INFO] PluginManager:220 - loadIPPluginJar : add plateformsettings
2023-11-01 23:09:01,931 [INFO] IPUIPlugin:80 - create IPUIPlugin
2023-11-01 23:09:01,931 [INFO] PluginManager:220 - loadIPPluginJar : add quadspi
2023-11-01 23:09:01,948 [INFO] IPUIPlugin:80 - create IPUIPlugin
2023-11-01 23:09:01,949 [INFO] PluginManager:220 - loadIPPluginJar : add resmgrutility
2023-11-01 23:09:02,020 [INFO] IPUIPlugin:80 - create IPUIPlugin
2023-11-01 23:09:02,020 [INFO] PluginManager:220 - loadIPPluginJar : add sai
2023-11-01 23:09:02,067 [INFO] IPUIPlugin:80 - create IPUIPlugin
2023-11-01 23:09:02,067 [INFO] PluginManager:220 - loadIPPluginJar : add spi
2023-11-01 23:09:02,156 [INFO] IPUIPlugin:80 - create IPUIPlugin
2023-11-01 23:09:02,156 [INFO] PluginManager:220 - loadIPPluginJar : add stm32_wpan
2023-11-01 23:09:02,192 [INFO] IPUIPlugin:80 - create IPUIPlugin
2023-11-01 23:09:02,192 [INFO] PluginManager:220 - loadIPPluginJar : add tim
2023-11-01 23:09:02,368 [INFO] IPUIPlugin:80 - create IPUIPlugin
2023-11-01 23:09:02,368 [INFO] PluginManager:220 - loadIPPluginJar : add touchsensing
2023-11-01 23:09:02,404 [INFO] IPUIPlugin:80 - create IPUIPlugin
2023-11-01 23:09:02,405 [INFO] PluginManager:220 - loadIPPluginJar : add tracer_emb
2023-11-01 23:09:02,426 [INFO] ThirdPartyUpdaterWithRetryManager:70 - Updater plugin not ready yet. [2/15]
2023-11-01 23:09:02,438 [INFO] IPUIPlugin:80 - create IPUIPlugin
2023-11-01 23:09:02,438 [INFO] PluginManager:220 - loadIPPluginJar : add ts
2023-11-01 23:09:02,468 [INFO] IPUIPlugin:80 - create IPUIPlugin
2023-11-01 23:09:02,468 [INFO] PluginManager:220 - loadIPPluginJar : add tsc
2023-11-01 23:09:02,501 [INFO] IPUIPlugin:80 - create IPUIPlugin
2023-11-01 23:09:02,501 [INFO] PluginManager:220 - loadIPPluginJar : add ucpd
2023-11-01 23:09:02,613 [INFO] IPUIPlugin:80 - create IPUIPlugin
2023-11-01 23:09:02,614 [INFO] PluginManager:220 - loadIPPluginJar : add usart
2023-11-01 23:09:02,703 [INFO] IPUIPlugin:80 - create IPUIPlugin
2023-11-01 23:09:02,703 [INFO] PluginManager:220 - loadIPPluginJar : add usbx
2023-11-01 23:09:02,886 [INFO] CADModel:165 - CPN selected for project level
2023-11-01 23:09:02,886 [INFO] CADModel:114 - Register for checkConnection events
2023-11-01 23:09:02,886 [FATAL] Updater:308 - Updater called before beeing initialized
2023-11-01 23:09:02,886 [ERROR] CADModel:125 - Updater not yet initialized, retry later 
2023-11-01 23:09:03,085 [INFO] CADModel:165 - CPN selected for project level
2023-11-01 23:09:03,085 [INFO] CADModel:114 - Register for checkConnection events
2023-11-01 23:09:03,085 [FATAL] Updater:308 - Updater called before beeing initialized
2023-11-01 23:09:03,085 [ERROR] CADModel:125 - Updater not yet initialized, retry later 
2023-11-01 23:09:03,089 [FATAL] Updater:308 - Updater called before beeing initialized
2023-11-01 23:09:03,245 [FATAL] Updater:308 - Updater called before beeing initialized
2023-11-01 23:09:03,259 [INFO] DbMcusAds:53 - JSON generation date=Tue Mar 07 15:50:55 ICT 2023 (1678179055114)
2023-11-01 23:09:03,259 [FATAL] Updater:308 - Updater called before beeing initialized
2023-11-01 23:09:03,316 [WARN] DetailPanel:346 - Failed to get advertising image, set to default
2023-11-01 23:09:03,485 [FATAL] Updater:308 - Updater called before beeing initialized
2023-11-01 23:09:03,487 [FATAL] Updater:308 - Updater called before beeing initialized
2023-11-01 23:09:03,488 [FATAL] Updater:308 - Updater called before beeing initialized
2023-11-01 23:09:03,488 [WARN] DetailPanel:346 - Failed to get advertising image, set to default
2023-11-01 23:09:03,488 [FATAL] Updater:308 - Updater called before beeing initialized
2023-11-01 23:09:03,574 [ERROR] Updater:1120 - MainUpdater not yet initialized. External WinMGr cannot be set.
2023-11-01 23:09:03,586 [INFO] Updater:1056 - Updater Version found : 6.9.0
2023-11-01 23:09:03,612 [INFO] ApplicationProperties:184 - Using Application install path: C:\ST\STM32CubeIDE_1.13.0\STM32CubeIDE\plugins\com.st.stm32cube.common.mx_6.9.0.202307051724
2023-11-01 23:09:03,893 [INFO] MainUpdater:2868 - connection check result : 10
2023-11-01 23:09:03,894 [INFO] MainUpdater:3562 - Updater definition file requires update
2023-11-01 23:09:03,895 [INFO] MainUpdater:285 - Updater Check For Update Now.
2023-11-01 23:09:03,896 [INFO] MicroXplorer:498 - Change Database Version : DB.6.0.90
2023-11-01 23:09:03,914 [INFO] McuFinderGlobals:63 - Set McuFinder mode to 2 (CubeIDE integrated)
2023-11-01 23:09:03,915 [INFO] UserAuth:179 - activating auth plugin
2023-11-01 23:09:03,918 [INFO] UserAuth:393 - Internet connection configuration mode: 1
2023-11-01 23:09:03,946 [INFO] JxBrowserEngine:151 - Initiate JxBrowser Engine with user profile folder
2023-11-01 23:09:04,004 [INFO] ServerAccessManage:473 - Download File updaters.zip
2023-11-01 23:09:04,113 [INFO] FileExtend:240 - Unzip File : updaters.zip
2023-11-01 23:09:04,114 [INFO] FileExtend:255 - Standard Zip Deflate
2023-11-01 23:09:05,094 [INFO] ServerAccessManage:473 - Download File PacksControlFlags.xml
2023-11-01 23:09:05,325 [INFO] ServerAccessManage:473 - Download File cubemx.pidx
2023-11-01 23:09:05,448 [WARN] MainUpdater:1189 - Updater busy. Cannot search thirdparties
2023-11-01 23:09:05,448 [INFO] ThirdPartyUpdaterWithRetryManager:96 - Updater plugin is busy. [1/15]
2023-11-01 23:09:06,690 [INFO] ServerAccessManage:473 - Download File STMicroelectronics.X-CUBE-BLEMGR.pdsc
2023-11-01 23:09:08,515 [WARN] MainUpdater:1189 - Updater busy. Cannot search thirdparties
2023-11-01 23:09:08,516 [INFO] ThirdPartyUpdaterWithRetryManager:96 - Updater plugin is busy. [2/15]
2023-11-01 23:09:09,255 [INFO] WebApp:157 - Instantiating new browser for Auth
2023-11-01 23:09:10,732 [WARN] PackLoader:240 - Cannot read IP mode file for STMicroelectronics.X-CUBE-BLEMGR.3.0.0
2023-11-01 23:09:10,748 [INFO] PopulateThirdPartyThread:66 - Ending populate Thread
2023-11-01 23:09:10,754 [INFO] ThirdParty:1030 - CMSIS Pack Vendor :STMicroelectronics X-CUBE-BLEMGR 3.0.0
2023-11-01 23:09:10,755 [INFO] LoadServerUpdatesThread:373 - End of LoadServerUpdate Thread
2023-11-01 23:09:10,968 [INFO] CheckServerUpdateThread:120 - End of CheckServer Thread
2023-11-01 23:09:11,181 [INFO] WebApp:753 - Register for checkConnection events
2023-11-01 23:09:11,182 [INFO] WebApp:390 - Apply proxy settings
2023-11-01 23:09:11,182 [INFO] WebApp:475 - Chromium requires no authentication
2023-11-01 23:09:11,203 [INFO] WebApp:418 - Direct internet connection detected
2023-11-01 23:09:11,702 [INFO] WebApp:188 - Starting web application
2023-11-01 23:09:11,702 [INFO] WebApp:520 - Web application path used C:\ST\STM32CubeIDE_1.13.0\STM32CubeIDE\plugins\com.st.stm32cube.common.mx_6.9.0.202307051724\db\plugins\mcufinder\reactClient1\index.html
2023-11-01 23:09:11,830 [WARN] PackLoader:240 - Cannot read IP mode file for STMicroelectronics.X-CUBE-SMBUS.2.1.0
2023-11-01 23:09:11,918 [WARN] PackLoader:240 - Cannot read IP mode file for STMicroelectronics.X-CUBE-AZRTOS-F7.1.1.0
2023-11-01 23:09:11,956 [WARN] PackLoader:240 - Cannot read IP mode file for STMicroelectronics.FP-SNS-MOTENV1.4.3.2
2023-11-01 23:09:11,987 [WARN] PackLoader:240 - Cannot read IP mode file for STMicroelectronics.X-CUBE-BLE1.6.2.4
2023-11-01 23:09:12,002 [WARN] PackLoader:240 - Cannot read IP mode file for STMicroelectronics.FP-SNS-FLIGHT1.5.0.2
2023-11-01 23:09:12,028 [WARN] PackLoader:240 - Cannot read IP mode file for STMicroelectronics.X-CUBE-BLE1.7.0.0
2023-11-01 23:09:12,096 [WARN] PackLoader:240 - Cannot read IP mode file for STMicroelectronics.X-CUBE-TOUCHGFX.4.22.0
2023-11-01 23:09:12,115 [WARN] PackLoader:240 - Cannot read IP mode file for STMicroelectronics.X-CUBE-TOUCHGFX.4.22.1
2023-11-01 23:09:12,238 [WARN] PackLoader:240 - Cannot read IP mode file for STMicroelectronics.X-CUBE-MEMS1.9.3.0
2023-11-01 23:09:12,612 [WARN] PackLoader:240 - Cannot read IP mode file for STMicroelectronics.FP-SNS-SMARTAG2.1.2.0
2023-11-01 23:09:12,645 [INFO] LogOutputStream:77 - [STDOUT_REDIRECT] 1 : Invalid condition id : UX_CORESTACK_Condition cause : null
2023-11-01 23:09:12,646 [INFO] LogOutputStream:77 - [STDOUT_REDIRECT] 1 : Invalid condition id : UX_CORESTACK_Condition cause : null
2023-11-01 23:09:12,649 [INFO] LogOutputStream:77 - [STDOUT_REDIRECT] 1 : Invalid condition id : UX_CORESTACK_Condition cause : null
2023-11-01 23:09:12,654 [INFO] LogOutputStream:77 - [STDOUT_REDIRECT] 1 : Invalid condition id : UX_CORESTACK_Condition cause : null
2023-11-01 23:09:12,658 [INFO] LogOutputStream:77 - [STDOUT_REDIRECT] 1 : Invalid condition id : UX_CORESTACK_Condition cause : null
2023-11-01 23:09:12,664 [WARN] PackLoader:240 - Cannot read IP mode file for STMicroelectronics.X-CUBE-AZRTOS-WL.2.0.0
2023-11-01 23:09:12,694 [WARN] PackLoader:240 - Cannot read IP mode file for WES.I-CUBE-Cesium.1.3.0
2023-11-01 23:09:12,715 [WARN] PackLoader:240 - Cannot read IP mode file for STMicroelectronics.X-CUBE-BLE2.3.3.0
2023-11-01 23:09:12,747 [WARN] PackLoader:240 - Cannot read IP mode file for STMicroelectronics.X-CUBE-TOF1.3.2.0
2023-11-01 23:09:12,775 [WARN] PackLoader:240 - Cannot read IP mode file for STMicroelectronics.X-CUBE-ISPU.1.0.0
2023-11-01 23:09:12,794 [WARN] PackLoader:240 - Cannot read IP mode file for STMicroelectronics.X-CUBE-TOUCHGFX.4.21.1
2023-11-01 23:09:12,875 [WARN] PackLoader:240 - Cannot read IP mode file for STMicroelectronics.X-CUBE-MEMS1.9.4.0
2023-11-01 23:09:13,085 [WARN] PackLoader:240 - Cannot read IP mode file for STMicroelectronics.X-CUBE-AI.7.3.0
2023-11-01 23:09:13,136 [WARN] PackLoader:240 - Cannot read IP mode file for STMicroelectronics.X-CUBE-AZRTOS-G0.1.1.0
2023-11-01 23:09:13,164 [WARN] PackLoader:240 - Cannot read IP mode file for STMicroelectronics.X-CUBE-NFC4.3.0.0
2023-11-01 23:09:13,181 [WARN] PackLoader:240 - Cannot read IP mode file for STMicroelectronics.X-CUBE-BLEMGR.3.0.0
2023-11-01 23:09:13,210 [WARN] PackLoader:240 - Cannot read IP mode file for STMicroelectronics.X-CUBE-BLEMGR.1.3.0
2023-11-01 23:09:13,221 [WARN] PackLoader:240 - Cannot read IP mode file for STMicroelectronics.FP-ATR-SIGFOX1.3.2.0
2023-11-01 23:09:13,241 [WARN] PackLoader:240 - Cannot read IP mode file for STMicroelectronics.X-CUBE-TOUCHGFX.4.20.0
2023-11-01 23:09:13,303 [WARN] PackLoader:240 - Cannot read IP mode file for SEGGER.I-CUBE-embOS.1.3.1
2023-11-01 23:09:13,383 [WARN] PackLoader:240 - Cannot read IP mode file for STMicroelectronics.X-CUBE-GNSS1.6.0.0
2023-11-01 23:09:13,428 [WARN] PackLoader:240 - Cannot read IP mode file for STMicroelectronics.X-CUBE-AZRTOS-F4.1.1.0
2023-11-01 23:09:13,456 [WARN] PackLoader:240 - Cannot read IP mode file for STMicroelectronics.X-CUBE-BLEMGR.1.2.0
2023-11-01 23:09:13,509 [WARN] PackLoader:240 - Cannot read IP mode file for STMicroelectronics.X-CUBE-AZRTOS-L5.2.0.0
2023-11-01 23:09:13,582 [WARN] PackLoader:240 - Cannot read IP mode file for STMicroelectronics.X-CUBE-MEMS1.9.6.0
2023-11-01 23:09:13,790 [WARN] PackLoader:240 - Cannot read IP mode file for STMicroelectronics.X-CUBE-EEPRMA1.4.2.0
2023-11-01 23:09:13,810 [WARN] PackLoader:240 - Cannot read IP mode file for ITTIA_DB.I-CUBE-ITTIADB.8.8.0
2023-11-01 23:09:13,825 [WARN] PackLoader:240 - Cannot read IP mode file for STMicroelectronics.X-CUBE-BLEMGR.2.0.0
2023-11-01 23:09:13,865 [WARN] ConditionMgr:438 - getConditionDescription Invalid condition id : UX DEVICE CLASS RTOS Condition cause : null
2023-11-01 23:09:13,865 [WARN] ConditionMgr:438 - getConditionDescription Invalid condition id : UX DEVICE CLASS RTOS Condition cause : null
2023-11-01 23:09:13,868 [WARN] PackLoader:240 - Cannot read IP mode file for STMicroelectronics.X-CUBE-AZRTOS-H7.3.1.0
2023-11-01 23:09:13,870 [WARN] ConditionMgr:1039 - genDependencies : Invalid condition id : UX DEVICE CLASS RTOS Condition cause : null
2023-11-01 23:09:13,870 [WARN] ConditionMgr:1039 - genDependencies : Invalid condition id : UX DEVICE CLASS RTOS Condition cause : null
2023-11-01 23:09:13,871 [WARN] ConditionMgr:1039 - genDependencies : Invalid condition id : UX DEVICE CLASS RTOS Condition cause : null
2023-11-01 23:09:13,871 [WARN] ConditionMgr:1039 - genDependencies : Invalid condition id : UX DEVICE CLASS RTOS Condition cause : null
2023-11-01 23:09:13,871 [WARN] ConditionMgr:1039 - genDependencies : Invalid condition id : UX DEVICE CLASS RTOS Condition cause : null
2023-11-01 23:09:13,894 [WARN] PackLoader:240 - Cannot read IP mode file for STMicroelectronics.X-CUBE-NFC7.1.0.1
2023-11-01 23:09:13,915 [WARN] PackLoader:240 - Cannot read IP mode file for STMicroelectronics.X-CUBE-NFC6.3.0.0
2023-11-01 23:09:13,934 [WARN] PackLoader:240 - Cannot read IP mode file for STMicroelectronics.X-CUBE-EEPRMA1.4.1.0
2023-11-01 23:09:13,953 [WARN] PackLoader:240 - Cannot read IP mode file for STMicroelectronics.X-CUBE-AI.8.1.0
2023-11-01 23:09:13,999 [WARN] ConditionMgr:438 - getConditionDescription Invalid condition id : LAN8742 Phy interface Condition cause : null
2023-11-01 23:09:14,000 [WARN] PackLoader:240 - Cannot read IP mode file for STMicroelectronics.X-CUBE-AZRTOS-L4.2.0.0
2023-11-01 23:09:14,002 [WARN] ConditionMgr:1039 - genDependencies : Invalid condition id : LAN8742 Phy interface Condition cause : null
2023-11-01 23:09:14,002 [WARN] ConditionMgr:1039 - genDependencies : Invalid condition id : LAN8742 Phy interface Condition cause : null
2023-11-01 23:09:14,003 [WARN] ConditionMgr:1039 - genDependencies : Invalid condition id : LAN8742 Phy interface Condition cause : null
2023-11-01 23:09:14,030 [WARN] PackLoader:240 - Cannot read IP mode file for STMicroelectronics.X-CUBE-SFXS2LP1.4.0.0
2023-11-01 23:09:14,093 [WARN] PackLoader:240 - Cannot read IP mode file for STMicroelectronics.X-CUBE-AZRTOS-H7.3.0.0
2023-11-01 23:09:14,118 [WARN] PackLoader:240 - Cannot read IP mode file for STMicroelectronics.X-CUBE-ISPU.1.1.0
2023-11-01 23:09:14,162 [WARN] ConditionMgr:438 - getConditionDescription Invalid condition id : UX DEVICE CLASS RTOS Condition cause : null
2023-11-01 23:09:14,162 [WARN] ConditionMgr:438 - getConditionDescription Invalid condition id : UX DEVICE CLASS RTOS Condition cause : null
2023-11-01 23:09:14,167 [WARN] PackLoader:240 - Cannot read IP mode file for STMicroelectronics.X-CUBE-AZRTOS-WB.2.0.0
2023-11-01 23:09:14,168 [WARN] ConditionMgr:1039 - genDependencies : Invalid condition id : UX DEVICE CLASS RTOS Condition cause : null
2023-11-01 23:09:14,168 [WARN] ConditionMgr:1039 - genDependencies : Invalid condition id : UX DEVICE CLASS RTOS Condition cause : null
2023-11-01 23:09:14,169 [WARN] ConditionMgr:1039 - genDependencies : Invalid condition id : UX DEVICE CLASS RTOS Condition cause : null
2023-11-01 23:09:14,169 [WARN] ConditionMgr:1039 - genDependencies : Invalid condition id : UX DEVICE CLASS RTOS Condition cause : null
2023-11-01 23:09:14,170 [WARN] ConditionMgr:1039 - genDependencies : Invalid condition id : UX DEVICE CLASS RTOS Condition cause : null
2023-11-01 23:09:14,195 [WARN] PackLoader:240 - Cannot read IP mode file for STMicroelectronics.X-CUBE-FREERTOS.1.0.1
2023-11-01 23:09:14,244 [WARN] PackLoader:240 - Cannot read IP mode file for STMicroelectronics.X-CUBE-AZRTOS-L5.1.1.0
2023-11-01 23:09:14,266 [WARN] PackLoader:240 - Cannot read IP mode file for STMicroelectronics.X-CUBE-AI.8.0.1
2023-11-01 23:09:14,296 [WARN] PackLoader:240 - Cannot read IP mode file for STMicroelectronics.X-CUBE-TOF1.3.3.1
2023-11-01 23:09:14,356 [WARN] PackLoader:240 - Cannot read IP mode file for STMicroelectronics.X-CUBE-AZRTOS-G4.2.0.0
2023-11-01 23:09:14,376 [WARN] PackLoader:240 - Cannot read IP mode file for STMicroelectronics.FP-ATR-ASTRA1.1.1.1
2023-11-01 23:09:14,412 [WARN] PackLoader:240 - Cannot read IP mode file for Infineon.AIROC-Wi-Fi-Bluetooth-STM32.1.5.1
2023-11-01 23:09:14,490 [WARN] PackLoader:240 - Cannot read IP mode file for STMicroelectronics.X-CUBE-MEMS1.10.0.0
2023-11-01 23:09:14,626 [WARN] PackLoader:240 - Cannot read IP mode file for STMicroelectronics.X-CUBE-FREERTOS.1.1.0
2023-11-01 23:09:14,660 [WARN] PackLoader:240 - Cannot read IP mode file for STMicroelectronics.X-CUBE-AZRTOS-WB.1.1.0
2023-11-01 23:09:14,678 [WARN] PackLoader:240 - Cannot read IP mode file for STMicroelectronics.FP-ATR-ASTRA1.2.0.0
2023-11-01 23:09:14,678 [INFO] ThirdParty:978 - Integrity check success = true
2023-11-01 23:09:14,678 [INFO] IntegrityCheckThread:100 - exiting critical section [integrity check]
2023-11-01 23:09:14,679 [INFO] IntegrityCheckThread:103 - End integrity checks thread
2023-11-01 23:09:33,068 [ERROR] LogOutputStream:75 - [STDERR_REDIRECT] SLF4J: Failed to load class "org.slf4j.impl.StaticLoggerBinder".
2023-11-01 23:09:33,069 [ERROR] LogOutputStream:75 - [STDERR_REDIRECT] SLF4J: Defaulting to no-operation (NOP) logger implementation
2023-11-01 23:09:33,070 [ERROR] LogOutputStream:75 - [STDERR_REDIRECT] SLF4J: See http://www.slf4j.org/codes.html#StaticLoggerBinder for further details.
2023-11-01 23:09:34,655 [INFO] McuFinderGlobals:63 - Set McuFinder mode to 2 (CubeIDE integrated)
2023-11-01 23:09:34,691 [INFO] MainUpdater:2868 - connection check result : 10
2023-11-01 23:09:34,718 [INFO] McuFinderGlobals:76 - Set McuFinderConnectedMode to true
2023-11-01 23:09:35,051 [INFO] ServerAccessManage:473 - Download File mcusAds.json._tmp_
2023-11-01 23:09:35,169 [INFO] LoadUrlFilesThread:156 - End of LoadUrlFiles Thread
2023-11-01 23:09:35,466 [INFO] ServerAccessManage:473 - Download File cube-finder-db.zip
2023-11-01 23:09:40,302 [INFO] FileExtend:240 - Unzip File : cube-finder-db.zip
2023-11-01 23:09:40,303 [INFO] FileExtend:255 - Standard Zip Deflate
2023-11-01 23:09:41,136 [INFO] LoadUrlFilesThread:156 - End of LoadUrlFiles Thread
2023-11-01 23:09:44,074 [INFO] ServerAccessManage:473 - Download File crdb.zip
2023-11-01 23:09:45,583 [INFO] FileExtend:240 - Unzip File : crdb.zip
2023-11-01 23:09:45,584 [INFO] FileExtend:255 - Standard Zip Deflate
2023-11-01 23:09:45,745 [INFO] LoadUrlFilesThread:156 - End of LoadUrlFiles Thread
2023-11-01 23:09:45,920 [INFO] ServerAccessManage:473 - Download File tutoVideoDB.zip
2023-11-01 23:09:45,940 [INFO] FileExtend:240 - Unzip File : tutoVideoDB.zip
2023-11-01 23:09:45,940 [INFO] FileExtend:255 - Standard Zip Deflate
2023-11-01 23:09:46,070 [INFO] LoadUrlFilesThread:156 - End of LoadUrlFiles Thread
2023-11-01 23:09:46,075 [WARN] DbFile:41 - Overriding database path with different value: C:\Users\admin\.stmcufinder\plugins\mcufinder/ => C:\Users\admin\.stmcufinder\plugins\mcufinder
2023-11-01 23:09:46,267 [INFO] ServerAccessManage:473 - Download File api_config.json
2023-11-01 23:09:46,377 [INFO] LoadUrlFilesThread:156 - End of LoadUrlFiles Thread
2023-11-01 23:09:46,379 [INFO] DbMcusAds:53 - JSON generation date=Tue Mar 07 15:50:55 ICT 2023 (1678179055335)
2023-11-01 23:09:46,412 [INFO] LoadUrlFilesThread:185 - End of LoadServerUrlFiles without Thread
2023-11-01 23:09:46,413 [INFO] TargetSelectorAdapter:259 - Refresh data is successful
2023-11-01 23:09:46,589 [INFO] ApiDb:581 - Connected to CubeFinder SQLite database (C:\Users\admin\.stmcufinder\plugins\mcufinder\mcu\cube-finder-db.db)
2023-11-01 23:09:46,668 [INFO] ApiDb:668 - CubeFinder database Data Model version=2.1
2023-11-01 23:09:46,668 [INFO] ApiDb:669 - CubeFinder database Configuration version=3.0.37
2023-11-01 23:09:46,668 [INFO] ApiDb:670 - CubeFinder database generation date=2023-10-13 (1697197505)
2023-11-01 23:09:46,668 [INFO] ApiDb:671 - CubeFinder database FW Pack versions=[FP-ATR-ASTRA1_V2.0.0, FP-SNS-FLIGHT1_V5.0.1, FP-SNS-FLIGHT1_V5.0.2, FP-SNS-MOTENV1_V4.3.1, FP-SNS-MOTENV1_V4.3.2, FP-SNS-SMARTAG2_V1.2.0, I-CUBE-ITTIADB_V8.6.3-1, STM32Cube_FW_C0_V1.1.0, STM32Cube_FW_F4_V1.27.1, STM32Cube_FW_F7_V1.17.0, STM32Cube_FW_G0_V1.6.1, STM32Cube_FW_G4_V1.5.1, STM32Cube_FW_H5_V0.5.1, STM32Cube_FW_H5_V1.1.1, STM32Cube_FW_H7_V1.11.0, STM32Cube_FW_L0_V1.12.2, STM32Cube_FW_L5_V1.5.0, STM32Cube_FW_U5_V1.3.0, STM32Cube_FW_U5_V1.3.0RC4, STM32Cube_FW_WBA_V1.0.0RC1, STM32Cube_FW_WBA_V1.1.0RC1, STM32Cube_FW_WBA_V1.1.1, STM32Cube_FW_WB_V1.15.0RC1, STM32Cube_FW_WB_V1.16.0, STM32Cube_FW_WB_V1.16.0RC2, STM32Cube_FW_WB_V1.17.3, STM32Cube_FW_WL_V1.3.0, X-CUBE-ALGOBUILD_V1.3.0, X-CUBE-ALS_V1.0.1, X-CUBE-AZRTOS-F4_V1.1.0, X-CUBE-AZRTOS-F7_V1.1.0, X-CUBE-AZRTOS-G0_V1.1.0, X-CUBE-AZRTOS-G4_V2.0.0, X-CUBE-AZRTOS-H7_V3.1.0, X-CUBE-AZRTOS-L4_V1.0.0, X-CUBE-AZRTOS-L4_V2.0.0, X-CUBE-AZRTOS-L5_V1.1.0, X-CUBE-AZRTOS-WB_V2.0.0, X-CUBE-AZRTOS-WL_V2.0.0, X-CUBE-BLE1_V7.0.0, X-CUBE-BLE2_V3.3.0, X-CUBE-BLEMGR_V2.0.0, X-CUBE-EEPRMA1_V4.1.0, X-CUBE-FREERTOS_V1.1.0, X-CUBE-GNSS1_V6.0.0, X-CUBE-MEMS1_V10.0.0, X-CUBE-MEMS1_V9.1.0, X-CUBE-MEMS1_V9.4.0, X-CUBE-MEMS1_V9.6.0, X-CUBE-NFC4_V3.0.0, X-CUBE-NFC7_V1.0.1, X-CUBE-SFXS2LP1_V4.0.0, X-CUBE-SUBG2_V5.0.0, X-CUBE-TOF1_V3.3.1]
2023-11-01 23:09:48,808 [INFO] ApiDb:240 - Found 323 in-development CPN: [B-G473E-ZEST1S, B-WB1M-WPAN1, B-WL5M-SUBG1, NUCLEO-C031C6, NUCLEO-H503RB, NUCLEO-H563ZI, NUCLEO-U545RE-Q, NUCLEO-U5A5ZJ-Q, NUCLEO-WBA52CG, STEVAL-PROTEUS1, STEVAL-SMARTAG2, STEVAL-STWINBX1, STM320518-EVAL, STM32C0116-DK, STM32C011D6Y3TR, STM32C011D6Y6TR, STM32C011F4P3, STM32C011F4P6, STM32C011F4U3, STM32C011F4U6TR, STM32C011F6P3, STM32C011F6P6, STM32C011F6U3, STM32C011F6U6TR, STM32C011J4M3, STM32C011J4M6, STM32C011J6M3, STM32C011J6M6, STM32C0316-DK, STM32C031C4T3, STM32C031C4T6, STM32C031C4U3, STM32C031C4U6, STM32C031C6T3, STM32C031C6T6, STM32C031C6U3, STM32C031C6U6, STM32C031F4P3, STM32C031F4P6, STM32C031F6P3, STM32C031F6P6, STM32C031G4U3, STM32C031G4U6, STM32C031G6U3, STM32C031G6U6, STM32C031K4T3, STM32C031K4T6, STM32C031K4U3, STM32C031K4U6, STM32C031K6T3, STM32C031K6T6, STM32C031K6U3, STM32C031K6U6, STM32G071K8TXN, STM32G071K8UXN, STM32G081GBU6N, STM32G081KBT6N, STM32G081KBUXN, STM32G0B1CCT6N, STM32G0B1KCT6, STM32G0B1NEY6TR, STM32G0B1RCT6N, STM32G0C1CCT6, STM32G0C1CCT6N, STM32G0C1CCU6N, STM32G0C1CET6N, STM32G0C1CEU6N, STM32G0C1KCT6, STM32G0C1NEY6TR, STM32G0C1RCI6N, STM32G0C1RCT6N, STM32G0C1REI6N, STM32G0C1RET6N, STM32G0C1VCI6, STM32G0C1VEI6, STM32G471CCT6, STM32G471CCU6, STM32G471CET3, STM32G471CET6, STM32G471CEU3, STM32G471CEU6, STM32G471MCT6, STM32G471MET3, STM32G471MET6, STM32G471MEY6TR, STM32G471QCT6, STM32G471QET3, STM32G471RCT6, STM32G471RET3, STM32G471RET6, STM32G471VCH6, STM32G471VCI6, STM32G471VCT6, STM32G471VEH3, STM32G471VEH6, STM32G471VEI3, STM32G471VEI6, STM32G471VET3, STM32G471VET6, STM32G474CCT6, STM32H503CBT6, STM32H503CBU6, STM32H503EBY6TR, STM32H503KBU6, STM32H503RBT6, STM32H562AGI6, STM32H562AII6, STM32H562IGK6, STM32H562IGT6, STM32H562IIK6, STM32H562IIT6, STM32H562RGT6, STM32H562RGV6, STM32H562RIT6, STM32H562RIV6, STM32H562VGT6, STM32H562VIT6, STM32H562ZGT6, STM32H562ZIT6, STM32H563AGI6, STM32H563AII3Q, STM32H563AII6, STM32H563IGK6, STM32H563IGT6, STM32H563IIK3Q, STM32H563IIK6, STM32H563IIT3Q, STM32H563IIT6, STM32H563MIY3QTR, STM32H563RGT6, STM32H563RGV6, STM32H563RIT6, STM32H563RIV6, STM32H563VGT6, STM32H563VIT3Q, STM32H563VIT6, STM32H563ZGT6, STM32H563ZIT3Q, STM32H563ZIT6, STM32H573AII3Q, STM32H573AII6, STM32H573I-DK, STM32H573IIK3Q, STM32H573IIK6, STM32H573IIT3Q, STM32H573IIT6, STM32H573MIY3QTR, STM32H573RIT6, STM32H573RIV6, STM32H573VIT3Q, STM32H573VIT6, STM32H573ZIT3Q, STM32H573ZIT6, STM32L4R5QGI6STR, STM32MP131AAE3, STM32MP131AAF3, STM32MP131AAG3, STM32MP131CAE3, STM32MP131CAF3, STM32MP131CAG3, STM32MP131DAE7, STM32MP131DAF7, STM32MP131DAG7, STM32MP131FAE7, STM32MP131FAF7, STM32MP131FAG7, STM32MP133AAE3, STM32MP133AAF3, STM32MP133AAG3, STM32MP133CAE3, STM32MP133CAF3, STM32MP133CAG3, STM32MP133DAE7, STM32MP133DAF7, STM32MP133DAG7, STM32MP133FAE7, STM32MP133FAF7, STM32MP133FAG7, STM32MP135AAE3, STM32MP135AAF3, STM32MP135AAG3, STM32MP135CAE3, STM32MP135CAF3, STM32MP135CAG3, STM32MP135DAE7, STM32MP135DAF7, STM32MP135DAG7, STM32MP135F-DK, STM32MP135FAE7, STM32MP135FAF7, STM32MP135FAF7T, STM32MP135FAF7U, STM32MP135FAG7, STM32U535CBT6, STM32U535CBT6Q, STM32U535CBU6, STM32U535CBU6Q, STM32U535CCT6, STM32U535CCT6Q, STM32U535CCU6, STM32U535CCU6Q, STM32U535CET6, STM32U535CET6Q, STM32U535CEU6, STM32U535CEU6Q, STM32U535JEY6QTR, STM32U535NCY6QTR, STM32U535NEY6QTR, STM32U535RBI6, STM32U535RBI6Q, STM32U535RBT6, STM32U535RBT6Q, STM32U535RCI6, STM32U535RCI6Q, STM32U535RCT6, STM32U535RCT6Q, STM32U535REI6, STM32U535REI6Q, STM32U535RET6, STM32U535RET6Q, STM32U535VCI6, STM32U535VCI6Q, STM32U535VCT6, STM32U535VCT6Q, STM32U535VEI6, STM32U535VEI6Q, STM32U535VET6, STM32U535VET6Q, STM32U545CET6, STM32U545CET6Q, STM32U545CEU6, STM32U545CEU6Q, STM32U545JEY6QTR, STM32U545NEY6QTR, STM32U545REI6, STM32U545REI6Q, STM32U545RET6, STM32U545RET6Q, STM32U545VEI6, STM32U545VEI6Q, STM32U545VET6, STM32U545VET6Q, STM32U595AIH6, STM32U595AIH6Q, STM32U595AJH6, STM32U595AJH6Q, STM32U595QII6, STM32U595QII6Q, STM32U595QJI6, STM32U595QJI6Q, STM32U595RIT6, STM32U595RIT6Q, STM32U595RJT6, STM32U595RJT6Q, STM32U595VIT6, STM32U595VIT6Q, STM32U595VJT6, STM32U595VJT6Q, STM32U595ZIT6, STM32U595ZIT6Q, STM32U595ZIY6QTR, STM32U595ZJT6, STM32U595ZJT6Q, STM32U595ZJY6QTR, STM32U599BJY6QTR, STM32U599NIH6Q, STM32U599NJH6Q, STM32U599VIT6Q, STM32U599VJT6, STM32U599VJT6Q, STM32U599ZIT6Q, STM32U599ZIY6QTR, STM32U599ZJT6Q, STM32U599ZJY6QTR, STM32U5A5AJH6, STM32U5A5AJH6Q, STM32U5A5QJI6, STM32U5A5QJI6Q, STM32U5A5RJT6, STM32U5A5RJT6Q, STM32U5A5VJT6, STM32U5A5VJT6Q, STM32U5A5ZJT6, STM32U5A5ZJT6Q, STM32U5A5ZJY6QTR, STM32U5A9BJY6QTR, STM32U5A9J-DK, STM32U5A9NJH6Q, STM32U5A9VJT6Q, STM32U5A9ZJT6Q, STM32U5A9ZJY6QTR, STM32U5F7VIT6, STM32U5F7VIT6Q, STM32U5F7VJT6, STM32U5F7VJT6Q, STM32U5F9BJY6QTR, STM32U5F9NJH6Q, STM32U5F9VIT6Q, STM32U5F9VJT6Q, STM32U5F9ZIJ6QTR, STM32U5F9ZIT6Q, STM32U5F9ZJJ6QTR, STM32U5F9ZJT6Q, STM32U5G7VJT6, STM32U5G7VJT6Q, STM32U5G9BJY6QTR, STM32U5G9J-DK1, STM32U5G9J-DK2, STM32U5G9NJH6Q, STM32U5G9VJT6Q, STM32U5G9ZJJ6QTR, STM32U5G9ZJT6Q, STM32WB1MMCH6, STM32WBA52CEU6, STM32WBA52CEU6T, STM32WBA52CGU6, STM32WBA52CGU6T, STM32WBA52KEU6, STM32WBA52KEU6T, STM32WBA52KGU6, STM32WBA52KGU6T, STM32WL5MOCH6, STM32WL5MOCH6TR]
2023-11-01 23:09:48,815 [INFO] DbMcus:217 - Found 3848 MCUs, 3848 are supported
2023-11-01 23:09:48,815 [INFO] ApiDb:423 - Load user favorites file C:\Users\admin/.stm32cubeide/favorites.mcus.txt: 0 item(s)
2023-11-01 23:09:48,815 [INFO] ApiDb:427 - User favorites MCUs=[]
2023-11-01 23:09:48,816 [INFO] DbMcus:223 - Set 0 / 0 favorites MCUs
2023-11-01 23:09:49,142 [INFO] ApiDb:668 - CubeFinder database Data Model version=2.1
2023-11-01 23:09:49,142 [INFO] ApiDb:669 - CubeFinder database Configuration version=3.0.37
2023-11-01 23:09:49,142 [INFO] ApiDb:670 - CubeFinder database generation date=2023-10-13 (1697197505)
2023-11-01 23:09:49,142 [INFO] ApiDb:671 - CubeFinder database FW Pack versions=[FP-ATR-ASTRA1_V2.0.0, FP-SNS-FLIGHT1_V5.0.1, FP-SNS-FLIGHT1_V5.0.2, FP-SNS-MOTENV1_V4.3.1, FP-SNS-MOTENV1_V4.3.2, FP-SNS-SMARTAG2_V1.2.0, I-CUBE-ITTIADB_V8.6.3-1, STM32Cube_FW_C0_V1.1.0, STM32Cube_FW_F4_V1.27.1, STM32Cube_FW_F7_V1.17.0, STM32Cube_FW_G0_V1.6.1, STM32Cube_FW_G4_V1.5.1, STM32Cube_FW_H5_V0.5.1, STM32Cube_FW_H5_V1.1.1, STM32Cube_FW_H7_V1.11.0, STM32Cube_FW_L0_V1.12.2, STM32Cube_FW_L5_V1.5.0, STM32Cube_FW_U5_V1.3.0, STM32Cube_FW_U5_V1.3.0RC4, STM32Cube_FW_WBA_V1.0.0RC1, STM32Cube_FW_WBA_V1.1.0RC1, STM32Cube_FW_WBA_V1.1.1, STM32Cube_FW_WB_V1.15.0RC1, STM32Cube_FW_WB_V1.16.0, STM32Cube_FW_WB_V1.16.0RC2, STM32Cube_FW_WB_V1.17.3, STM32Cube_FW_WL_V1.3.0, X-CUBE-ALGOBUILD_V1.3.0, X-CUBE-ALS_V1.0.1, X-CUBE-AZRTOS-F4_V1.1.0, X-CUBE-AZRTOS-F7_V1.1.0, X-CUBE-AZRTOS-G0_V1.1.0, X-CUBE-AZRTOS-G4_V2.0.0, X-CUBE-AZRTOS-H7_V3.1.0, X-CUBE-AZRTOS-L4_V1.0.0, X-CUBE-AZRTOS-L4_V2.0.0, X-CUBE-AZRTOS-L5_V1.1.0, X-CUBE-AZRTOS-WB_V2.0.0, X-CUBE-AZRTOS-WL_V2.0.0, X-CUBE-BLE1_V7.0.0, X-CUBE-BLE2_V3.3.0, X-CUBE-BLEMGR_V2.0.0, X-CUBE-EEPRMA1_V4.1.0, X-CUBE-FREERTOS_V1.1.0, X-CUBE-GNSS1_V6.0.0, X-CUBE-MEMS1_V10.0.0, X-CUBE-MEMS1_V9.1.0, X-CUBE-MEMS1_V9.4.0, X-CUBE-MEMS1_V9.6.0, X-CUBE-NFC4_V3.0.0, X-CUBE-NFC7_V1.0.1, X-CUBE-SFXS2LP1_V4.0.0, X-CUBE-SUBG2_V5.0.0, X-CUBE-TOF1_V3.3.1]
2023-11-01 23:09:49,207 [INFO] DbBoardsSqlite:226 - include board P-NUCLEO-WB55-NUCLEO as a kit item of type 'Nucleo-64'
2023-11-01 23:09:49,207 [INFO] DbBoardsSqlite:226 - include board P-NUCLEO-WB55-USBDONGLE as a kit item of type 'Nucleo USB Dongle'
2023-11-01 23:09:49,207 [INFO] DbBoardsSqlite:226 - include board STEVAL-IDP005V1 as a kit item of type 'Evaluation Board'
2023-11-01 23:09:49,208 [INFO] DbBoardsSqlite:226 - include board STEVAL-IDP005V2 as a kit item of type 'Evaluation Board'
2023-11-01 23:09:49,257 [INFO] ApiDb:240 - Found 323 in-development CPN: [B-G473E-ZEST1S, B-WB1M-WPAN1, B-WL5M-SUBG1, NUCLEO-C031C6, NUCLEO-H503RB, NUCLEO-H563ZI, NUCLEO-U545RE-Q, NUCLEO-U5A5ZJ-Q, NUCLEO-WBA52CG, STEVAL-PROTEUS1, STEVAL-SMARTAG2, STEVAL-STWINBX1, STM320518-EVAL, STM32C0116-DK, STM32C011D6Y3TR, STM32C011D6Y6TR, STM32C011F4P3, STM32C011F4P6, STM32C011F4U3, STM32C011F4U6TR, STM32C011F6P3, STM32C011F6P6, STM32C011F6U3, STM32C011F6U6TR, STM32C011J4M3, STM32C011J4M6, STM32C011J6M3, STM32C011J6M6, STM32C0316-DK, STM32C031C4T3, STM32C031C4T6, STM32C031C4U3, STM32C031C4U6, STM32C031C6T3, STM32C031C6T6, STM32C031C6U3, STM32C031C6U6, STM32C031F4P3, STM32C031F4P6, STM32C031F6P3, STM32C031F6P6, STM32C031G4U3, STM32C031G4U6, STM32C031G6U3, STM32C031G6U6, STM32C031K4T3, STM32C031K4T6, STM32C031K4U3, STM32C031K4U6, STM32C031K6T3, STM32C031K6T6, STM32C031K6U3, STM32C031K6U6, STM32G071K8TXN, STM32G071K8UXN, STM32G081GBU6N, STM32G081KBT6N, STM32G081KBUXN, STM32G0B1CCT6N, STM32G0B1KCT6, STM32G0B1NEY6TR, STM32G0B1RCT6N, STM32G0C1CCT6, STM32G0C1CCT6N, STM32G0C1CCU6N, STM32G0C1CET6N, STM32G0C1CEU6N, STM32G0C1KCT6, STM32G0C1NEY6TR, STM32G0C1RCI6N, STM32G0C1RCT6N, STM32G0C1REI6N, STM32G0C1RET6N, STM32G0C1VCI6, STM32G0C1VEI6, STM32G471CCT6, STM32G471CCU6, STM32G471CET3, STM32G471CET6, STM32G471CEU3, STM32G471CEU6, STM32G471MCT6, STM32G471MET3, STM32G471MET6, STM32G471MEY6TR, STM32G471QCT6, STM32G471QET3, STM32G471RCT6, STM32G471RET3, STM32G471RET6, STM32G471VCH6, STM32G471VCI6, STM32G471VCT6, STM32G471VEH3, STM32G471VEH6, STM32G471VEI3, STM32G471VEI6, STM32G471VET3, STM32G471VET6, STM32G474CCT6, STM32H503CBT6, STM32H503CBU6, STM32H503EBY6TR, STM32H503KBU6, STM32H503RBT6, STM32H562AGI6, STM32H562AII6, STM32H562IGK6, STM32H562IGT6, STM32H562IIK6, STM32H562IIT6, STM32H562RGT6, STM32H562RGV6, STM32H562RIT6, STM32H562RIV6, STM32H562VGT6, STM32H562VIT6, STM32H562ZGT6, STM32H562ZIT6, STM32H563AGI6, STM32H563AII3Q, STM32H563AII6, STM32H563IGK6, STM32H563IGT6, STM32H563IIK3Q, STM32H563IIK6, STM32H563IIT3Q, STM32H563IIT6, STM32H563MIY3QTR, STM32H563RGT6, STM32H563RGV6, STM32H563RIT6, STM32H563RIV6, STM32H563VGT6, STM32H563VIT3Q, STM32H563VIT6, STM32H563ZGT6, STM32H563ZIT3Q, STM32H563ZIT6, STM32H573AII3Q, STM32H573AII6, STM32H573I-DK, STM32H573IIK3Q, STM32H573IIK6, STM32H573IIT3Q, STM32H573IIT6, STM32H573MIY3QTR, STM32H573RIT6, STM32H573RIV6, STM32H573VIT3Q, STM32H573VIT6, STM32H573ZIT3Q, STM32H573ZIT6, STM32L4R5QGI6STR, STM32MP131AAE3, STM32MP131AAF3, STM32MP131AAG3, STM32MP131CAE3, STM32MP131CAF3, STM32MP131CAG3, STM32MP131DAE7, STM32MP131DAF7, STM32MP131DAG7, STM32MP131FAE7, STM32MP131FAF7, STM32MP131FAG7, STM32MP133AAE3, STM32MP133AAF3, STM32MP133AAG3, STM32MP133CAE3, STM32MP133CAF3, STM32MP133CAG3, STM32MP133DAE7, STM32MP133DAF7, STM32MP133DAG7, STM32MP133FAE7, STM32MP133FAF7, STM32MP133FAG7, STM32MP135AAE3, STM32MP135AAF3, STM32MP135AAG3, STM32MP135CAE3, STM32MP135CAF3, STM32MP135CAG3, STM32MP135DAE7, STM32MP135DAF7, STM32MP135DAG7, STM32MP135F-DK, STM32MP135FAE7, STM32MP135FAF7, STM32MP135FAF7T, STM32MP135FAF7U, STM32MP135FAG7, STM32U535CBT6, STM32U535CBT6Q, STM32U535CBU6, STM32U535CBU6Q, STM32U535CCT6, STM32U535CCT6Q, STM32U535CCU6, STM32U535CCU6Q, STM32U535CET6, STM32U535CET6Q, STM32U535CEU6, STM32U535CEU6Q, STM32U535JEY6QTR, STM32U535NCY6QTR, STM32U535NEY6QTR, STM32U535RBI6, STM32U535RBI6Q, STM32U535RBT6, STM32U535RBT6Q, STM32U535RCI6, STM32U535RCI6Q, STM32U535RCT6, STM32U535RCT6Q, STM32U535REI6, STM32U535REI6Q, STM32U535RET6, STM32U535RET6Q, STM32U535VCI6, STM32U535VCI6Q, STM32U535VCT6, STM32U535VCT6Q, STM32U535VEI6, STM32U535VEI6Q, STM32U535VET6, STM32U535VET6Q, STM32U545CET6, STM32U545CET6Q, STM32U545CEU6, STM32U545CEU6Q, STM32U545JEY6QTR, STM32U545NEY6QTR, STM32U545REI6, STM32U545REI6Q, STM32U545RET6, STM32U545RET6Q, STM32U545VEI6, STM32U545VEI6Q, STM32U545VET6, STM32U545VET6Q, STM32U595AIH6, STM32U595AIH6Q, STM32U595AJH6, STM32U595AJH6Q, STM32U595QII6, STM32U595QII6Q, STM32U595QJI6, STM32U595QJI6Q, STM32U595RIT6, STM32U595RIT6Q, STM32U595RJT6, STM32U595RJT6Q, STM32U595VIT6, STM32U595VIT6Q, STM32U595VJT6, STM32U595VJT6Q, STM32U595ZIT6, STM32U595ZIT6Q, STM32U595ZIY6QTR, STM32U595ZJT6, STM32U595ZJT6Q, STM32U595ZJY6QTR, STM32U599BJY6QTR, STM32U599NIH6Q, STM32U599NJH6Q, STM32U599VIT6Q, STM32U599VJT6, STM32U599VJT6Q, STM32U599ZIT6Q, STM32U599ZIY6QTR, STM32U599ZJT6Q, STM32U599ZJY6QTR, STM32U5A5AJH6, STM32U5A5AJH6Q, STM32U5A5QJI6, STM32U5A5QJI6Q, STM32U5A5RJT6, STM32U5A5RJT6Q, STM32U5A5VJT6, STM32U5A5VJT6Q, STM32U5A5ZJT6, STM32U5A5ZJT6Q, STM32U5A5ZJY6QTR, STM32U5A9BJY6QTR, STM32U5A9J-DK, STM32U5A9NJH6Q, STM32U5A9VJT6Q, STM32U5A9ZJT6Q, STM32U5A9ZJY6QTR, STM32U5F7VIT6, STM32U5F7VIT6Q, STM32U5F7VJT6, STM32U5F7VJT6Q, STM32U5F9BJY6QTR, STM32U5F9NJH6Q, STM32U5F9VIT6Q, STM32U5F9VJT6Q, STM32U5F9ZIJ6QTR, STM32U5F9ZIT6Q, STM32U5F9ZJJ6QTR, STM32U5F9ZJT6Q, STM32U5G7VJT6, STM32U5G7VJT6Q, STM32U5G9BJY6QTR, STM32U5G9J-DK1, STM32U5G9J-DK2, STM32U5G9NJH6Q, STM32U5G9VJT6Q, STM32U5G9ZJJ6QTR, STM32U5G9ZJT6Q, STM32WB1MMCH6, STM32WBA52CEU6, STM32WBA52CEU6T, STM32WBA52CGU6, STM32WBA52CGU6T, STM32WBA52KEU6, STM32WBA52KEU6T, STM32WBA52KGU6, STM32WBA52KGU6T, STM32WL5MOCH6, STM32WL5MOCH6TR]
2023-11-01 23:09:49,405 [INFO] BoardInfo:880 - No configuration file found for board P-NUCLEO-WB55
2023-11-01 23:09:49,405 [INFO] DbBoards:157 - Kit is not supported: P-NUCLEO-WB55
2023-11-01 23:09:49,410 [INFO] BoardInfo:880 - No configuration file found for board STEVAL-BFA001V1B
2023-11-01 23:09:49,411 [INFO] DbBoards:157 - Kit is not supported: STEVAL-BFA001V1B
2023-11-01 23:09:49,412 [INFO] BoardInfo:880 - No configuration file found for board STEVAL-BFA001V2B
2023-11-01 23:09:49,412 [INFO] DbBoards:157 - Kit is not supported: STEVAL-BFA001V2B
2023-11-01 23:09:49,569 [INFO] DbBoards:161 - Found 190 boards, 187 are supported
2023-11-01 23:09:49,571 [INFO] ApiDb:423 - Load user favorites file C:\Users\admin/.stm32cubeide/favorites.boards.txt: 0 item(s)
2023-11-01 23:09:49,571 [INFO] ApiDb:427 - User favorites Boards=[]
2023-11-01 23:09:49,571 [INFO] DbBoards:190 - Set 0 / 0 favorites Boards
2023-11-01 23:09:49,574 [INFO] ApiDb:668 - CubeFinder database Data Model version=2.1
2023-11-01 23:09:49,574 [INFO] ApiDb:669 - CubeFinder database Configuration version=3.0.37
2023-11-01 23:09:49,575 [INFO] ApiDb:670 - CubeFinder database generation date=2023-10-13 (1697197505)
2023-11-01 23:09:49,575 [INFO] ApiDb:671 - CubeFinder database FW Pack versions=[FP-ATR-ASTRA1_V2.0.0, FP-SNS-FLIGHT1_V5.0.1, FP-SNS-FLIGHT1_V5.0.2, FP-SNS-MOTENV1_V4.3.1, FP-SNS-MOTENV1_V4.3.2, FP-SNS-SMARTAG2_V1.2.0, I-CUBE-ITTIADB_V8.6.3-1, STM32Cube_FW_C0_V1.1.0, STM32Cube_FW_F4_V1.27.1, STM32Cube_FW_F7_V1.17.0, STM32Cube_FW_G0_V1.6.1, STM32Cube_FW_G4_V1.5.1, STM32Cube_FW_H5_V0.5.1, STM32Cube_FW_H5_V1.1.1, STM32Cube_FW_H7_V1.11.0, STM32Cube_FW_L0_V1.12.2, STM32Cube_FW_L5_V1.5.0, STM32Cube_FW_U5_V1.3.0, STM32Cube_FW_U5_V1.3.0RC4, STM32Cube_FW_WBA_V1.0.0RC1, STM32Cube_FW_WBA_V1.1.0RC1, STM32Cube_FW_WBA_V1.1.1, STM32Cube_FW_WB_V1.15.0RC1, STM32Cube_FW_WB_V1.16.0, STM32Cube_FW_WB_V1.16.0RC2, STM32Cube_FW_WB_V1.17.3, STM32Cube_FW_WL_V1.3.0, X-CUBE-ALGOBUILD_V1.3.0, X-CUBE-ALS_V1.0.1, X-CUBE-AZRTOS-F4_V1.1.0, X-CUBE-AZRTOS-F7_V1.1.0, X-CUBE-AZRTOS-G0_V1.1.0, X-CUBE-AZRTOS-G4_V2.0.0, X-CUBE-AZRTOS-H7_V3.1.0, X-CUBE-AZRTOS-L4_V1.0.0, X-CUBE-AZRTOS-L4_V2.0.0, X-CUBE-AZRTOS-L5_V1.1.0, X-CUBE-AZRTOS-WB_V2.0.0, X-CUBE-AZRTOS-WL_V2.0.0, X-CUBE-BLE1_V7.0.0, X-CUBE-BLE2_V3.3.0, X-CUBE-BLEMGR_V2.0.0, X-CUBE-EEPRMA1_V4.1.0, X-CUBE-FREERTOS_V1.1.0, X-CUBE-GNSS1_V6.0.0, X-CUBE-MEMS1_V10.0.0, X-CUBE-MEMS1_V9.1.0, X-CUBE-MEMS1_V9.4.0, X-CUBE-MEMS1_V9.6.0, X-CUBE-NFC4_V3.0.0, X-CUBE-NFC7_V1.0.1, X-CUBE-SFXS2LP1_V4.0.0, X-CUBE-SUBG2_V5.0.0, X-CUBE-TOF1_V3.3.1]
2023-11-01 23:09:50,499 [ERROR] DbExamplesSqlite:437 - Missing JSON key: board_cpn
2023-11-01 23:09:50,499 [ERROR] DbExamplesSqlite:437 - Missing JSON key: board_cpn
2023-11-01 23:09:50,499 [ERROR] DbExamplesSqlite:437 - Missing JSON key: board_cpn
2023-11-01 23:09:50,499 [ERROR] DbExamplesSqlite:437 - Missing JSON key: board_cpn
2023-11-01 23:09:50,514 [INFO] DbExamplesSqlite:395 - Ignored 27 examples not supported by CubeIDE
2023-11-01 23:09:50,514 [INFO] DbExamplesSqlite:396 - Found 7221 examples active
2023-11-01 23:09:50,514 [INFO] DbExamplesSqlite:397 - Found 777 examples obsolete
2023-11-01 23:09:50,515 [INFO] DbExamplesSqlite:398 - Found 0 examples under development
2023-11-01 23:09:50,515 [INFO] DbExamplesSqlite:399 - Found 74 examples not building
2023-11-01 23:09:50,518 [INFO] DbExamples:125 - Found 7268 examples
2023-11-01 23:09:50,536 [INFO] DbExamples:222 - Found 93 boards with related examples
2023-11-01 23:09:50,538 [INFO] DbExamples:235 - Found 79 MCUs with related examples
2023-11-01 23:09:50,560 [INFO] ApiDb:414 - User favorites file not found: C:\Users\admin/.stm32cubeide/favorites.examples.txt
2023-11-01 23:09:50,560 [INFO] DbExamples:250 - Set 0 / 0 favorites Examples
2023-11-01 23:09:51,151 [INFO] McuFinderGlobals:76 - Set McuFinderConnectedMode to true
2023-11-01 23:09:51,181 [INFO] MultiScanPanel:200 - Auto-refresh data requested => check proxy status ongoing
2023-11-01 23:09:51,186 [INFO] FinderPluginLoader:95 - Searching for filters in installed packs
2023-11-01 23:09:53,246 [INFO] LoadUrlFilesThread:185 - End of LoadServerUrlFiles without Thread
2023-11-01 23:09:53,259 [INFO] DetailPanel:341 - Set advertising image to C:/Users/admin/STM32Cube/Repository/\en.prom-stm32h5-mcu-finder.jpg
2023-11-01 23:10:10,275 [INFO] MultiScanPanel:200 - Auto-refresh data requested => check proxy status ongoing
2023-11-01 23:10:10,428 [INFO] LoadUrlFilesThread:185 - End of LoadServerUrlFiles without Thread
2023-11-01 23:10:10,428 [INFO] DetailPanel:341 - Set advertising image to C:/Users/admin/STM32Cube/Repository/\en.prom-stm32h5-mcu-finder.jpg
2023-11-01 23:10:10,441 [INFO] DbBoards:634 - Loading board mini-images...
2023-11-01 23:10:13,455 [INFO] DbBoards:657 - Loaded 190 board mini-images
2023-11-01 23:11:24,247 [INFO] McuFinderGlobals:76 - Set McuFinderConnectedMode to true
2023-11-01 23:11:24,252 [INFO] ApiDb:448 - Save user favorites file C:\Users\admin/.stm32cubeide/favorites.mcus.txt: 0 item(s)
2023-11-01 23:11:24,252 [INFO] ApiDb:452 - User favorites MCUs=[]
2023-11-01 23:11:24,254 [INFO] ApiDb:448 - Save user favorites file C:\Users\admin/.stm32cubeide/favorites.boards.txt: 0 item(s)
2023-11-01 23:11:24,254 [INFO] ApiDb:452 - User favorites Boards=[]
