2023-10-14 11:30:31,664 [INFO] Activator:176 - 


2023-10-14 11:30:31,672 [INFO] Activator:177 - !SESSION log4j initialized
2023-10-14 11:30:41,116 [INFO] LogOutputStream:77 - [STDOUT_REDIRECT] 
2023-10-14 11:30:43,872 [INFO] ApplicationProperties:184 - Using Application install path: C:\ST\STM32CubeIDE_1.13.0\STM32CubeIDE\plugins\com.st.stm32cube.common.mx_6.9.0.202307051724
2023-10-14 11:30:43,893 [INFO] DbMcusXml:78 - Set database path to: C:\ST\STM32CubeIDE_1.13.0\STM32CubeIDE\plugins\com.st.stm32cube.common.mx_6.9.0.202307051724\\db\/mcu/
2023-10-14 11:30:43,893 [INFO] ApiDb:274 - Set plugin database path to: C:\ST\STM32CubeIDE_1.13.0\STM32CubeIDE\plugins\com.st.stm32cube.common.mx_6.9.0.202307051724\\db\/plugins/boardmanager/
2023-10-14 11:30:43,898 [WARN] ApiDb:259 - Overriding images path with different value:  => C:\ST\STM32CubeIDE_1.13.0\STM32CubeIDE\plugins\com.st.stm32cube.common.mx_6.9.0.202307051724\\db\/plugins/mcufinder/images/
2023-10-14 11:30:43,908 [INFO] ApiDb:250 - Set database path to: C:\Users\admin\.stmcufinder\plugins\mcufinder//mcu/
2023-10-14 11:30:43,918 [INFO] DbMcusAds:125 - Set database path to: C:\Users\admin\.stmcufinder\plugins\mcufinder//mcu/
2023-10-14 11:30:44,721 [INFO] CrossReferenceDbSqlite:203 - Set database path to: C:\Users\admin\.stmcufinder\plugins\mcufinder//mcu/cs/
2023-10-14 11:30:44,875 [INFO] RulesReader:64 - Compatibility file has been processed (293 Rules)
2023-10-14 11:30:44,994 [INFO] DbMcusXml:78 - Set database path to: C:\ST\STM32CubeIDE_1.13.0\STM32CubeIDE\plugins\com.st.stm32cube.common.mx_6.9.0.202307051724\\db\/mcu/
2023-10-14 11:30:44,994 [INFO] ApiDb:274 - Set plugin database path to: C:\ST\STM32CubeIDE_1.13.0\STM32CubeIDE\plugins\com.st.stm32cube.common.mx_6.9.0.202307051724\\db\/plugins/boardmanager/
2023-10-14 11:30:44,995 [INFO] ApiDb:261 - Set plugin images path to: C:\ST\STM32CubeIDE_1.13.0\STM32CubeIDE\plugins\com.st.stm32cube.common.mx_6.9.0.202307051724\\db\/plugins/mcufinder/images/
2023-10-14 11:30:44,995 [WARN] DbFile:41 - Overriding database path with different value: C:\Users\admin\.stmcufinder\plugins\mcufinder/ => C:\Users\admin\.stmcufinder\plugins\mcufinder
2023-10-14 11:30:44,996 [INFO] ApiDb:250 - Set database path to: C:\Users\admin\.stmcufinder\plugins\mcufinder//mcu/
2023-10-14 11:30:44,996 [WARN] DbFile:41 - Overriding database path with different value: C:\Users\admin\.stmcufinder\plugins\mcufinder/ => C:\Users\admin\.stmcufinder\plugins\mcufinder
2023-10-14 11:30:44,996 [INFO] DbMcusAds:125 - Set database path to: C:\Users\admin\.stmcufinder\plugins\mcufinder//mcu/
2023-10-14 11:30:44,996 [WARN] DbFile:41 - Overriding database path with different value: C:\Users\admin\.stmcufinder\plugins\mcufinder/ => C:\Users\admin\.stmcufinder\plugins\mcufinder
2023-10-14 11:30:44,996 [WARN] DbFile:41 - Overriding database path with different value: C:\Users\admin\.stmcufinder\plugins\mcufinder/ => C:\Users\admin\.stmcufinder\plugins\mcufinder
2023-10-14 11:30:45,720 [INFO] CrossReferenceDbSqlite:203 - Set database path to: C:\Users\admin\.stmcufinder\plugins\mcufinder//mcu/cs/
2023-10-14 11:30:45,835 [INFO] MainPanel:262 - HeapMemory: 268435456
2023-10-14 11:30:45,955 [INFO] DbMcusXml:78 - Set database path to: C:\ST\STM32CubeIDE_1.13.0\STM32CubeIDE\plugins\com.st.stm32cube.common.mx_6.9.0.202307051724\\db\/mcu/
2023-10-14 11:30:45,956 [INFO] ApiDb:274 - Set plugin database path to: C:\ST\STM32CubeIDE_1.13.0\STM32CubeIDE\plugins\com.st.stm32cube.common.mx_6.9.0.202307051724\\db\/plugins/boardmanager/
2023-10-14 11:30:45,956 [INFO] ApiDb:261 - Set plugin images path to: C:\ST\STM32CubeIDE_1.13.0\STM32CubeIDE\plugins\com.st.stm32cube.common.mx_6.9.0.202307051724\\db\/plugins/mcufinder/images/
2023-10-14 11:30:45,957 [WARN] DbFile:41 - Overriding database path with different value: C:\Users\admin\.stmcufinder\plugins\mcufinder/ => C:\Users\admin\.stmcufinder\plugins\mcufinder
2023-10-14 11:30:45,957 [INFO] ApiDb:250 - Set database path to: C:\Users\admin\.stmcufinder\plugins\mcufinder//mcu/
2023-10-14 11:30:45,957 [WARN] DbFile:41 - Overriding database path with different value: C:\Users\admin\.stmcufinder\plugins\mcufinder/ => C:\Users\admin\.stmcufinder\plugins\mcufinder
2023-10-14 11:30:45,957 [INFO] DbMcusAds:125 - Set database path to: C:\Users\admin\.stmcufinder\plugins\mcufinder//mcu/
2023-10-14 11:30:45,957 [WARN] DbFile:41 - Overriding database path with different value: C:\Users\admin\.stmcufinder\plugins\mcufinder/ => C:\Users\admin\.stmcufinder\plugins\mcufinder
2023-10-14 11:30:45,957 [WARN] DbFile:41 - Overriding database path with different value: C:\Users\admin\.stmcufinder\plugins\mcufinder/ => C:\Users\admin\.stmcufinder\plugins\mcufinder
2023-10-14 11:30:46,721 [INFO] CrossReferenceDbSqlite:203 - Set database path to: C:\Users\admin\.stmcufinder\plugins\mcufinder//mcu/cs/
2023-10-14 11:30:46,743 [INFO] ApplicationProperties:184 - Using Application install path: C:\ST\STM32CubeIDE_1.13.0\STM32CubeIDE\plugins\com.st.stm32cube.common.mx_6.9.0.202307051724
2023-10-14 11:30:46,743 [INFO] PluginManage:196 - Search for loadable plugins [exclusion list=, ]
2023-10-14 11:30:46,748 [INFO] PluginManage:310 - Check plugin analytics
2023-10-14 11:30:47,818 [INFO] AnalyticsPlugin:253 - Accepted Software Licenses: STM32CubeMX.6.9.1
2023-10-14 11:30:47,818 [INFO] AnalyticsPlugin:255 - Accepted CMSIS Pack Licenses: 
2023-10-14 11:30:47,818 [INFO] AnalyticsPlugin:257 - Accepted Firmware Licenses: 
2023-10-14 11:30:47,821 [INFO] PluginManage:359 - Loaded plugin analytics (category:tool,tabindex:-1)
2023-10-14 11:30:47,821 [INFO] PluginManage:310 - Check plugin cadmodel
2023-10-14 11:30:47,838 [INFO] CADModel:105 - Init CAD model plugin
2023-10-14 11:30:47,838 [INFO] PluginManage:359 - Loaded plugin cadmodel (category:power,tabindex:5)
2023-10-14 11:30:47,838 [INFO] PluginManage:310 - Check plugin clock
2023-10-14 11:30:47,858 [INFO] PluginManage:359 - Loaded plugin clock (category:base,tabindex:2)
2023-10-14 11:30:47,858 [INFO] PluginManage:310 - Check plugin ddr
2023-10-14 11:30:47,858 [INFO] PluginManage:359 - Loaded plugin ddr (category:tool,tabindex:6)
2023-10-14 11:30:47,858 [INFO] PluginManage:310 - Check plugin filemanager
2023-10-14 11:30:48,158 [INFO] PluginManage:359 - Loaded plugin filemanager (category:base,tabindex:10)
2023-10-14 11:30:48,158 [INFO] PluginManage:310 - Check plugin ipmanager
2023-10-14 11:30:48,170 [INFO] PluginManage:359 - Loaded plugin ipmanager (category:base,tabindex:5)
2023-10-14 11:30:48,170 [INFO] PluginManage:310 - Check plugin lpbam
2023-10-14 11:30:48,188 [INFO] PluginManage:359 - Loaded plugin lpbam (category:base,tabindex:0)
2023-10-14 11:30:48,188 [INFO] PluginManage:310 - Check plugin memorymap
2023-10-14 11:30:48,217 [INFO] PluginManage:359 - Loaded plugin memorymap (category:base,tabindex:4)
2023-10-14 11:30:48,217 [INFO] PluginManage:310 - Check plugin pinoutandconfiguration
2023-10-14 11:30:48,228 [INFO] PluginManage:359 - Loaded plugin pinoutandconfiguration (category:base,tabindex:1)
2023-10-14 11:30:48,228 [INFO] PluginManage:310 - Check plugin pinoutconfig
2023-10-14 11:30:48,358 [WARN] SupportedApi:132 - Cannot load RTOS API schema: s4s-elt-must-match.1: The content of 'definitions' must match (annotation?, (simpleType | complexType)?, (unique | key | keyref)*)). A problem was found starting at: attribute.
2023-10-14 11:30:48,536 [INFO] PluginManage:359 - Loaded plugin pinoutconfig (category:base,tabindex:0)
2023-10-14 11:30:48,536 [INFO] PluginManage:310 - Check plugin power
2023-10-14 11:30:48,558 [INFO] PluginManage:359 - Loaded plugin power (category:power,tabindex:4)
2023-10-14 11:30:48,558 [INFO] PluginManage:310 - Check plugin projectmanager
2023-10-14 11:30:48,578 [INFO] PluginManage:359 - Loaded plugin projectmanager (category:projectmanager,tabindex:3)
2023-10-14 11:30:48,578 [INFO] PluginManage:310 - Check plugin thirdparty
2023-10-14 11:30:48,957 [WARN] IntegrityCheckThread:84 - waiting for thirdparty lock release [integrity check]
2023-10-14 11:30:48,957 [INFO] PluginManage:359 - Loaded plugin thirdparty (category:base,tabindex:-1)
2023-10-14 11:30:48,957 [INFO] IntegrityCheckThread:86 - entering critical section [integrity check]
2023-10-14 11:30:48,957 [INFO] PluginManage:310 - Check plugin tools
2023-10-14 11:30:48,958 [INFO] ThirdPartyUpdaterWithRetryManager:70 - Updater plugin not ready yet. [1/15]
2023-10-14 11:30:49,004 [INFO] PluginManage:359 - Loaded plugin tools (category:base,tabindex:7)
2023-10-14 11:30:49,004 [INFO] PluginManage:310 - Check plugin tutovideos
2023-10-14 11:30:49,238 [INFO] PluginManage:359 - Loaded plugin tutovideos (category:base,tabindex:-1)
2023-10-14 11:30:49,238 [INFO] PluginManage:310 - Check plugin updater
2023-10-14 11:30:49,258 [INFO] PluginManage:359 - Loaded plugin updater (category:base,tabindex:12)
2023-10-14 11:30:49,258 [INFO] PluginManage:310 - Check plugin userauth
2023-10-14 11:30:49,258 [INFO] UserAuth:113 - Init User Auth plugin
2023-10-14 11:30:49,258 [INFO] PluginManage:359 - Loaded plugin userauth (category:base,tabindex:14)
2023-10-14 11:30:49,258 [INFO] PluginManage:283 - PluginManage : Loaded plugins [17]
2023-10-14 11:30:49,538 [INFO] PinOutPanel:1499 - setPackage(No Configuration,No Configuration)
2023-10-14 11:30:49,713 [INFO] CADModel:165 - CPN selected for project level
2023-10-14 11:30:49,713 [INFO] CADModel:114 - Register for checkConnection events
2023-10-14 11:30:49,738 [INFO] IPUIPlugin:80 - create IPUIPlugin
2023-10-14 11:30:49,738 [INFO] PluginManager:220 - loadIPPluginJar : add adc
2023-10-14 11:30:49,788 [INFO] IPUIPlugin:80 - create IPUIPlugin
2023-10-14 11:30:49,788 [INFO] PluginManager:220 - loadIPPluginJar : add aes
2023-10-14 11:30:49,836 [INFO] IPUIPlugin:80 - create IPUIPlugin
2023-10-14 11:30:49,836 [INFO] PluginManager:220 - loadIPPluginJar : add can
2023-10-14 11:30:49,863 [INFO] IPUIPlugin:80 - create IPUIPlugin
2023-10-14 11:30:49,863 [INFO] PluginManager:220 - loadIPPluginJar : add comp
2023-10-14 11:30:49,898 [INFO] IPUIPlugin:80 - create IPUIPlugin
2023-10-14 11:30:49,898 [INFO] PluginManager:220 - loadIPPluginJar : add cryp
2023-10-14 11:30:49,937 [INFO] IPUIPlugin:80 - create IPUIPlugin
2023-10-14 11:30:49,937 [INFO] PluginManager:220 - loadIPPluginJar : add dfsdm
2023-10-14 11:30:49,950 [INFO] IPUIPlugin:80 - create IPUIPlugin
2023-10-14 11:30:49,950 [INFO] PluginManager:220 - loadIPPluginJar : add dma
2023-10-14 11:30:50,002 [INFO] IPUIPlugin:80 - create IPUIPlugin
2023-10-14 11:30:50,002 [INFO] PluginManager:220 - loadIPPluginJar : add dma3
2023-10-14 11:30:50,023 [INFO] IPUIPlugin:80 - create IPUIPlugin
2023-10-14 11:30:50,023 [INFO] PluginManager:220 - loadIPPluginJar : add fatfs
2023-10-14 11:30:50,071 [INFO] IPUIPlugin:80 - create IPUIPlugin
2023-10-14 11:30:50,071 [INFO] PluginManager:220 - loadIPPluginJar : add fmc
2023-10-14 11:30:50,088 [INFO] IPUIPlugin:80 - create IPUIPlugin
2023-10-14 11:30:50,088 [INFO] PluginManager:220 - loadIPPluginJar : add freertos
2023-10-14 11:30:50,108 [INFO] IPUIPlugin:80 - create IPUIPlugin
2023-10-14 11:30:50,108 [INFO] PluginManager:220 - loadIPPluginJar : add genericplugin
2023-10-14 11:30:50,228 [INFO] IPUIPlugin:80 - create IPUIPlugin
2023-10-14 11:30:50,228 [INFO] PluginManager:220 - loadIPPluginJar : add gfxmmu
2023-10-14 11:30:50,404 [INFO] IPUIPlugin:80 - create IPUIPlugin
2023-10-14 11:30:50,404 [INFO] PluginManager:220 - loadIPPluginJar : add gic
2023-10-14 11:30:50,436 [INFO] IPUIPlugin:80 - create IPUIPlugin
2023-10-14 11:30:50,436 [INFO] PluginManager:220 - loadIPPluginJar : add gpio
2023-10-14 11:30:50,633 [INFO] IPUIPlugin:80 - create IPUIPlugin
2023-10-14 11:30:50,633 [INFO] PluginManager:220 - loadIPPluginJar : add gtzc
2023-10-14 11:30:50,689 [INFO] IPUIPlugin:80 - create IPUIPlugin
2023-10-14 11:30:50,689 [INFO] PluginManager:220 - loadIPPluginJar : add hash
2023-10-14 11:30:50,758 [INFO] IPUIPlugin:80 - create IPUIPlugin
2023-10-14 11:30:50,758 [INFO] PluginManager:220 - loadIPPluginJar : add i2c
2023-10-14 11:30:50,808 [INFO] IPUIPlugin:80 - create IPUIPlugin
2023-10-14 11:30:50,808 [INFO] PluginManager:220 - loadIPPluginJar : add i2s
2023-10-14 11:30:50,868 [INFO] IPUIPlugin:80 - create IPUIPlugin
2023-10-14 11:30:50,868 [INFO] PluginManager:220 - loadIPPluginJar : add i3c
2023-10-14 11:30:51,008 [INFO] IPUIPlugin:80 - create IPUIPlugin
2023-10-14 11:30:51,008 [INFO] PluginManager:220 - loadIPPluginJar : add ipddr
2023-10-14 11:30:51,123 [INFO] IPUIPlugin:80 - create IPUIPlugin
2023-10-14 11:30:51,123 [INFO] PluginManager:220 - loadIPPluginJar : add linkedlist
2023-10-14 11:30:51,158 [INFO] IPUIPlugin:80 - create IPUIPlugin
2023-10-14 11:30:51,158 [INFO] PluginManager:220 - loadIPPluginJar : add lorawan
2023-10-14 11:30:51,208 [INFO] IPUIPlugin:80 - create IPUIPlugin
2023-10-14 11:30:51,208 [INFO] PluginManager:220 - loadIPPluginJar : add ltdc
2023-10-14 11:30:51,227 [INFO] IPUIPlugin:80 - create IPUIPlugin
2023-10-14 11:30:51,227 [INFO] PluginManager:220 - loadIPPluginJar : add mdma
2023-10-14 11:30:51,239 [INFO] IPUIPlugin:80 - create IPUIPlugin
2023-10-14 11:30:51,239 [INFO] PluginManager:220 - loadIPPluginJar : add nvic
2023-10-14 11:30:51,278 [INFO] IPUIPlugin:80 - create IPUIPlugin
2023-10-14 11:30:51,278 [INFO] PluginManager:220 - loadIPPluginJar : add opamp
2023-10-14 11:30:51,371 [INFO] IPUIPlugin:80 - create IPUIPlugin
2023-10-14 11:30:51,371 [INFO] PluginManager:220 - loadIPPluginJar : add openamp
2023-10-14 11:30:51,418 [INFO] IPUIPlugin:80 - create IPUIPlugin
2023-10-14 11:30:51,418 [INFO] PluginManager:220 - loadIPPluginJar : add pdm2pcm
2023-10-14 11:30:51,435 [INFO] IPUIPlugin:80 - create IPUIPlugin
2023-10-14 11:30:51,438 [INFO] PluginManager:220 - loadIPPluginJar : add plateformsettings
2023-10-14 11:30:51,458 [INFO] IPUIPlugin:80 - create IPUIPlugin
2023-10-14 11:30:51,458 [INFO] PluginManager:220 - loadIPPluginJar : add quadspi
2023-10-14 11:30:51,471 [INFO] IPUIPlugin:80 - create IPUIPlugin
2023-10-14 11:30:51,471 [INFO] PluginManager:220 - loadIPPluginJar : add resmgrutility
2023-10-14 11:30:51,534 [INFO] IPUIPlugin:80 - create IPUIPlugin
2023-10-14 11:30:51,534 [INFO] PluginManager:220 - loadIPPluginJar : add sai
2023-10-14 11:30:51,578 [INFO] IPUIPlugin:80 - create IPUIPlugin
2023-10-14 11:30:51,578 [INFO] PluginManager:220 - loadIPPluginJar : add spi
2023-10-14 11:30:51,638 [INFO] IPUIPlugin:80 - create IPUIPlugin
2023-10-14 11:30:51,638 [INFO] PluginManager:220 - loadIPPluginJar : add stm32_wpan
2023-10-14 11:30:51,668 [INFO] IPUIPlugin:80 - create IPUIPlugin
2023-10-14 11:30:51,669 [INFO] PluginManager:220 - loadIPPluginJar : add tim
2023-10-14 11:30:51,728 [INFO] IPUIPlugin:80 - create IPUIPlugin
2023-10-14 11:30:51,728 [INFO] PluginManager:220 - loadIPPluginJar : add touchsensing
2023-10-14 11:30:51,752 [INFO] IPUIPlugin:80 - create IPUIPlugin
2023-10-14 11:30:51,752 [INFO] PluginManager:220 - loadIPPluginJar : add tracer_emb
2023-10-14 11:30:51,784 [INFO] IPUIPlugin:80 - create IPUIPlugin
2023-10-14 11:30:51,784 [INFO] PluginManager:220 - loadIPPluginJar : add ts
2023-10-14 11:30:51,808 [INFO] IPUIPlugin:80 - create IPUIPlugin
2023-10-14 11:30:51,808 [INFO] PluginManager:220 - loadIPPluginJar : add tsc
2023-10-14 11:30:51,828 [INFO] IPUIPlugin:80 - create IPUIPlugin
2023-10-14 11:30:51,828 [INFO] PluginManager:220 - loadIPPluginJar : add ucpd
2023-10-14 11:30:51,879 [INFO] IPUIPlugin:80 - create IPUIPlugin
2023-10-14 11:30:51,879 [INFO] PluginManager:220 - loadIPPluginJar : add usart
2023-10-14 11:30:51,928 [INFO] IPUIPlugin:80 - create IPUIPlugin
2023-10-14 11:30:51,928 [INFO] PluginManager:220 - loadIPPluginJar : add usbx
2023-10-14 11:30:51,968 [INFO] ThirdPartyUpdaterWithRetryManager:70 - Updater plugin not ready yet. [2/15]
2023-10-14 11:30:52,064 [INFO] CADModel:165 - CPN selected for project level
2023-10-14 11:30:52,064 [INFO] CADModel:114 - Register for checkConnection events
2023-10-14 11:30:52,064 [FATAL] Updater:308 - Updater called before beeing initialized
2023-10-14 11:30:52,064 [ERROR] CADModel:125 - Updater not yet initialized, retry later 
2023-10-14 11:30:52,246 [INFO] CADModel:165 - CPN selected for project level
2023-10-14 11:30:52,246 [INFO] CADModel:114 - Register for checkConnection events
2023-10-14 11:30:52,246 [FATAL] Updater:308 - Updater called before beeing initialized
2023-10-14 11:30:52,246 [ERROR] CADModel:125 - Updater not yet initialized, retry later 
2023-10-14 11:30:52,248 [FATAL] Updater:308 - Updater called before beeing initialized
2023-10-14 11:30:52,402 [FATAL] Updater:308 - Updater called before beeing initialized
2023-10-14 11:30:52,416 [INFO] DbMcusAds:53 - JSON generation date=Tue Mar 07 15:50:55 ICT 2023 (1678179055114)
2023-10-14 11:30:52,416 [FATAL] Updater:308 - Updater called before beeing initialized
2023-10-14 11:30:52,458 [WARN] DetailPanel:346 - Failed to get advertising image, set to default
2023-10-14 11:30:52,570 [FATAL] Updater:308 - Updater called before beeing initialized
2023-10-14 11:30:52,570 [FATAL] Updater:308 - Updater called before beeing initialized
2023-10-14 11:30:52,570 [FATAL] Updater:308 - Updater called before beeing initialized
2023-10-14 11:30:52,570 [WARN] DetailPanel:346 - Failed to get advertising image, set to default
2023-10-14 11:30:52,570 [FATAL] Updater:308 - Updater called before beeing initialized
2023-10-14 11:30:52,648 [ERROR] Updater:1120 - MainUpdater not yet initialized. External WinMGr cannot be set.
2023-10-14 11:30:52,663 [INFO] Updater:1056 - Updater Version found : 6.9.0
2023-10-14 11:30:52,698 [INFO] ApplicationProperties:184 - Using Application install path: C:\ST\STM32CubeIDE_1.13.0\STM32CubeIDE\plugins\com.st.stm32cube.common.mx_6.9.0.202307051724
2023-10-14 11:30:52,948 [INFO] MainUpdater:2868 - connection check result : 10
2023-10-14 11:30:52,948 [INFO] MainUpdater:3562 - Updater definition file requires update
2023-10-14 11:30:52,950 [INFO] MainUpdater:285 - Updater Check For Update Now.
2023-10-14 11:30:52,950 [INFO] MicroXplorer:498 - Change Database Version : DB.6.0.90
2023-10-14 11:30:52,968 [INFO] McuFinderGlobals:63 - Set McuFinder mode to 2 (CubeIDE integrated)
2023-10-14 11:30:52,968 [INFO] UserAuth:179 - activating auth plugin
2023-10-14 11:30:52,973 [INFO] UserAuth:393 - Internet connection configuration mode: 1
2023-10-14 11:30:52,998 [INFO] JxBrowserEngine:151 - Initiate JxBrowser Engine with user profile folder
2023-10-14 11:30:53,020 [INFO] ServerAccessManage:473 - Download File updaters.zip
2023-10-14 11:30:53,166 [INFO] FileExtend:240 - Unzip File : updaters.zip
2023-10-14 11:30:53,166 [INFO] FileExtend:255 - Standard Zip Deflate
2023-10-14 11:30:54,620 [INFO] ServerAccessManage:473 - Download File PacksControlFlags.xml
2023-10-14 11:30:54,755 [INFO] ServerAccessManage:473 - Download File cubemx.pidx
2023-10-14 11:30:54,987 [WARN] MainUpdater:1189 - Updater busy. Cannot search thirdparties
2023-10-14 11:30:54,987 [INFO] ThirdPartyUpdaterWithRetryManager:96 - Updater plugin is busy. [1/15]
2023-10-14 11:30:55,000 [INFO] LoadServerUpdatesThread:373 - End of LoadServerUpdate Thread
2023-10-14 11:30:55,255 [INFO] CheckServerUpdateThread:120 - End of CheckServer Thread
2023-10-14 11:30:57,369 [INFO] WebApp:157 - Instantiating new browser for Auth
2023-10-14 11:30:58,277 [WARN] PackLoader:240 - Cannot read IP mode file for STMicroelectronics.X-CUBE-SMBUS.2.1.0
2023-10-14 11:30:58,279 [INFO] WebApp:753 - Register for checkConnection events
2023-10-14 11:30:58,280 [INFO] WebApp:390 - Apply proxy settings
2023-10-14 11:30:58,280 [INFO] WebApp:475 - Chromium requires no authentication
2023-10-14 11:30:58,297 [INFO] WebApp:418 - Direct internet connection detected
2023-10-14 11:30:58,339 [WARN] PackLoader:240 - Cannot read IP mode file for STMicroelectronics.X-CUBE-AZRTOS-F7.1.1.0
2023-10-14 11:30:58,387 [WARN] PackLoader:240 - Cannot read IP mode file for STMicroelectronics.FP-SNS-MOTENV1.4.3.2
2023-10-14 11:30:58,448 [WARN] PackLoader:240 - Cannot read IP mode file for STMicroelectronics.X-CUBE-BLE1.6.2.4
2023-10-14 11:30:58,457 [WARN] PackLoader:240 - Cannot read IP mode file for STMicroelectronics.FP-SNS-FLIGHT1.5.0.2
2023-10-14 11:30:58,490 [WARN] PackLoader:240 - Cannot read IP mode file for STMicroelectronics.X-CUBE-BLE1.7.0.0
2023-10-14 11:30:58,511 [WARN] PackLoader:240 - Cannot read IP mode file for STMicroelectronics.X-CUBE-TOUCHGFX.4.22.0
2023-10-14 11:30:58,530 [WARN] PackLoader:240 - Cannot read IP mode file for STMicroelectronics.X-CUBE-TOUCHGFX.4.22.1
2023-10-14 11:30:58,654 [WARN] PackLoader:240 - Cannot read IP mode file for STMicroelectronics.X-CUBE-MEMS1.9.3.0
2023-10-14 11:30:58,738 [INFO] WebApp:188 - Starting web application
2023-10-14 11:30:58,738 [INFO] WebApp:520 - Web application path used C:\ST\STM32CubeIDE_1.13.0\STM32CubeIDE\plugins\com.st.stm32cube.common.mx_6.9.0.202307051724\db\plugins\mcufinder\reactClient1\index.html
2023-10-14 11:30:58,932 [WARN] PackLoader:240 - Cannot read IP mode file for STMicroelectronics.FP-SNS-SMARTAG2.1.2.0
2023-10-14 11:30:58,964 [INFO] LogOutputStream:77 - [STDOUT_REDIRECT] 1 : Invalid condition id : UX_CORESTACK_Condition cause : null
2023-10-14 11:30:58,965 [INFO] LogOutputStream:77 - [STDOUT_REDIRECT] 1 : Invalid condition id : UX_CORESTACK_Condition cause : null
2023-10-14 11:30:58,967 [INFO] LogOutputStream:77 - [STDOUT_REDIRECT] 1 : Invalid condition id : UX_CORESTACK_Condition cause : null
2023-10-14 11:30:58,970 [INFO] LogOutputStream:77 - [STDOUT_REDIRECT] 1 : Invalid condition id : UX_CORESTACK_Condition cause : null
2023-10-14 11:30:58,972 [INFO] LogOutputStream:77 - [STDOUT_REDIRECT] 1 : Invalid condition id : UX_CORESTACK_Condition cause : null
2023-10-14 11:30:58,979 [WARN] PackLoader:240 - Cannot read IP mode file for STMicroelectronics.X-CUBE-AZRTOS-WL.2.0.0
2023-10-14 11:30:59,016 [WARN] PackLoader:240 - Cannot read IP mode file for WES.I-CUBE-Cesium.1.3.0
2023-10-14 11:30:59,041 [WARN] PackLoader:240 - Cannot read IP mode file for STMicroelectronics.X-CUBE-BLE2.3.3.0
2023-10-14 11:30:59,090 [WARN] PackLoader:240 - Cannot read IP mode file for STMicroelectronics.X-CUBE-TOF1.3.2.0
2023-10-14 11:30:59,124 [WARN] PackLoader:240 - Cannot read IP mode file for STMicroelectronics.X-CUBE-ISPU.1.0.0
2023-10-14 11:30:59,140 [WARN] PackLoader:240 - Cannot read IP mode file for STMicroelectronics.X-CUBE-TOUCHGFX.4.21.1
2023-10-14 11:30:59,245 [WARN] PackLoader:240 - Cannot read IP mode file for STMicroelectronics.X-CUBE-MEMS1.9.4.0
2023-10-14 11:30:59,495 [WARN] PackLoader:240 - Cannot read IP mode file for STMicroelectronics.X-CUBE-AI.7.3.0
2023-10-14 11:30:59,539 [WARN] PackLoader:240 - Cannot read IP mode file for STMicroelectronics.X-CUBE-AZRTOS-G0.1.1.0
2023-10-14 11:30:59,561 [WARN] PackLoader:240 - Cannot read IP mode file for STMicroelectronics.X-CUBE-NFC4.3.0.0
2023-10-14 11:30:59,586 [WARN] PackLoader:240 - Cannot read IP mode file for STMicroelectronics.X-CUBE-BLEMGR.1.3.0
2023-10-14 11:30:59,610 [WARN] PackLoader:240 - Cannot read IP mode file for STMicroelectronics.FP-ATR-SIGFOX1.3.2.0
2023-10-14 11:30:59,631 [WARN] PackLoader:240 - Cannot read IP mode file for STMicroelectronics.X-CUBE-TOUCHGFX.4.20.0
2023-10-14 11:30:59,699 [WARN] PackLoader:240 - Cannot read IP mode file for SEGGER.I-CUBE-embOS.1.3.1
2023-10-14 11:30:59,771 [WARN] PackLoader:240 - Cannot read IP mode file for STMicroelectronics.X-CUBE-GNSS1.6.0.0
2023-10-14 11:30:59,817 [WARN] PackLoader:240 - Cannot read IP mode file for STMicroelectronics.X-CUBE-AZRTOS-F4.1.1.0
2023-10-14 11:30:59,844 [WARN] PackLoader:240 - Cannot read IP mode file for STMicroelectronics.X-CUBE-BLEMGR.1.2.0
2023-10-14 11:30:59,891 [WARN] PackLoader:240 - Cannot read IP mode file for STMicroelectronics.X-CUBE-AZRTOS-L5.2.0.0
2023-10-14 11:30:59,975 [WARN] PackLoader:240 - Cannot read IP mode file for STMicroelectronics.X-CUBE-MEMS1.9.6.0
2023-10-14 11:31:00,230 [WARN] PackLoader:240 - Cannot read IP mode file for ITTIA_DB.I-CUBE-ITTIADB.8.8.0
2023-10-14 11:31:00,248 [WARN] PackLoader:240 - Cannot read IP mode file for STMicroelectronics.X-CUBE-BLEMGR.2.0.0
2023-10-14 11:31:00,308 [WARN] ConditionMgr:438 - getConditionDescription Invalid condition id : UX DEVICE CLASS RTOS Condition cause : null
2023-10-14 11:31:00,308 [WARN] ConditionMgr:438 - getConditionDescription Invalid condition id : UX DEVICE CLASS RTOS Condition cause : null
2023-10-14 11:31:00,317 [WARN] PackLoader:240 - Cannot read IP mode file for STMicroelectronics.X-CUBE-AZRTOS-H7.3.1.0
2023-10-14 11:31:00,319 [WARN] ConditionMgr:1039 - genDependencies : Invalid condition id : UX DEVICE CLASS RTOS Condition cause : null
2023-10-14 11:31:00,320 [WARN] ConditionMgr:1039 - genDependencies : Invalid condition id : UX DEVICE CLASS RTOS Condition cause : null
2023-10-14 11:31:00,320 [WARN] ConditionMgr:1039 - genDependencies : Invalid condition id : UX DEVICE CLASS RTOS Condition cause : null
2023-10-14 11:31:00,321 [WARN] ConditionMgr:1039 - genDependencies : Invalid condition id : UX DEVICE CLASS RTOS Condition cause : null
2023-10-14 11:31:00,321 [WARN] ConditionMgr:1039 - genDependencies : Invalid condition id : UX DEVICE CLASS RTOS Condition cause : null
2023-10-14 11:31:00,342 [WARN] PackLoader:240 - Cannot read IP mode file for STMicroelectronics.X-CUBE-NFC7.1.0.1
2023-10-14 11:31:00,362 [WARN] PackLoader:240 - Cannot read IP mode file for STMicroelectronics.X-CUBE-NFC6.3.0.0
2023-10-14 11:31:00,385 [WARN] PackLoader:240 - Cannot read IP mode file for STMicroelectronics.X-CUBE-EEPRMA1.4.1.0
2023-10-14 11:31:00,401 [WARN] PackLoader:240 - Cannot read IP mode file for STMicroelectronics.X-CUBE-AI.8.1.0
2023-10-14 11:31:00,449 [WARN] ConditionMgr:438 - getConditionDescription Invalid condition id : LAN8742 Phy interface Condition cause : null
2023-10-14 11:31:00,450 [WARN] PackLoader:240 - Cannot read IP mode file for STMicroelectronics.X-CUBE-AZRTOS-L4.2.0.0
2023-10-14 11:31:00,453 [WARN] ConditionMgr:1039 - genDependencies : Invalid condition id : LAN8742 Phy interface Condition cause : null
2023-10-14 11:31:00,453 [WARN] ConditionMgr:1039 - genDependencies : Invalid condition id : LAN8742 Phy interface Condition cause : null
2023-10-14 11:31:00,454 [WARN] ConditionMgr:1039 - genDependencies : Invalid condition id : LAN8742 Phy interface Condition cause : null
2023-10-14 11:31:00,481 [WARN] PackLoader:240 - Cannot read IP mode file for STMicroelectronics.X-CUBE-SFXS2LP1.4.0.0
2023-10-14 11:31:00,533 [WARN] PackLoader:240 - Cannot read IP mode file for STMicroelectronics.X-CUBE-AZRTOS-H7.3.0.0
2023-10-14 11:31:00,553 [WARN] PackLoader:240 - Cannot read IP mode file for STMicroelectronics.X-CUBE-ISPU.1.1.0
2023-10-14 11:31:00,589 [WARN] ConditionMgr:438 - getConditionDescription Invalid condition id : UX DEVICE CLASS RTOS Condition cause : null
2023-10-14 11:31:00,590 [WARN] ConditionMgr:438 - getConditionDescription Invalid condition id : UX DEVICE CLASS RTOS Condition cause : null
2023-10-14 11:31:00,592 [WARN] PackLoader:240 - Cannot read IP mode file for STMicroelectronics.X-CUBE-AZRTOS-WB.2.0.0
2023-10-14 11:31:00,593 [WARN] ConditionMgr:1039 - genDependencies : Invalid condition id : UX DEVICE CLASS RTOS Condition cause : null
2023-10-14 11:31:00,594 [WARN] ConditionMgr:1039 - genDependencies : Invalid condition id : UX DEVICE CLASS RTOS Condition cause : null
2023-10-14 11:31:00,594 [WARN] ConditionMgr:1039 - genDependencies : Invalid condition id : UX DEVICE CLASS RTOS Condition cause : null
2023-10-14 11:31:00,595 [WARN] ConditionMgr:1039 - genDependencies : Invalid condition id : UX DEVICE CLASS RTOS Condition cause : null
2023-10-14 11:31:00,595 [WARN] ConditionMgr:1039 - genDependencies : Invalid condition id : UX DEVICE CLASS RTOS Condition cause : null
2023-10-14 11:31:00,612 [WARN] PackLoader:240 - Cannot read IP mode file for STMicroelectronics.X-CUBE-FREERTOS.1.0.1
2023-10-14 11:31:00,643 [WARN] PackLoader:240 - Cannot read IP mode file for STMicroelectronics.X-CUBE-AZRTOS-L5.1.1.0
2023-10-14 11:31:00,661 [WARN] PackLoader:240 - Cannot read IP mode file for STMicroelectronics.X-CUBE-AI.8.0.1
2023-10-14 11:31:00,689 [WARN] PackLoader:240 - Cannot read IP mode file for STMicroelectronics.X-CUBE-TOF1.3.3.1
2023-10-14 11:31:00,738 [WARN] PackLoader:240 - Cannot read IP mode file for STMicroelectronics.X-CUBE-AZRTOS-G4.2.0.0
2023-10-14 11:31:00,762 [WARN] PackLoader:240 - Cannot read IP mode file for STMicroelectronics.FP-ATR-ASTRA1.1.1.1
2023-10-14 11:31:00,799 [WARN] PackLoader:240 - Cannot read IP mode file for Infineon.AIROC-Wi-Fi-Bluetooth-STM32.1.5.1
2023-10-14 11:31:00,823 [WARN] PackLoader:240 - Cannot read IP mode file for STMicroelectronics.X-CUBE-FREERTOS.1.1.0
2023-10-14 11:31:00,862 [WARN] PackLoader:240 - Cannot read IP mode file for STMicroelectronics.X-CUBE-AZRTOS-WB.1.1.0
2023-10-14 11:31:00,881 [WARN] PackLoader:240 - Cannot read IP mode file for STMicroelectronics.FP-ATR-ASTRA1.2.0.0
2023-10-14 11:31:00,882 [INFO] ThirdParty:978 - Integrity check success = true
2023-10-14 11:31:00,882 [INFO] IntegrityCheckThread:100 - exiting critical section [integrity check]
2023-10-14 11:31:00,883 [INFO] IntegrityCheckThread:103 - End integrity checks thread
2023-10-14 11:31:20,066 [ERROR] LogOutputStream:75 - [STDERR_REDIRECT] SLF4J: Failed to load class "org.slf4j.impl.StaticLoggerBinder".
2023-10-14 11:31:20,067 [ERROR] LogOutputStream:75 - [STDERR_REDIRECT] SLF4J: Defaulting to no-operation (NOP) logger implementation
2023-10-14 11:31:20,068 [ERROR] LogOutputStream:75 - [STDERR_REDIRECT] SLF4J: See http://www.slf4j.org/codes.html#StaticLoggerBinder for further details.
2023-10-14 14:59:41,723 [ERROR] ConfigurationRetriever:142 - IOException on connection: Read timed out
2023-10-14 14:59:49,701 [ERROR] LogOutputStream:75 - [STDERR_REDIRECT] 
