2024-04-06 22:41:22,054 [INFO] Activator:176 - 


2024-04-06 22:41:22,064 [INFO] Activator:177 - !SESSION log4j initialized
2024-04-06 22:41:31,823 [INFO] LogOutputStream:77 - [STDOUT_REDIRECT] 
2024-04-06 22:41:35,408 [INFO] ApplicationProperties:184 - Using Application install path: C:\ST\STM32CubeIDE_1.13.0\STM32CubeIDE\plugins\com.st.stm32cube.common.mx_6.9.0.202307051724
2024-04-06 22:41:35,435 [INFO] DbMcusXml:78 - Set database path to: C:\ST\STM32CubeIDE_1.13.0\STM32CubeIDE\plugins\com.st.stm32cube.common.mx_6.9.0.202307051724\\db\/mcu/
2024-04-06 22:41:35,436 [INFO] ApiDb:274 - Set plugin database path to: C:\ST\STM32CubeIDE_1.13.0\STM32CubeIDE\plugins\com.st.stm32cube.common.mx_6.9.0.202307051724\\db\/plugins/boardmanager/
2024-04-06 22:41:35,437 [WARN] ApiDb:259 - Overriding images path with different value:  => C:\ST\STM32CubeIDE_1.13.0\STM32CubeIDE\plugins\com.st.stm32cube.common.mx_6.9.0.202307051724\\db\/plugins/mcufinder/images/
2024-04-06 22:41:35,460 [INFO] ApiDb:250 - Set database path to: C:\Users\admin\.stmcufinder\plugins\mcufinder//mcu/
2024-04-06 22:41:35,463 [INFO] DbMcusAds:125 - Set database path to: C:\Users\admin\.stmcufinder\plugins\mcufinder//mcu/
2024-04-06 22:41:36,352 [INFO] CrossReferenceDbSqlite:203 - Set database path to: C:\Users\admin\.stmcufinder\plugins\mcufinder//mcu/cs/
2024-04-06 22:41:36,560 [INFO] RulesReader:64 - Compatibility file has been processed (293 Rules)
2024-04-06 22:41:36,685 [INFO] DbMcusXml:78 - Set database path to: C:\ST\STM32CubeIDE_1.13.0\STM32CubeIDE\plugins\com.st.stm32cube.common.mx_6.9.0.202307051724\\db\/mcu/
2024-04-06 22:41:36,686 [INFO] ApiDb:274 - Set plugin database path to: C:\ST\STM32CubeIDE_1.13.0\STM32CubeIDE\plugins\com.st.stm32cube.common.mx_6.9.0.202307051724\\db\/plugins/boardmanager/
2024-04-06 22:41:36,686 [INFO] ApiDb:261 - Set plugin images path to: C:\ST\STM32CubeIDE_1.13.0\STM32CubeIDE\plugins\com.st.stm32cube.common.mx_6.9.0.202307051724\\db\/plugins/mcufinder/images/
2024-04-06 22:41:36,686 [WARN] DbFile:41 - Overriding database path with different value: C:\Users\admin\.stmcufinder\plugins\mcufinder/ => C:\Users\admin\.stmcufinder\plugins\mcufinder
2024-04-06 22:41:36,687 [INFO] ApiDb:250 - Set database path to: C:\Users\admin\.stmcufinder\plugins\mcufinder//mcu/
2024-04-06 22:41:36,687 [WARN] DbFile:41 - Overriding database path with different value: C:\Users\admin\.stmcufinder\plugins\mcufinder/ => C:\Users\admin\.stmcufinder\plugins\mcufinder
2024-04-06 22:41:36,687 [INFO] DbMcusAds:125 - Set database path to: C:\Users\admin\.stmcufinder\plugins\mcufinder//mcu/
2024-04-06 22:41:36,687 [WARN] DbFile:41 - Overriding database path with different value: C:\Users\admin\.stmcufinder\plugins\mcufinder/ => C:\Users\admin\.stmcufinder\plugins\mcufinder
2024-04-06 22:41:36,687 [WARN] DbFile:41 - Overriding database path with different value: C:\Users\admin\.stmcufinder\plugins\mcufinder/ => C:\Users\admin\.stmcufinder\plugins\mcufinder
2024-04-06 22:41:37,344 [INFO] CrossReferenceDbSqlite:203 - Set database path to: C:\Users\admin\.stmcufinder\plugins\mcufinder//mcu/cs/
2024-04-06 22:41:37,460 [INFO] MainPanel:262 - HeapMemory: 268435456
2024-04-06 22:41:37,610 [INFO] DbMcusXml:78 - Set database path to: C:\ST\STM32CubeIDE_1.13.0\STM32CubeIDE\plugins\com.st.stm32cube.common.mx_6.9.0.202307051724\\db\/mcu/
2024-04-06 22:41:37,610 [INFO] ApiDb:274 - Set plugin database path to: C:\ST\STM32CubeIDE_1.13.0\STM32CubeIDE\plugins\com.st.stm32cube.common.mx_6.9.0.202307051724\\db\/plugins/boardmanager/
2024-04-06 22:41:37,610 [INFO] ApiDb:261 - Set plugin images path to: C:\ST\STM32CubeIDE_1.13.0\STM32CubeIDE\plugins\com.st.stm32cube.common.mx_6.9.0.202307051724\\db\/plugins/mcufinder/images/
2024-04-06 22:41:37,611 [WARN] DbFile:41 - Overriding database path with different value: C:\Users\admin\.stmcufinder\plugins\mcufinder/ => C:\Users\admin\.stmcufinder\plugins\mcufinder
2024-04-06 22:41:37,611 [INFO] ApiDb:250 - Set database path to: C:\Users\admin\.stmcufinder\plugins\mcufinder//mcu/
2024-04-06 22:41:37,611 [WARN] DbFile:41 - Overriding database path with different value: C:\Users\admin\.stmcufinder\plugins\mcufinder/ => C:\Users\admin\.stmcufinder\plugins\mcufinder
2024-04-06 22:41:37,611 [INFO] DbMcusAds:125 - Set database path to: C:\Users\admin\.stmcufinder\plugins\mcufinder//mcu/
2024-04-06 22:41:37,611 [WARN] DbFile:41 - Overriding database path with different value: C:\Users\admin\.stmcufinder\plugins\mcufinder/ => C:\Users\admin\.stmcufinder\plugins\mcufinder
2024-04-06 22:41:37,611 [WARN] DbFile:41 - Overriding database path with different value: C:\Users\admin\.stmcufinder\plugins\mcufinder/ => C:\Users\admin\.stmcufinder\plugins\mcufinder
2024-04-06 22:41:38,346 [INFO] CrossReferenceDbSqlite:203 - Set database path to: C:\Users\admin\.stmcufinder\plugins\mcufinder//mcu/cs/
2024-04-06 22:41:38,390 [INFO] ApplicationProperties:184 - Using Application install path: C:\ST\STM32CubeIDE_1.13.0\STM32CubeIDE\plugins\com.st.stm32cube.common.mx_6.9.0.202307051724
2024-04-06 22:41:38,392 [INFO] PluginManage:196 - Search for loadable plugins [exclusion list=, ]
2024-04-06 22:41:38,395 [INFO] PluginManage:310 - Check plugin analytics
2024-04-06 22:41:39,480 [INFO] AnalyticsPlugin:253 - Accepted Software Licenses: STM32CubeMX.6.9.1
2024-04-06 22:41:39,481 [INFO] AnalyticsPlugin:255 - Accepted CMSIS Pack Licenses: 
2024-04-06 22:41:39,481 [INFO] AnalyticsPlugin:257 - Accepted Firmware Licenses: 
2024-04-06 22:41:39,490 [INFO] PluginManage:359 - Loaded plugin analytics (category:tool,tabindex:-1)
2024-04-06 22:41:39,491 [INFO] PluginManage:310 - Check plugin cadmodel
2024-04-06 22:41:39,509 [INFO] CADModel:105 - Init CAD model plugin
2024-04-06 22:41:39,509 [INFO] PluginManage:359 - Loaded plugin cadmodel (category:power,tabindex:5)
2024-04-06 22:41:39,509 [INFO] PluginManage:310 - Check plugin clock
2024-04-06 22:41:39,530 [INFO] PluginManage:359 - Loaded plugin clock (category:base,tabindex:2)
2024-04-06 22:41:39,530 [INFO] PluginManage:310 - Check plugin ddr
2024-04-06 22:41:39,533 [INFO] PluginManage:359 - Loaded plugin ddr (category:tool,tabindex:6)
2024-04-06 22:41:39,534 [INFO] PluginManage:310 - Check plugin filemanager
2024-04-06 22:41:39,859 [INFO] PluginManage:359 - Loaded plugin filemanager (category:base,tabindex:10)
2024-04-06 22:41:39,860 [INFO] PluginManage:310 - Check plugin ipmanager
2024-04-06 22:41:39,903 [INFO] PluginManage:359 - Loaded plugin ipmanager (category:base,tabindex:5)
2024-04-06 22:41:39,903 [INFO] PluginManage:310 - Check plugin lpbam
2024-04-06 22:41:39,931 [INFO] PluginManage:359 - Loaded plugin lpbam (category:base,tabindex:0)
2024-04-06 22:41:39,931 [INFO] PluginManage:310 - Check plugin memorymap
2024-04-06 22:41:39,965 [INFO] PluginManage:359 - Loaded plugin memorymap (category:base,tabindex:4)
2024-04-06 22:41:39,966 [INFO] PluginManage:310 - Check plugin pinoutandconfiguration
2024-04-06 22:41:39,989 [INFO] PluginManage:359 - Loaded plugin pinoutandconfiguration (category:base,tabindex:1)
2024-04-06 22:41:39,990 [INFO] PluginManage:310 - Check plugin pinoutconfig
2024-04-06 22:41:40,151 [WARN] SupportedApi:132 - Cannot load RTOS API schema: s4s-elt-must-match.1: The content of 'definitions' must match (annotation?, (simpleType | complexType)?, (unique | key | keyref)*)). A problem was found starting at: attribute.
2024-04-06 22:41:40,360 [INFO] PluginManage:359 - Loaded plugin pinoutconfig (category:base,tabindex:0)
2024-04-06 22:41:40,360 [INFO] PluginManage:310 - Check plugin power
2024-04-06 22:41:40,394 [INFO] PluginManage:359 - Loaded plugin power (category:power,tabindex:4)
2024-04-06 22:41:40,394 [INFO] PluginManage:310 - Check plugin projectmanager
2024-04-06 22:41:40,415 [INFO] PluginManage:359 - Loaded plugin projectmanager (category:projectmanager,tabindex:3)
2024-04-06 22:41:40,416 [INFO] PluginManage:310 - Check plugin thirdparty
2024-04-06 22:41:40,813 [INFO] PluginManage:359 - Loaded plugin thirdparty (category:base,tabindex:-1)
2024-04-06 22:41:40,813 [WARN] IntegrityCheckThread:84 - waiting for thirdparty lock release [integrity check]
2024-04-06 22:41:40,813 [INFO] PluginManage:310 - Check plugin tools
2024-04-06 22:41:40,813 [INFO] IntegrityCheckThread:86 - entering critical section [integrity check]
2024-04-06 22:41:40,814 [INFO] ThirdPartyUpdaterWithRetryManager:70 - Updater plugin not ready yet. [1/15]
2024-04-06 22:41:40,855 [INFO] PluginManage:359 - Loaded plugin tools (category:base,tabindex:7)
2024-04-06 22:41:40,856 [INFO] PluginManage:310 - Check plugin tutovideos
2024-04-06 22:41:41,105 [INFO] PluginManage:359 - Loaded plugin tutovideos (category:base,tabindex:-1)
2024-04-06 22:41:41,106 [INFO] PluginManage:310 - Check plugin updater
2024-04-06 22:41:41,121 [INFO] PluginManage:359 - Loaded plugin updater (category:base,tabindex:12)
2024-04-06 22:41:41,121 [INFO] PluginManage:310 - Check plugin userauth
2024-04-06 22:41:41,128 [INFO] UserAuth:113 - Init User Auth plugin
2024-04-06 22:41:41,128 [INFO] PluginManage:359 - Loaded plugin userauth (category:base,tabindex:14)
2024-04-06 22:41:41,128 [INFO] PluginManage:283 - PluginManage : Loaded plugins [17]
2024-04-06 22:41:41,466 [INFO] PinOutPanel:1499 - setPackage(No Configuration,No Configuration)
2024-04-06 22:41:41,586 [INFO] CADModel:165 - CPN selected for project level
2024-04-06 22:41:41,586 [INFO] CADModel:114 - Register for checkConnection events
2024-04-06 22:41:41,616 [INFO] IPUIPlugin:80 - create IPUIPlugin
2024-04-06 22:41:41,616 [INFO] PluginManager:220 - loadIPPluginJar : add adc
2024-04-06 22:41:41,658 [INFO] IPUIPlugin:80 - create IPUIPlugin
2024-04-06 22:41:41,658 [INFO] PluginManager:220 - loadIPPluginJar : add aes
2024-04-06 22:41:41,705 [INFO] IPUIPlugin:80 - create IPUIPlugin
2024-04-06 22:41:41,706 [INFO] PluginManager:220 - loadIPPluginJar : add can
2024-04-06 22:41:41,730 [INFO] IPUIPlugin:80 - create IPUIPlugin
2024-04-06 22:41:41,730 [INFO] PluginManager:220 - loadIPPluginJar : add comp
2024-04-06 22:41:41,765 [INFO] IPUIPlugin:80 - create IPUIPlugin
2024-04-06 22:41:41,765 [INFO] PluginManager:220 - loadIPPluginJar : add cryp
2024-04-06 22:41:41,797 [INFO] IPUIPlugin:80 - create IPUIPlugin
2024-04-06 22:41:41,797 [INFO] PluginManager:220 - loadIPPluginJar : add dfsdm
2024-04-06 22:41:41,814 [INFO] IPUIPlugin:80 - create IPUIPlugin
2024-04-06 22:41:41,815 [INFO] PluginManager:220 - loadIPPluginJar : add dma
2024-04-06 22:41:41,861 [INFO] IPUIPlugin:80 - create IPUIPlugin
2024-04-06 22:41:41,861 [INFO] PluginManager:220 - loadIPPluginJar : add dma3
2024-04-06 22:41:41,881 [INFO] IPUIPlugin:80 - create IPUIPlugin
2024-04-06 22:41:41,881 [INFO] PluginManager:220 - loadIPPluginJar : add fatfs
2024-04-06 22:41:41,933 [INFO] IPUIPlugin:80 - create IPUIPlugin
2024-04-06 22:41:41,934 [INFO] PluginManager:220 - loadIPPluginJar : add fmc
2024-04-06 22:41:41,949 [INFO] IPUIPlugin:80 - create IPUIPlugin
2024-04-06 22:41:41,949 [INFO] PluginManager:220 - loadIPPluginJar : add freertos
2024-04-06 22:41:41,971 [INFO] IPUIPlugin:80 - create IPUIPlugin
2024-04-06 22:41:41,972 [INFO] PluginManager:220 - loadIPPluginJar : add genericplugin
2024-04-06 22:41:42,076 [INFO] IPUIPlugin:80 - create IPUIPlugin
2024-04-06 22:41:42,076 [INFO] PluginManager:220 - loadIPPluginJar : add gfxmmu
2024-04-06 22:41:42,213 [INFO] IPUIPlugin:80 - create IPUIPlugin
2024-04-06 22:41:42,213 [INFO] PluginManager:220 - loadIPPluginJar : add gic
2024-04-06 22:41:42,227 [INFO] IPUIPlugin:80 - create IPUIPlugin
2024-04-06 22:41:42,227 [INFO] PluginManager:220 - loadIPPluginJar : add gpio
2024-04-06 22:41:42,348 [INFO] IPUIPlugin:80 - create IPUIPlugin
2024-04-06 22:41:42,348 [INFO] PluginManager:220 - loadIPPluginJar : add gtzc
2024-04-06 22:41:42,385 [INFO] IPUIPlugin:80 - create IPUIPlugin
2024-04-06 22:41:42,385 [INFO] PluginManager:220 - loadIPPluginJar : add hash
2024-04-06 22:41:42,450 [INFO] IPUIPlugin:80 - create IPUIPlugin
2024-04-06 22:41:42,450 [INFO] PluginManager:220 - loadIPPluginJar : add i2c
2024-04-06 22:41:42,495 [INFO] IPUIPlugin:80 - create IPUIPlugin
2024-04-06 22:41:42,495 [INFO] PluginManager:220 - loadIPPluginJar : add i2s
2024-04-06 22:41:42,539 [INFO] IPUIPlugin:80 - create IPUIPlugin
2024-04-06 22:41:42,539 [INFO] PluginManager:220 - loadIPPluginJar : add i3c
2024-04-06 22:41:42,652 [INFO] IPUIPlugin:80 - create IPUIPlugin
2024-04-06 22:41:42,653 [INFO] PluginManager:220 - loadIPPluginJar : add ipddr
2024-04-06 22:41:42,759 [INFO] IPUIPlugin:80 - create IPUIPlugin
2024-04-06 22:41:42,759 [INFO] PluginManager:220 - loadIPPluginJar : add linkedlist
2024-04-06 22:41:42,796 [INFO] IPUIPlugin:80 - create IPUIPlugin
2024-04-06 22:41:42,796 [INFO] PluginManager:220 - loadIPPluginJar : add lorawan
2024-04-06 22:41:42,834 [INFO] IPUIPlugin:80 - create IPUIPlugin
2024-04-06 22:41:42,834 [INFO] PluginManager:220 - loadIPPluginJar : add ltdc
2024-04-06 22:41:42,848 [INFO] IPUIPlugin:80 - create IPUIPlugin
2024-04-06 22:41:42,848 [INFO] PluginManager:220 - loadIPPluginJar : add mdma
2024-04-06 22:41:42,861 [INFO] IPUIPlugin:80 - create IPUIPlugin
2024-04-06 22:41:42,861 [INFO] PluginManager:220 - loadIPPluginJar : add nvic
2024-04-06 22:41:42,901 [INFO] IPUIPlugin:80 - create IPUIPlugin
2024-04-06 22:41:42,901 [INFO] PluginManager:220 - loadIPPluginJar : add opamp
2024-04-06 22:41:42,969 [INFO] IPUIPlugin:80 - create IPUIPlugin
2024-04-06 22:41:42,970 [INFO] PluginManager:220 - loadIPPluginJar : add openamp
2024-04-06 22:41:43,036 [INFO] IPUIPlugin:80 - create IPUIPlugin
2024-04-06 22:41:43,036 [INFO] PluginManager:220 - loadIPPluginJar : add pdm2pcm
2024-04-06 22:41:43,057 [INFO] IPUIPlugin:80 - create IPUIPlugin
2024-04-06 22:41:43,059 [INFO] PluginManager:220 - loadIPPluginJar : add plateformsettings
2024-04-06 22:41:43,084 [INFO] IPUIPlugin:80 - create IPUIPlugin
2024-04-06 22:41:43,084 [INFO] PluginManager:220 - loadIPPluginJar : add quadspi
2024-04-06 22:41:43,099 [INFO] IPUIPlugin:80 - create IPUIPlugin
2024-04-06 22:41:43,099 [INFO] PluginManager:220 - loadIPPluginJar : add resmgrutility
2024-04-06 22:41:43,158 [INFO] IPUIPlugin:80 - create IPUIPlugin
2024-04-06 22:41:43,158 [INFO] PluginManager:220 - loadIPPluginJar : add sai
2024-04-06 22:41:43,200 [INFO] IPUIPlugin:80 - create IPUIPlugin
2024-04-06 22:41:43,200 [INFO] PluginManager:220 - loadIPPluginJar : add spi
2024-04-06 22:41:43,265 [INFO] IPUIPlugin:80 - create IPUIPlugin
2024-04-06 22:41:43,265 [INFO] PluginManager:220 - loadIPPluginJar : add stm32_wpan
2024-04-06 22:41:43,289 [INFO] IPUIPlugin:80 - create IPUIPlugin
2024-04-06 22:41:43,289 [INFO] PluginManager:220 - loadIPPluginJar : add tim
2024-04-06 22:41:43,354 [INFO] IPUIPlugin:80 - create IPUIPlugin
2024-04-06 22:41:43,355 [INFO] PluginManager:220 - loadIPPluginJar : add touchsensing
2024-04-06 22:41:43,379 [INFO] IPUIPlugin:80 - create IPUIPlugin
2024-04-06 22:41:43,379 [INFO] PluginManager:220 - loadIPPluginJar : add tracer_emb
2024-04-06 22:41:43,404 [INFO] IPUIPlugin:80 - create IPUIPlugin
2024-04-06 22:41:43,404 [INFO] PluginManager:220 - loadIPPluginJar : add ts
2024-04-06 22:41:43,436 [INFO] IPUIPlugin:80 - create IPUIPlugin
2024-04-06 22:41:43,437 [INFO] PluginManager:220 - loadIPPluginJar : add tsc
2024-04-06 22:41:43,463 [INFO] IPUIPlugin:80 - create IPUIPlugin
2024-04-06 22:41:43,463 [INFO] PluginManager:220 - loadIPPluginJar : add ucpd
2024-04-06 22:41:43,515 [INFO] IPUIPlugin:80 - create IPUIPlugin
2024-04-06 22:41:43,515 [INFO] PluginManager:220 - loadIPPluginJar : add usart
2024-04-06 22:41:43,564 [INFO] IPUIPlugin:80 - create IPUIPlugin
2024-04-06 22:41:43,564 [INFO] PluginManager:220 - loadIPPluginJar : add usbx
2024-04-06 22:41:43,704 [INFO] CADModel:165 - CPN selected for project level
2024-04-06 22:41:43,704 [INFO] CADModel:114 - Register for checkConnection events
2024-04-06 22:41:43,704 [FATAL] Updater:308 - Updater called before beeing initialized
2024-04-06 22:41:43,704 [ERROR] CADModel:125 - Updater not yet initialized, retry later 
2024-04-06 22:41:43,815 [INFO] ThirdPartyUpdaterWithRetryManager:70 - Updater plugin not ready yet. [2/15]
2024-04-06 22:41:43,913 [INFO] CADModel:165 - CPN selected for project level
2024-04-06 22:41:43,913 [INFO] CADModel:114 - Register for checkConnection events
2024-04-06 22:41:43,913 [FATAL] Updater:308 - Updater called before beeing initialized
2024-04-06 22:41:43,913 [ERROR] CADModel:125 - Updater not yet initialized, retry later 
2024-04-06 22:41:43,917 [FATAL] Updater:308 - Updater called before beeing initialized
2024-04-06 22:41:44,044 [FATAL] Updater:308 - Updater called before beeing initialized
2024-04-06 22:41:44,058 [INFO] DbMcusAds:53 - JSON generation date=Wed Nov 29 17:52:27 ICT 2023 (1701255147200)
2024-04-06 22:41:44,058 [FATAL] Updater:308 - Updater called before beeing initialized
2024-04-06 22:41:44,116 [WARN] DetailPanel:346 - Failed to get advertising image, set to default
2024-04-06 22:41:44,234 [FATAL] Updater:308 - Updater called before beeing initialized
2024-04-06 22:41:44,236 [FATAL] Updater:308 - Updater called before beeing initialized
2024-04-06 22:41:44,236 [FATAL] Updater:308 - Updater called before beeing initialized
2024-04-06 22:41:44,237 [WARN] DetailPanel:346 - Failed to get advertising image, set to default
2024-04-06 22:41:44,237 [FATAL] Updater:308 - Updater called before beeing initialized
2024-04-06 22:41:44,309 [ERROR] Updater:1120 - MainUpdater not yet initialized. External WinMGr cannot be set.
2024-04-06 22:41:44,321 [INFO] Updater:1056 - Updater Version found : 6.9.0
2024-04-06 22:41:44,342 [INFO] ApplicationProperties:184 - Using Application install path: C:\ST\STM32CubeIDE_1.13.0\STM32CubeIDE\plugins\com.st.stm32cube.common.mx_6.9.0.202307051724
2024-04-06 22:41:44,748 [INFO] MainUpdater:2868 - connection check result : 10
2024-04-06 22:41:44,748 [INFO] MainUpdater:3562 - Updater definition file requires update
2024-04-06 22:41:44,749 [INFO] MainUpdater:285 - Updater Check For Update Now.
2024-04-06 22:41:44,750 [INFO] MicroXplorer:498 - Change Database Version : DB.6.0.90
2024-04-06 22:41:44,768 [INFO] McuFinderGlobals:63 - Set McuFinder mode to 2 (CubeIDE integrated)
2024-04-06 22:41:44,853 [INFO] ServerAccessManage:473 - Download File updaters.zip
2024-04-06 22:41:45,082 [INFO] FileExtend:240 - Unzip File : updaters.zip
2024-04-06 22:41:45,082 [INFO] FileExtend:255 - Standard Zip Deflate
2024-04-06 22:41:45,736 [INFO] ServerAccessManage:473 - Download File PacksControlFlags.xml
2024-04-06 22:41:45,920 [INFO] ServerAccessManage:473 - Download File cubemx.pidx
2024-04-06 22:41:46,717 [INFO] ServerAccessManage:473 - Download File STMicroelectronics.FP-SNS-MOTENV1.pdsc
2024-04-06 22:41:46,818 [WARN] MainUpdater:1189 - Updater busy. Cannot search thirdparties
2024-04-06 22:41:46,818 [INFO] ThirdPartyUpdaterWithRetryManager:96 - Updater plugin is busy. [1/15]
2024-04-06 22:41:47,914 [INFO] ServerAccessManage:473 - Download File STMicroelectronics.X-CUBE-BLEMGR.pdsc
2024-04-06 22:41:49,644 [INFO] ServerAccessManage:473 - Download File STMicroelectronics.X-CUBE-NFC6.pdsc
2024-04-06 22:41:49,821 [WARN] MainUpdater:1189 - Updater busy. Cannot search thirdparties
2024-04-06 22:41:49,821 [INFO] ThirdPartyUpdaterWithRetryManager:96 - Updater plugin is busy. [2/15]
2024-04-06 22:41:50,259 [INFO] ServerAccessManage:473 - Download File STMicroelectronics.X-CUBE-SAFEA1.pdsc
2024-04-06 22:41:51,027 [INFO] ServerAccessManage:473 - Download File STMicroelectronics.X-CUBE-TOF1.pdsc
2024-04-06 22:41:52,821 [WARN] MainUpdater:1189 - Updater busy. Cannot search thirdparties
2024-04-06 22:41:52,822 [INFO] ThirdPartyUpdaterWithRetryManager:96 - Updater plugin is busy. [3/15]
2024-04-06 22:41:53,394 [ERROR] ServerAccessManage:1089 - Problem, file not found on Server
2024-04-06 22:41:53,738 [INFO] ServerAccessManage:473 - Download File STMicroelectronics.X-CUBE-TOUCHGFX.pdsc
2024-04-06 22:41:55,823 [WARN] MainUpdater:1189 - Updater busy. Cannot search thirdparties
2024-04-06 22:41:55,823 [INFO] ThirdPartyUpdaterWithRetryManager:96 - Updater plugin is busy. [4/15]
2024-04-06 22:41:57,468 [WARN] PackLoader:240 - Cannot read IP mode file for STMicroelectronics.FP-SNS-MOTENV1.5.0.0
2024-04-06 22:41:57,496 [WARN] PackLoader:240 - Cannot read IP mode file for STMicroelectronics.X-CUBE-BLEMGR.3.1.0
2024-04-06 22:41:57,520 [WARN] PackLoader:240 - Cannot read IP mode file for STMicroelectronics.X-CUBE-NFC6.3.1.0
2024-04-06 22:41:57,538 [WARN] PackLoader:240 - Cannot read IP mode file for STMicroelectronics.X-CUBE-SAFEA1.1.2.2
2024-04-06 22:41:57,557 [WARN] PackLoader:240 - Cannot read IP mode file for STMicroelectronics.X-CUBE-TOF1.3.4.1
2024-04-06 22:41:57,583 [WARN] PackLoader:240 - Cannot read IP mode file for STMicroelectronics.X-CUBE-TOUCHGFX.4.23.2
2024-04-06 22:41:57,584 [INFO] PopulateThirdPartyThread:66 - Ending populate Thread
2024-04-06 22:41:57,586 [INFO] ThirdParty:1030 - CMSIS Pack Vendor :STMicroelectronics X-CUBE-BLEMGR 3.1.0
2024-04-06 22:41:57,587 [INFO] ThirdParty:1030 - CMSIS Pack Vendor :STMicroelectronics X-CUBE-TOF1 3.4.1
2024-04-06 22:41:57,587 [INFO] ThirdParty:1030 - CMSIS Pack Vendor :STMicroelectronics X-CUBE-TOUCHGFX 4.23.2
2024-04-06 22:41:57,587 [INFO] ThirdParty:1030 - CMSIS Pack Vendor :STMicroelectronics FP-SNS-MOTENV1 5.0.0
2024-04-06 22:41:57,587 [INFO] ThirdParty:1030 - CMSIS Pack Vendor :STMicroelectronics X-CUBE-SAFEA1 1.2.2
2024-04-06 22:41:57,587 [INFO] ThirdParty:1030 - CMSIS Pack Vendor :STMicroelectronics X-CUBE-NFC6 3.1.0
2024-04-06 22:41:57,587 [INFO] LoadServerUpdatesThread:373 - End of LoadServerUpdate Thread
2024-04-06 22:41:57,617 [INFO] CheckServerUpdateThread:120 - End of CheckServer Thread
2024-04-06 22:41:59,090 [WARN] PackLoader:240 - Cannot read IP mode file for STMicroelectronics.X-CUBE-SMBUS.2.1.0
2024-04-06 22:41:59,101 [WARN] PackLoader:240 - Cannot read IP mode file for STMicroelectronics.X-CUBE-TOUCHGFX.4.23.0
2024-04-06 22:41:59,105 [WARN] PackLoader:240 - Cannot read IP mode file for STMicroelectronics.X-CUBE-TOUCHGFX.4.23.2
2024-04-06 22:41:59,143 [WARN] PackLoader:240 - Cannot read IP mode file for STMicroelectronics.X-CUBE-AZRTOS-F7.1.1.0
2024-04-06 22:41:59,164 [WARN] PackLoader:240 - Cannot read IP mode file for STMicroelectronics.FP-SNS-MOTENV1.4.3.2
2024-04-06 22:41:59,182 [WARN] PackLoader:240 - Cannot read IP mode file for STMicroelectronics.X-CUBE-BLE1.6.2.4
2024-04-06 22:41:59,190 [WARN] PackLoader:240 - Cannot read IP mode file for STMicroelectronics.FP-SNS-FLIGHT1.5.0.2
2024-04-06 22:41:59,208 [WARN] PackLoader:240 - Cannot read IP mode file for STMicroelectronics.X-CUBE-DISPLAY.3.0.0
2024-04-06 22:41:59,228 [WARN] PackLoader:240 - Cannot read IP mode file for STMicroelectronics.X-CUBE-BLE1.7.0.0
2024-04-06 22:41:59,243 [WARN] PackLoader:240 - Cannot read IP mode file for emotas.I-CUBE-CANOPEN.1.3.0
2024-04-06 22:41:59,260 [WARN] PackLoader:240 - Cannot read IP mode file for STMicroelectronics.X-CUBE-TOUCHGFX.4.22.0
2024-04-06 22:41:59,271 [WARN] PackLoader:240 - Cannot read IP mode file for STMicroelectronics.X-CUBE-TOUCHGFX.4.22.1
2024-04-06 22:41:59,325 [WARN] PackLoader:240 - Cannot read IP mode file for STMicroelectronics.X-CUBE-MEMS1.9.3.0
2024-04-06 22:41:59,494 [WARN] PackLoader:240 - Cannot read IP mode file for STMicroelectronics.X-CUBE-BLEMGR.3.1.0
2024-04-06 22:41:59,511 [WARN] PackLoader:240 - Cannot read IP mode file for STMicroelectronics.FP-SNS-SMARTAG2.1.2.0
2024-04-06 22:41:59,539 [INFO] LogOutputStream:77 - [STDOUT_REDIRECT] 1 : Invalid condition id : UX_CORESTACK_Condition cause : null
2024-04-06 22:41:59,539 [INFO] LogOutputStream:77 - [STDOUT_REDIRECT] 1 : Invalid condition id : UX_CORESTACK_Condition cause : null
2024-04-06 22:41:59,541 [INFO] LogOutputStream:77 - [STDOUT_REDIRECT] 1 : Invalid condition id : UX_CORESTACK_Condition cause : null
2024-04-06 22:41:59,543 [INFO] LogOutputStream:77 - [STDOUT_REDIRECT] 1 : Invalid condition id : UX_CORESTACK_Condition cause : null
2024-04-06 22:41:59,544 [INFO] LogOutputStream:77 - [STDOUT_REDIRECT] 1 : Invalid condition id : UX_CORESTACK_Condition cause : null
2024-04-06 22:41:59,547 [WARN] PackLoader:240 - Cannot read IP mode file for STMicroelectronics.X-CUBE-AZRTOS-WL.2.0.0
2024-04-06 22:41:59,551 [WARN] PackLoader:240 - Cannot read IP mode file for STMicroelectronics.FP-SNS-MOTENV1.5.0.0
2024-04-06 22:41:59,576 [WARN] PackLoader:240 - Cannot read IP mode file for WES.I-CUBE-Cesium.1.3.0
2024-04-06 22:41:59,593 [WARN] PackLoader:240 - Cannot read IP mode file for STMicroelectronics.X-CUBE-BLE2.3.3.0
2024-04-06 22:41:59,663 [WARN] PackLoader:240 - Cannot read IP mode file for STMicroelectronics.X-CUBE-TOF1.3.2.0
2024-04-06 22:41:59,688 [WARN] PackLoader:240 - Cannot read IP mode file for STMicroelectronics.X-CUBE-ISPU.1.0.0
2024-04-06 22:41:59,703 [WARN] PackLoader:240 - Cannot read IP mode file for STMicroelectronics.X-CUBE-TOUCHGFX.4.21.1
2024-04-06 22:41:59,756 [WARN] PackLoader:240 - Cannot read IP mode file for STMicroelectronics.X-CUBE-MEMS1.9.4.0
2024-04-06 22:41:59,906 [WARN] PackLoader:240 - Cannot read IP mode file for STMicroelectronics.X-CUBE-AI.7.3.0
2024-04-06 22:41:59,922 [WARN] PackLoader:240 - Cannot read IP mode file for STMicroelectronics.X-CUBE-ALGOBUILD.1.3.0
2024-04-06 22:41:59,960 [WARN] PackLoader:240 - Cannot read IP mode file for STMicroelectronics.X-CUBE-AZRTOS-G0.1.1.0
2024-04-06 22:41:59,971 [WARN] PackLoader:240 - Cannot read IP mode file for STMicroelectronics.X-CUBE-SAFEA1.1.2.2
2024-04-06 22:41:59,998 [WARN] PackLoader:240 - Cannot read IP mode file for STMicroelectronics.X-CUBE-NFC4.3.0.0
2024-04-06 22:42:00,031 [WARN] PackLoader:240 - Cannot read IP mode file for STMicroelectronics.X-CUBE-BLEMGR.3.0.0
2024-04-06 22:42:00,050 [WARN] PackLoader:240 - Cannot read IP mode file for STMicroelectronics.X-CUBE-BLEMGR.1.3.0
2024-04-06 22:42:00,061 [WARN] PackLoader:240 - Cannot read IP mode file for STMicroelectronics.FP-ATR-SIGFOX1.3.2.0
2024-04-06 22:42:00,079 [WARN] PackLoader:240 - Cannot read IP mode file for STMicroelectronics.X-CUBE-EEPRMA1.5.1.0
2024-04-06 22:42:00,094 [WARN] PackLoader:240 - Cannot read IP mode file for STMicroelectronics.X-CUBE-TOUCHGFX.4.20.0
2024-04-06 22:42:00,139 [WARN] PackLoader:240 - Cannot read IP mode file for SEGGER.I-CUBE-embOS.1.3.1
2024-04-06 22:42:00,188 [WARN] PackLoader:240 - Cannot read IP mode file for STMicroelectronics.X-CUBE-GNSS1.6.0.0
2024-04-06 22:42:00,222 [WARN] PackLoader:240 - Cannot read IP mode file for STMicroelectronics.X-CUBE-AZRTOS-F4.1.1.0
2024-04-06 22:42:00,238 [WARN] PackLoader:240 - Cannot read IP mode file for wolfSSL.I-CUBE-wolfSSL.5.6.6
2024-04-06 22:42:00,255 [WARN] PackLoader:240 - Cannot read IP mode file for STMicroelectronics.X-CUBE-BLEMGR.1.2.0
2024-04-06 22:42:00,291 [WARN] PackLoader:240 - Cannot read IP mode file for STMicroelectronics.X-CUBE-AZRTOS-L5.2.0.0
2024-04-06 22:42:00,357 [WARN] PackLoader:240 - Cannot read IP mode file for STMicroelectronics.X-CUBE-MEMS1.9.6.0
2024-04-06 22:42:00,545 [WARN] PackLoader:240 - Cannot read IP mode file for STMicroelectronics.X-CUBE-EEPRMA1.4.2.0
2024-04-06 22:42:00,556 [WARN] PackLoader:240 - Cannot read IP mode file for STMicroelectronics.X-CUBE-NFC6.3.1.0
2024-04-06 22:42:00,570 [WARN] PackLoader:240 - Cannot read IP mode file for ITTIA_DB.I-CUBE-ITTIADB.8.8.0
2024-04-06 22:42:00,589 [WARN] PackLoader:240 - Cannot read IP mode file for STMicroelectronics.X-CUBE-BLEMGR.2.0.0
2024-04-06 22:42:00,630 [WARN] ConditionMgr:438 - getConditionDescription Invalid condition id : UX DEVICE CLASS RTOS Condition cause : null
2024-04-06 22:42:00,630 [WARN] ConditionMgr:438 - getConditionDescription Invalid condition id : UX DEVICE CLASS RTOS Condition cause : null
2024-04-06 22:42:00,633 [WARN] PackLoader:240 - Cannot read IP mode file for STMicroelectronics.X-CUBE-AZRTOS-H7.3.1.0
2024-04-06 22:42:00,635 [WARN] ConditionMgr:1039 - genDependencies : Invalid condition id : UX DEVICE CLASS RTOS Condition cause : null
2024-04-06 22:42:00,636 [WARN] ConditionMgr:1039 - genDependencies : Invalid condition id : UX DEVICE CLASS RTOS Condition cause : null
2024-04-06 22:42:00,637 [WARN] ConditionMgr:1039 - genDependencies : Invalid condition id : UX DEVICE CLASS RTOS Condition cause : null
2024-04-06 22:42:00,638 [WARN] ConditionMgr:1039 - genDependencies : Invalid condition id : UX DEVICE CLASS RTOS Condition cause : null
2024-04-06 22:42:00,638 [WARN] ConditionMgr:1039 - genDependencies : Invalid condition id : UX DEVICE CLASS RTOS Condition cause : null
2024-04-06 22:42:00,655 [WARN] PackLoader:240 - Cannot read IP mode file for STMicroelectronics.X-CUBE-NFC7.1.0.1
2024-04-06 22:42:00,677 [WARN] PackLoader:240 - Cannot read IP mode file for STMicroelectronics.X-CUBE-NFC6.3.0.0
2024-04-06 22:42:00,696 [WARN] PackLoader:240 - Cannot read IP mode file for STMicroelectronics.X-CUBE-EEPRMA1.4.1.0
2024-04-06 22:42:00,712 [WARN] PackLoader:240 - Cannot read IP mode file for STMicroelectronics.X-CUBE-AI.8.1.0
2024-04-06 22:42:00,751 [WARN] ConditionMgr:438 - getConditionDescription Invalid condition id : LAN8742 Phy interface Condition cause : null
2024-04-06 22:42:00,753 [WARN] PackLoader:240 - Cannot read IP mode file for STMicroelectronics.X-CUBE-AZRTOS-L4.2.0.0
2024-04-06 22:42:00,754 [WARN] ConditionMgr:1039 - genDependencies : Invalid condition id : LAN8742 Phy interface Condition cause : null
2024-04-06 22:42:00,754 [WARN] ConditionMgr:1039 - genDependencies : Invalid condition id : LAN8742 Phy interface Condition cause : null
2024-04-06 22:42:00,755 [WARN] ConditionMgr:1039 - genDependencies : Invalid condition id : LAN8742 Phy interface Condition cause : null
2024-04-06 22:42:00,770 [WARN] PackLoader:240 - Cannot read IP mode file for STMicroelectronics.X-CUBE-SFXS2LP1.4.0.0
2024-04-06 22:42:00,807 [WARN] PackLoader:240 - Cannot read IP mode file for STMicroelectronics.X-CUBE-AZRTOS-H7.3.0.0
2024-04-06 22:42:00,830 [WARN] PackLoader:240 - Cannot read IP mode file for STMicroelectronics.X-CUBE-ISPU.1.1.0
2024-04-06 22:42:00,860 [WARN] ConditionMgr:438 - getConditionDescription Invalid condition id : UX DEVICE CLASS RTOS Condition cause : null
2024-04-06 22:42:00,860 [WARN] ConditionMgr:438 - getConditionDescription Invalid condition id : UX DEVICE CLASS RTOS Condition cause : null
2024-04-06 22:42:00,863 [WARN] PackLoader:240 - Cannot read IP mode file for STMicroelectronics.X-CUBE-AZRTOS-WB.2.0.0
2024-04-06 22:42:00,864 [WARN] ConditionMgr:1039 - genDependencies : Invalid condition id : UX DEVICE CLASS RTOS Condition cause : null
2024-04-06 22:42:00,864 [WARN] ConditionMgr:1039 - genDependencies : Invalid condition id : UX DEVICE CLASS RTOS Condition cause : null
2024-04-06 22:42:00,865 [WARN] ConditionMgr:1039 - genDependencies : Invalid condition id : UX DEVICE CLASS RTOS Condition cause : null
2024-04-06 22:42:00,865 [WARN] ConditionMgr:1039 - genDependencies : Invalid condition id : UX DEVICE CLASS RTOS Condition cause : null
2024-04-06 22:42:00,865 [WARN] ConditionMgr:1039 - genDependencies : Invalid condition id : UX DEVICE CLASS RTOS Condition cause : null
2024-04-06 22:42:00,879 [WARN] PackLoader:240 - Cannot read IP mode file for STMicroelectronics.X-CUBE-FREERTOS.1.0.1
2024-04-06 22:42:00,912 [WARN] PackLoader:240 - Cannot read IP mode file for STMicroelectronics.X-CUBE-AZRTOS-L5.1.1.0
2024-04-06 22:42:00,928 [WARN] PackLoader:240 - Cannot read IP mode file for STMicroelectronics.X-CUBE-AI.8.0.1
2024-04-06 22:42:00,948 [WARN] PackLoader:240 - Cannot read IP mode file for STMicroelectronics.X-CUBE-SUBG2.5.0.0
2024-04-06 22:42:00,975 [WARN] PackLoader:240 - Cannot read IP mode file for STMicroelectronics.X-CUBE-TOF1.3.3.1
2024-04-06 22:42:01,012 [WARN] PackLoader:240 - Cannot read IP mode file for STMicroelectronics.X-CUBE-AZRTOS-G4.2.0.0
2024-04-06 22:42:01,026 [WARN] PackLoader:240 - Cannot read IP mode file for STMicroelectronics.FP-ATR-ASTRA1.1.1.1
2024-04-06 22:42:01,050 [WARN] PackLoader:240 - Cannot read IP mode file for Infineon.AIROC-Wi-Fi-Bluetooth-STM32.1.5.1
2024-04-06 22:42:01,067 [WARN] PackLoader:240 - Cannot read IP mode file for STMicroelectronics.FP-SNS-MOTENVWB1.1.3.0
2024-04-06 22:42:01,075 [WARN] PackLoader:240 - Cannot read IP mode file for STMicroelectronics.FP-SNS-MOTENVWB1.1.3.1
2024-04-06 22:42:01,094 [WARN] PackLoader:240 - Cannot read IP mode file for STMicroelectronics.X-CUBE-ISPU.2.0.0
2024-04-06 22:42:01,167 [WARN] PackLoader:240 - Cannot read IP mode file for STMicroelectronics.X-CUBE-MEMS1.10.0.0
2024-04-06 22:42:01,364 [WARN] PackLoader:240 - Cannot read IP mode file for STMicroelectronics.X-CUBE-FREERTOS.1.1.0
2024-04-06 22:42:01,380 [WARN] PackLoader:240 - Cannot read IP mode file for portGmbH.I-Cube-SoM-uGOAL.1.1.0
2024-04-06 22:42:01,393 [WARN] PackLoader:240 - Cannot read IP mode file for STMicroelectronics.X-CUBE-ALS.1.0.1
2024-04-06 22:42:01,418 [WARN] PackLoader:240 - Cannot read IP mode file for STMicroelectronics.X-CUBE-AZRTOS-WB.1.1.0
2024-04-06 22:42:01,424 [WARN] PackLoader:240 - Cannot read IP mode file for STMicroelectronics.FP-ATR-ASTRA1.2.0.0
2024-04-06 22:42:01,446 [WARN] PackLoader:240 - Cannot read IP mode file for STMicroelectronics.X-CUBE-TOF1.3.4.0
2024-04-06 22:42:01,471 [WARN] PackLoader:240 - Cannot read IP mode file for STMicroelectronics.X-CUBE-TOF1.3.4.1
2024-04-06 22:42:01,530 [WARN] PackLoader:240 - Cannot read IP mode file for STMicroelectronics.X-CUBE-AZRTOS-H7.3.2.0
2024-04-06 22:42:01,532 [INFO] ThirdParty:978 - Integrity check success = true
2024-04-06 22:42:01,532 [INFO] IntegrityCheckThread:100 - exiting critical section [integrity check]
2024-04-06 22:42:01,532 [INFO] IntegrityCheckThread:103 - End integrity checks thread
2024-04-06 22:42:06,309 [ERROR] LogOutputStream:75 - [STDERR_REDIRECT] SLF4J: Failed to load class "org.slf4j.impl.StaticLoggerBinder".
2024-04-06 22:42:06,309 [ERROR] LogOutputStream:75 - [STDERR_REDIRECT] SLF4J: Defaulting to no-operation (NOP) logger implementation
2024-04-06 22:42:06,311 [ERROR] LogOutputStream:75 - [STDERR_REDIRECT] SLF4J: See http://www.slf4j.org/codes.html#StaticLoggerBinder for further details.
