2023-11-02 00:16:03,406 [ERROR] LogOutputStream:75 - [STDERR_REDIRECT] 
2023-11-02 22:07:01,751 [INFO] Activator:176 - 


2023-11-02 22:07:01,751 [INFO] Activator:177 - !SESSION log4j initialized
2023-11-02 22:07:15,685 [INFO] LogOutputStream:77 - [STDOUT_REDIRECT] 
2023-11-02 22:07:18,831 [INFO] ApplicationProperties:184 - Using Application install path: C:\ST\STM32CubeIDE_1.13.0\STM32CubeIDE\plugins\com.st.stm32cube.common.mx_6.9.0.202307051724
2023-11-02 22:07:18,861 [INFO] DbMcusXml:78 - Set database path to: C:\ST\STM32CubeIDE_1.13.0\STM32CubeIDE\plugins\com.st.stm32cube.common.mx_6.9.0.202307051724\\db\/mcu/
2023-11-02 22:07:18,862 [INFO] ApiDb:274 - Set plugin database path to: C:\ST\STM32CubeIDE_1.13.0\STM32CubeIDE\plugins\com.st.stm32cube.common.mx_6.9.0.202307051724\\db\/plugins/boardmanager/
2023-11-02 22:07:18,862 [WARN] ApiDb:259 - Overriding images path with different value:  => C:\ST\STM32CubeIDE_1.13.0\STM32CubeIDE\plugins\com.st.stm32cube.common.mx_6.9.0.202307051724\\db\/plugins/mcufinder/images/
2023-11-02 22:07:18,884 [INFO] ApiDb:250 - Set database path to: C:\Users\admin\.stmcufinder\plugins\mcufinder//mcu/
2023-11-02 22:07:18,887 [INFO] DbMcusAds:125 - Set database path to: C:\Users\admin\.stmcufinder\plugins\mcufinder//mcu/
2023-11-02 22:07:19,706 [INFO] CrossReferenceDbSqlite:203 - Set database path to: C:\Users\admin\.stmcufinder\plugins\mcufinder//mcu/cs/
2023-11-02 22:07:19,876 [INFO] RulesReader:64 - Compatibility file has been processed (293 Rules)
2023-11-02 22:07:19,968 [INFO] DbMcusXml:78 - Set database path to: C:\ST\STM32CubeIDE_1.13.0\STM32CubeIDE\plugins\com.st.stm32cube.common.mx_6.9.0.202307051724\\db\/mcu/
2023-11-02 22:07:19,968 [INFO] ApiDb:274 - Set plugin database path to: C:\ST\STM32CubeIDE_1.13.0\STM32CubeIDE\plugins\com.st.stm32cube.common.mx_6.9.0.202307051724\\db\/plugins/boardmanager/
2023-11-02 22:07:19,968 [INFO] ApiDb:261 - Set plugin images path to: C:\ST\STM32CubeIDE_1.13.0\STM32CubeIDE\plugins\com.st.stm32cube.common.mx_6.9.0.202307051724\\db\/plugins/mcufinder/images/
2023-11-02 22:07:19,978 [WARN] DbFile:41 - Overriding database path with different value: C:\Users\admin\.stmcufinder\plugins\mcufinder/ => C:\Users\admin\.stmcufinder\plugins\mcufinder
2023-11-02 22:07:19,978 [INFO] ApiDb:250 - Set database path to: C:\Users\admin\.stmcufinder\plugins\mcufinder//mcu/
2023-11-02 22:07:19,978 [WARN] DbFile:41 - Overriding database path with different value: C:\Users\admin\.stmcufinder\plugins\mcufinder/ => C:\Users\admin\.stmcufinder\plugins\mcufinder
2023-11-02 22:07:19,978 [INFO] DbMcusAds:125 - Set database path to: C:\Users\admin\.stmcufinder\plugins\mcufinder//mcu/
2023-11-02 22:07:19,978 [WARN] DbFile:41 - Overriding database path with different value: C:\Users\admin\.stmcufinder\plugins\mcufinder/ => C:\Users\admin\.stmcufinder\plugins\mcufinder
2023-11-02 22:07:19,978 [WARN] DbFile:41 - Overriding database path with different value: C:\Users\admin\.stmcufinder\plugins\mcufinder/ => C:\Users\admin\.stmcufinder\plugins\mcufinder
2023-11-02 22:07:20,705 [INFO] CrossReferenceDbSqlite:203 - Set database path to: C:\Users\admin\.stmcufinder\plugins\mcufinder//mcu/cs/
2023-11-02 22:07:20,829 [INFO] MainPanel:262 - HeapMemory: 268435456
2023-11-02 22:07:21,233 [INFO] DbMcusXml:78 - Set database path to: C:\ST\STM32CubeIDE_1.13.0\STM32CubeIDE\plugins\com.st.stm32cube.common.mx_6.9.0.202307051724\\db\/mcu/
2023-11-02 22:07:21,234 [INFO] ApiDb:274 - Set plugin database path to: C:\ST\STM32CubeIDE_1.13.0\STM32CubeIDE\plugins\com.st.stm32cube.common.mx_6.9.0.202307051724\\db\/plugins/boardmanager/
2023-11-02 22:07:21,234 [INFO] ApiDb:261 - Set plugin images path to: C:\ST\STM32CubeIDE_1.13.0\STM32CubeIDE\plugins\com.st.stm32cube.common.mx_6.9.0.202307051724\\db\/plugins/mcufinder/images/
2023-11-02 22:07:21,235 [WARN] DbFile:41 - Overriding database path with different value: C:\Users\admin\.stmcufinder\plugins\mcufinder/ => C:\Users\admin\.stmcufinder\plugins\mcufinder
2023-11-02 22:07:21,235 [INFO] ApiDb:250 - Set database path to: C:\Users\admin\.stmcufinder\plugins\mcufinder//mcu/
2023-11-02 22:07:21,235 [WARN] DbFile:41 - Overriding database path with different value: C:\Users\admin\.stmcufinder\plugins\mcufinder/ => C:\Users\admin\.stmcufinder\plugins\mcufinder
2023-11-02 22:07:21,236 [INFO] DbMcusAds:125 - Set database path to: C:\Users\admin\.stmcufinder\plugins\mcufinder//mcu/
2023-11-02 22:07:21,236 [WARN] DbFile:41 - Overriding database path with different value: C:\Users\admin\.stmcufinder\plugins\mcufinder/ => C:\Users\admin\.stmcufinder\plugins\mcufinder
2023-11-02 22:07:21,236 [WARN] DbFile:41 - Overriding database path with different value: C:\Users\admin\.stmcufinder\plugins\mcufinder/ => C:\Users\admin\.stmcufinder\plugins\mcufinder
2023-11-02 22:07:22,206 [INFO] CrossReferenceDbSqlite:203 - Set database path to: C:\Users\admin\.stmcufinder\plugins\mcufinder//mcu/cs/
2023-11-02 22:07:22,238 [INFO] ApplicationProperties:184 - Using Application install path: C:\ST\STM32CubeIDE_1.13.0\STM32CubeIDE\plugins\com.st.stm32cube.common.mx_6.9.0.202307051724
2023-11-02 22:07:22,238 [INFO] PluginManage:196 - Search for loadable plugins [exclusion list=, ]
2023-11-02 22:07:22,245 [INFO] PluginManage:310 - Check plugin analytics
2023-11-02 22:07:23,318 [INFO] AnalyticsPlugin:253 - Accepted Software Licenses: STM32CubeMX.6.9.1
2023-11-02 22:07:23,318 [INFO] AnalyticsPlugin:255 - Accepted CMSIS Pack Licenses: 
2023-11-02 22:07:23,318 [INFO] AnalyticsPlugin:257 - Accepted Firmware Licenses: 
2023-11-02 22:07:23,318 [INFO] PluginManage:359 - Loaded plugin analytics (category:tool,tabindex:-1)
2023-11-02 22:07:23,318 [INFO] PluginManage:310 - Check plugin cadmodel
2023-11-02 22:07:23,342 [INFO] CADModel:105 - Init CAD model plugin
2023-11-02 22:07:23,343 [INFO] PluginManage:359 - Loaded plugin cadmodel (category:power,tabindex:5)
2023-11-02 22:07:23,343 [INFO] PluginManage:310 - Check plugin clock
2023-11-02 22:07:23,369 [INFO] PluginManage:359 - Loaded plugin clock (category:base,tabindex:2)
2023-11-02 22:07:23,369 [INFO] PluginManage:310 - Check plugin ddr
2023-11-02 22:07:23,369 [INFO] PluginManage:359 - Loaded plugin ddr (category:tool,tabindex:6)
2023-11-02 22:07:23,369 [INFO] PluginManage:310 - Check plugin filemanager
2023-11-02 22:07:23,588 [INFO] PluginManage:359 - Loaded plugin filemanager (category:base,tabindex:10)
2023-11-02 22:07:23,588 [INFO] PluginManage:310 - Check plugin ipmanager
2023-11-02 22:07:23,598 [INFO] PluginManage:359 - Loaded plugin ipmanager (category:base,tabindex:5)
2023-11-02 22:07:23,598 [INFO] PluginManage:310 - Check plugin lpbam
2023-11-02 22:07:23,618 [INFO] PluginManage:359 - Loaded plugin lpbam (category:base,tabindex:0)
2023-11-02 22:07:23,618 [INFO] PluginManage:310 - Check plugin memorymap
2023-11-02 22:07:23,638 [INFO] PluginManage:359 - Loaded plugin memorymap (category:base,tabindex:4)
2023-11-02 22:07:23,638 [INFO] PluginManage:310 - Check plugin pinoutandconfiguration
2023-11-02 22:07:23,662 [INFO] PluginManage:359 - Loaded plugin pinoutandconfiguration (category:base,tabindex:1)
2023-11-02 22:07:23,662 [INFO] PluginManage:310 - Check plugin pinoutconfig
2023-11-02 22:07:23,808 [WARN] SupportedApi:132 - Cannot load RTOS API schema: s4s-elt-must-match.1: The content of 'definitions' must match (annotation?, (simpleType | complexType)?, (unique | key | keyref)*)). A problem was found starting at: attribute.
2023-11-02 22:07:24,047 [INFO] PluginManage:359 - Loaded plugin pinoutconfig (category:base,tabindex:0)
2023-11-02 22:07:24,047 [INFO] PluginManage:310 - Check plugin power
2023-11-02 22:07:24,085 [INFO] PluginManage:359 - Loaded plugin power (category:power,tabindex:4)
2023-11-02 22:07:24,086 [INFO] PluginManage:310 - Check plugin projectmanager
2023-11-02 22:07:24,110 [INFO] PluginManage:359 - Loaded plugin projectmanager (category:projectmanager,tabindex:3)
2023-11-02 22:07:24,110 [INFO] PluginManage:310 - Check plugin thirdparty
2023-11-02 22:07:24,771 [WARN] IntegrityCheckThread:84 - waiting for thirdparty lock release [integrity check]
2023-11-02 22:07:24,771 [INFO] PluginManage:359 - Loaded plugin thirdparty (category:base,tabindex:-1)
2023-11-02 22:07:24,771 [INFO] IntegrityCheckThread:86 - entering critical section [integrity check]
2023-11-02 22:07:24,772 [INFO] PluginManage:310 - Check plugin tools
2023-11-02 22:07:24,773 [INFO] ThirdPartyUpdaterWithRetryManager:70 - Updater plugin not ready yet. [1/15]
2023-11-02 22:07:24,826 [INFO] PluginManage:359 - Loaded plugin tools (category:base,tabindex:7)
2023-11-02 22:07:24,826 [INFO] PluginManage:310 - Check plugin tutovideos
2023-11-02 22:07:25,171 [INFO] PluginManage:359 - Loaded plugin tutovideos (category:base,tabindex:-1)
2023-11-02 22:07:25,172 [INFO] PluginManage:310 - Check plugin updater
2023-11-02 22:07:25,216 [INFO] PluginManage:359 - Loaded plugin updater (category:base,tabindex:12)
2023-11-02 22:07:25,217 [INFO] PluginManage:310 - Check plugin userauth
2023-11-02 22:07:25,229 [INFO] UserAuth:113 - Init User Auth plugin
2023-11-02 22:07:25,229 [INFO] PluginManage:359 - Loaded plugin userauth (category:base,tabindex:14)
2023-11-02 22:07:25,229 [INFO] PluginManage:283 - PluginManage : Loaded plugins [17]
2023-11-02 22:07:25,548 [INFO] PinOutPanel:1499 - setPackage(No Configuration,No Configuration)
2023-11-02 22:07:25,741 [INFO] CADModel:165 - CPN selected for project level
2023-11-02 22:07:25,741 [INFO] CADModel:114 - Register for checkConnection events
2023-11-02 22:07:25,778 [INFO] IPUIPlugin:80 - create IPUIPlugin
2023-11-02 22:07:25,778 [INFO] PluginManager:220 - loadIPPluginJar : add adc
2023-11-02 22:07:25,830 [INFO] IPUIPlugin:80 - create IPUIPlugin
2023-11-02 22:07:25,830 [INFO] PluginManager:220 - loadIPPluginJar : add aes
2023-11-02 22:07:25,884 [INFO] IPUIPlugin:80 - create IPUIPlugin
2023-11-02 22:07:25,884 [INFO] PluginManager:220 - loadIPPluginJar : add can
2023-11-02 22:07:25,908 [INFO] IPUIPlugin:80 - create IPUIPlugin
2023-11-02 22:07:25,908 [INFO] PluginManager:220 - loadIPPluginJar : add comp
2023-11-02 22:07:25,951 [INFO] IPUIPlugin:80 - create IPUIPlugin
2023-11-02 22:07:25,951 [INFO] PluginManager:220 - loadIPPluginJar : add cryp
2023-11-02 22:07:25,989 [INFO] IPUIPlugin:80 - create IPUIPlugin
2023-11-02 22:07:25,989 [INFO] PluginManager:220 - loadIPPluginJar : add dfsdm
2023-11-02 22:07:26,001 [INFO] IPUIPlugin:80 - create IPUIPlugin
2023-11-02 22:07:26,001 [INFO] PluginManager:220 - loadIPPluginJar : add dma
2023-11-02 22:07:26,055 [INFO] IPUIPlugin:80 - create IPUIPlugin
2023-11-02 22:07:26,055 [INFO] PluginManager:220 - loadIPPluginJar : add dma3
2023-11-02 22:07:26,071 [INFO] IPUIPlugin:80 - create IPUIPlugin
2023-11-02 22:07:26,071 [INFO] PluginManager:220 - loadIPPluginJar : add fatfs
2023-11-02 22:07:26,126 [INFO] IPUIPlugin:80 - create IPUIPlugin
2023-11-02 22:07:26,126 [INFO] PluginManager:220 - loadIPPluginJar : add fmc
2023-11-02 22:07:26,146 [INFO] IPUIPlugin:80 - create IPUIPlugin
2023-11-02 22:07:26,146 [INFO] PluginManager:220 - loadIPPluginJar : add freertos
2023-11-02 22:07:26,175 [INFO] IPUIPlugin:80 - create IPUIPlugin
2023-11-02 22:07:26,175 [INFO] PluginManager:220 - loadIPPluginJar : add genericplugin
2023-11-02 22:07:26,288 [INFO] IPUIPlugin:80 - create IPUIPlugin
2023-11-02 22:07:26,288 [INFO] PluginManager:220 - loadIPPluginJar : add gfxmmu
2023-11-02 22:07:26,438 [INFO] IPUIPlugin:80 - create IPUIPlugin
2023-11-02 22:07:26,438 [INFO] PluginManager:220 - loadIPPluginJar : add gic
2023-11-02 22:07:26,456 [INFO] IPUIPlugin:80 - create IPUIPlugin
2023-11-02 22:07:26,456 [INFO] PluginManager:220 - loadIPPluginJar : add gpio
2023-11-02 22:07:26,547 [INFO] IPUIPlugin:80 - create IPUIPlugin
2023-11-02 22:07:26,547 [INFO] PluginManager:220 - loadIPPluginJar : add gtzc
2023-11-02 22:07:26,578 [INFO] IPUIPlugin:80 - create IPUIPlugin
2023-11-02 22:07:26,578 [INFO] PluginManager:220 - loadIPPluginJar : add hash
2023-11-02 22:07:26,630 [INFO] IPUIPlugin:80 - create IPUIPlugin
2023-11-02 22:07:26,630 [INFO] PluginManager:220 - loadIPPluginJar : add i2c
2023-11-02 22:07:26,670 [INFO] IPUIPlugin:80 - create IPUIPlugin
2023-11-02 22:07:26,670 [INFO] PluginManager:220 - loadIPPluginJar : add i2s
2023-11-02 22:07:26,709 [INFO] IPUIPlugin:80 - create IPUIPlugin
2023-11-02 22:07:26,709 [INFO] PluginManager:220 - loadIPPluginJar : add i3c
2023-11-02 22:07:26,818 [INFO] IPUIPlugin:80 - create IPUIPlugin
2023-11-02 22:07:26,828 [INFO] PluginManager:220 - loadIPPluginJar : add ipddr
2023-11-02 22:07:26,918 [INFO] IPUIPlugin:80 - create IPUIPlugin
2023-11-02 22:07:26,918 [INFO] PluginManager:220 - loadIPPluginJar : add linkedlist
2023-11-02 22:07:26,963 [INFO] IPUIPlugin:80 - create IPUIPlugin
2023-11-02 22:07:26,963 [INFO] PluginManager:220 - loadIPPluginJar : add lorawan
2023-11-02 22:07:27,001 [INFO] IPUIPlugin:80 - create IPUIPlugin
2023-11-02 22:07:27,002 [INFO] PluginManager:220 - loadIPPluginJar : add ltdc
2023-11-02 22:07:27,008 [INFO] IPUIPlugin:80 - create IPUIPlugin
2023-11-02 22:07:27,008 [INFO] PluginManager:220 - loadIPPluginJar : add mdma
2023-11-02 22:07:27,029 [INFO] IPUIPlugin:80 - create IPUIPlugin
2023-11-02 22:07:27,029 [INFO] PluginManager:220 - loadIPPluginJar : add nvic
2023-11-02 22:07:27,077 [INFO] IPUIPlugin:80 - create IPUIPlugin
2023-11-02 22:07:27,077 [INFO] PluginManager:220 - loadIPPluginJar : add opamp
2023-11-02 22:07:27,152 [INFO] IPUIPlugin:80 - create IPUIPlugin
2023-11-02 22:07:27,152 [INFO] PluginManager:220 - loadIPPluginJar : add openamp
2023-11-02 22:07:27,206 [INFO] IPUIPlugin:80 - create IPUIPlugin
2023-11-02 22:07:27,206 [INFO] PluginManager:220 - loadIPPluginJar : add pdm2pcm
2023-11-02 22:07:27,218 [INFO] IPUIPlugin:80 - create IPUIPlugin
2023-11-02 22:07:27,218 [INFO] PluginManager:220 - loadIPPluginJar : add plateformsettings
2023-11-02 22:07:27,252 [INFO] IPUIPlugin:80 - create IPUIPlugin
2023-11-02 22:07:27,252 [INFO] PluginManager:220 - loadIPPluginJar : add quadspi
2023-11-02 22:07:27,269 [INFO] IPUIPlugin:80 - create IPUIPlugin
2023-11-02 22:07:27,269 [INFO] PluginManager:220 - loadIPPluginJar : add resmgrutility
2023-11-02 22:07:27,334 [INFO] IPUIPlugin:80 - create IPUIPlugin
2023-11-02 22:07:27,334 [INFO] PluginManager:220 - loadIPPluginJar : add sai
2023-11-02 22:07:27,378 [INFO] IPUIPlugin:80 - create IPUIPlugin
2023-11-02 22:07:27,378 [INFO] PluginManager:220 - loadIPPluginJar : add spi
2023-11-02 22:07:27,448 [INFO] IPUIPlugin:80 - create IPUIPlugin
2023-11-02 22:07:27,448 [INFO] PluginManager:220 - loadIPPluginJar : add stm32_wpan
2023-11-02 22:07:27,472 [INFO] IPUIPlugin:80 - create IPUIPlugin
2023-11-02 22:07:27,472 [INFO] PluginManager:220 - loadIPPluginJar : add tim
2023-11-02 22:07:27,528 [INFO] IPUIPlugin:80 - create IPUIPlugin
2023-11-02 22:07:27,528 [INFO] PluginManager:220 - loadIPPluginJar : add touchsensing
2023-11-02 22:07:27,557 [INFO] IPUIPlugin:80 - create IPUIPlugin
2023-11-02 22:07:27,557 [INFO] PluginManager:220 - loadIPPluginJar : add tracer_emb
2023-11-02 22:07:27,579 [INFO] IPUIPlugin:80 - create IPUIPlugin
2023-11-02 22:07:27,579 [INFO] PluginManager:220 - loadIPPluginJar : add ts
2023-11-02 22:07:27,601 [INFO] IPUIPlugin:80 - create IPUIPlugin
2023-11-02 22:07:27,601 [INFO] PluginManager:220 - loadIPPluginJar : add tsc
2023-11-02 22:07:27,618 [INFO] IPUIPlugin:80 - create IPUIPlugin
2023-11-02 22:07:27,618 [INFO] PluginManager:220 - loadIPPluginJar : add ucpd
2023-11-02 22:07:27,669 [INFO] IPUIPlugin:80 - create IPUIPlugin
2023-11-02 22:07:27,670 [INFO] PluginManager:220 - loadIPPluginJar : add usart
2023-11-02 22:07:27,713 [INFO] IPUIPlugin:80 - create IPUIPlugin
2023-11-02 22:07:27,713 [INFO] PluginManager:220 - loadIPPluginJar : add usbx
2023-11-02 22:07:27,784 [INFO] ThirdPartyUpdaterWithRetryManager:70 - Updater plugin not ready yet. [2/15]
2023-11-02 22:07:27,857 [INFO] CADModel:165 - CPN selected for project level
2023-11-02 22:07:27,857 [INFO] CADModel:114 - Register for checkConnection events
2023-11-02 22:07:27,858 [FATAL] Updater:308 - Updater called before beeing initialized
2023-11-02 22:07:27,858 [ERROR] CADModel:125 - Updater not yet initialized, retry later 
2023-11-02 22:07:28,049 [INFO] CADModel:165 - CPN selected for project level
2023-11-02 22:07:28,049 [INFO] CADModel:114 - Register for checkConnection events
2023-11-02 22:07:28,049 [FATAL] Updater:308 - Updater called before beeing initialized
2023-11-02 22:07:28,049 [ERROR] CADModel:125 - Updater not yet initialized, retry later 
2023-11-02 22:07:28,055 [FATAL] Updater:308 - Updater called before beeing initialized
2023-11-02 22:07:28,238 [FATAL] Updater:308 - Updater called before beeing initialized
2023-11-02 22:07:28,258 [INFO] DbMcusAds:53 - JSON generation date=Tue Mar 07 15:50:55 ICT 2023 (1678179055335)
2023-11-02 22:07:28,258 [FATAL] Updater:308 - Updater called before beeing initialized
2023-11-02 22:07:28,313 [WARN] DetailPanel:346 - Failed to get advertising image, set to default
2023-11-02 22:07:28,451 [FATAL] Updater:308 - Updater called before beeing initialized
2023-11-02 22:07:28,452 [FATAL] Updater:308 - Updater called before beeing initialized
2023-11-02 22:07:28,452 [FATAL] Updater:308 - Updater called before beeing initialized
2023-11-02 22:07:28,452 [WARN] DetailPanel:346 - Failed to get advertising image, set to default
2023-11-02 22:07:28,452 [FATAL] Updater:308 - Updater called before beeing initialized
2023-11-02 22:07:28,535 [ERROR] Updater:1120 - MainUpdater not yet initialized. External WinMGr cannot be set.
2023-11-02 22:07:28,548 [INFO] Updater:1056 - Updater Version found : 6.9.0
2023-11-02 22:07:28,573 [INFO] ApplicationProperties:184 - Using Application install path: C:\ST\STM32CubeIDE_1.13.0\STM32CubeIDE\plugins\com.st.stm32cube.common.mx_6.9.0.202307051724
2023-11-02 22:07:28,920 [INFO] MainUpdater:2868 - connection check result : 10
2023-11-02 22:07:28,921 [INFO] MainUpdater:285 - Updater Check For Update Now.
2023-11-02 22:07:28,921 [INFO] MicroXplorer:498 - Change Database Version : DB.6.0.90
2023-11-02 22:07:28,940 [INFO] McuFinderGlobals:63 - Set McuFinder mode to 2 (CubeIDE integrated)
2023-11-02 22:07:28,940 [INFO] UserAuth:179 - activating auth plugin
2023-11-02 22:07:28,943 [INFO] UserAuth:393 - Internet connection configuration mode: 1
2023-11-02 22:07:28,978 [INFO] JxBrowserEngine:151 - Initiate JxBrowser Engine with user profile folder
2023-11-02 22:07:29,169 [INFO] CheckServerUpdateThread:120 - End of CheckServer Thread
2023-11-02 22:07:31,158 [WARN] PackLoader:240 - Cannot read IP mode file for STMicroelectronics.X-CUBE-SMBUS.2.1.0
2023-11-02 22:07:31,258 [WARN] PackLoader:240 - Cannot read IP mode file for STMicroelectronics.X-CUBE-AZRTOS-F7.1.1.0
2023-11-02 22:07:31,298 [WARN] PackLoader:240 - Cannot read IP mode file for STMicroelectronics.FP-SNS-MOTENV1.4.3.2
2023-11-02 22:07:31,400 [WARN] PackLoader:240 - Cannot read IP mode file for STMicroelectronics.X-CUBE-BLE1.6.2.4
2023-11-02 22:07:31,430 [WARN] PackLoader:240 - Cannot read IP mode file for STMicroelectronics.FP-SNS-FLIGHT1.5.0.2
2023-11-02 22:07:31,454 [WARN] PackLoader:240 - Cannot read IP mode file for STMicroelectronics.X-CUBE-BLE1.7.0.0
2023-11-02 22:07:31,483 [WARN] PackLoader:240 - Cannot read IP mode file for STMicroelectronics.X-CUBE-TOUCHGFX.4.22.0
2023-11-02 22:07:31,631 [WARN] PackLoader:240 - Cannot read IP mode file for STMicroelectronics.X-CUBE-TOUCHGFX.4.22.1
2023-11-02 22:07:31,787 [WARN] PackLoader:240 - Cannot read IP mode file for STMicroelectronics.X-CUBE-MEMS1.9.3.0
2023-11-02 22:07:32,119 [WARN] PackLoader:240 - Cannot read IP mode file for STMicroelectronics.FP-SNS-SMARTAG2.1.2.0
2023-11-02 22:07:32,159 [INFO] LogOutputStream:77 - [STDOUT_REDIRECT] 1 : Invalid condition id : UX_CORESTACK_Condition cause : null
2023-11-02 22:07:32,159 [INFO] LogOutputStream:77 - [STDOUT_REDIRECT] 1 : Invalid condition id : UX_CORESTACK_Condition cause : null
2023-11-02 22:07:32,159 [INFO] LogOutputStream:77 - [STDOUT_REDIRECT] 1 : Invalid condition id : UX_CORESTACK_Condition cause : null
2023-11-02 22:07:32,170 [INFO] LogOutputStream:77 - [STDOUT_REDIRECT] 1 : Invalid condition id : UX_CORESTACK_Condition cause : null
2023-11-02 22:07:32,173 [INFO] LogOutputStream:77 - [STDOUT_REDIRECT] 1 : Invalid condition id : UX_CORESTACK_Condition cause : null
2023-11-02 22:07:32,178 [WARN] PackLoader:240 - Cannot read IP mode file for STMicroelectronics.X-CUBE-AZRTOS-WL.2.0.0
2023-11-02 22:07:32,213 [WARN] PackLoader:240 - Cannot read IP mode file for WES.I-CUBE-Cesium.1.3.0
2023-11-02 22:07:32,236 [WARN] PackLoader:240 - Cannot read IP mode file for STMicroelectronics.X-CUBE-BLE2.3.3.0
2023-11-02 22:07:32,293 [WARN] PackLoader:240 - Cannot read IP mode file for STMicroelectronics.X-CUBE-TOF1.3.2.0
2023-11-02 22:07:32,338 [WARN] PackLoader:240 - Cannot read IP mode file for STMicroelectronics.X-CUBE-ISPU.1.0.0
2023-11-02 22:07:32,378 [WARN] PackLoader:240 - Cannot read IP mode file for STMicroelectronics.X-CUBE-TOUCHGFX.4.21.1
2023-11-02 22:07:32,606 [WARN] PackLoader:240 - Cannot read IP mode file for STMicroelectronics.X-CUBE-MEMS1.9.4.0
2023-11-02 22:07:32,979 [WARN] PackLoader:240 - Cannot read IP mode file for STMicroelectronics.X-CUBE-AI.7.3.0
2023-11-02 22:07:33,012 [INFO] WebApp:157 - Instantiating new browser for Auth
2023-11-02 22:07:33,033 [WARN] PackLoader:240 - Cannot read IP mode file for STMicroelectronics.X-CUBE-AZRTOS-G0.1.1.0
2023-11-02 22:07:33,072 [WARN] PackLoader:240 - Cannot read IP mode file for STMicroelectronics.X-CUBE-NFC4.3.0.0
2023-11-02 22:07:33,120 [WARN] PackLoader:240 - Cannot read IP mode file for STMicroelectronics.X-CUBE-BLEMGR.3.0.0
2023-11-02 22:07:33,153 [WARN] PackLoader:240 - Cannot read IP mode file for STMicroelectronics.X-CUBE-BLEMGR.1.3.0
2023-11-02 22:07:33,179 [WARN] PackLoader:240 - Cannot read IP mode file for STMicroelectronics.FP-ATR-SIGFOX1.3.2.0
2023-11-02 22:07:33,203 [WARN] PackLoader:240 - Cannot read IP mode file for STMicroelectronics.X-CUBE-TOUCHGFX.4.20.0
2023-11-02 22:07:33,298 [WARN] PackLoader:240 - Cannot read IP mode file for SEGGER.I-CUBE-embOS.1.3.1
2023-11-02 22:07:33,446 [WARN] PackLoader:240 - Cannot read IP mode file for STMicroelectronics.X-CUBE-GNSS1.6.0.0
2023-11-02 22:07:33,539 [WARN] PackLoader:240 - Cannot read IP mode file for STMicroelectronics.X-CUBE-AZRTOS-F4.1.1.0
2023-11-02 22:07:33,584 [WARN] PackLoader:240 - Cannot read IP mode file for STMicroelectronics.X-CUBE-BLEMGR.1.2.0
2023-11-02 22:07:33,634 [WARN] PackLoader:240 - Cannot read IP mode file for STMicroelectronics.X-CUBE-AZRTOS-L5.2.0.0
2023-11-02 22:07:33,898 [WARN] PackLoader:240 - Cannot read IP mode file for STMicroelectronics.X-CUBE-MEMS1.9.6.0
2023-11-02 22:07:34,180 [WARN] PackLoader:240 - Cannot read IP mode file for STMicroelectronics.X-CUBE-EEPRMA1.4.2.0
2023-11-02 22:07:34,208 [WARN] PackLoader:240 - Cannot read IP mode file for ITTIA_DB.I-CUBE-ITTIADB.8.8.0
2023-11-02 22:07:34,232 [WARN] PackLoader:240 - Cannot read IP mode file for STMicroelectronics.X-CUBE-BLEMGR.2.0.0
2023-11-02 22:07:34,288 [WARN] ConditionMgr:438 - getConditionDescription Invalid condition id : UX DEVICE CLASS RTOS Condition cause : null
2023-11-02 22:07:34,289 [WARN] ConditionMgr:438 - getConditionDescription Invalid condition id : UX DEVICE CLASS RTOS Condition cause : null
2023-11-02 22:07:34,292 [WARN] PackLoader:240 - Cannot read IP mode file for STMicroelectronics.X-CUBE-AZRTOS-H7.3.1.0
2023-11-02 22:07:34,293 [WARN] ConditionMgr:1039 - genDependencies : Invalid condition id : UX DEVICE CLASS RTOS Condition cause : null
2023-11-02 22:07:34,293 [WARN] ConditionMgr:1039 - genDependencies : Invalid condition id : UX DEVICE CLASS RTOS Condition cause : null
2023-11-02 22:07:34,294 [WARN] ConditionMgr:1039 - genDependencies : Invalid condition id : UX DEVICE CLASS RTOS Condition cause : null
2023-11-02 22:07:34,294 [WARN] ConditionMgr:1039 - genDependencies : Invalid condition id : UX DEVICE CLASS RTOS Condition cause : null
2023-11-02 22:07:34,295 [WARN] ConditionMgr:1039 - genDependencies : Invalid condition id : UX DEVICE CLASS RTOS Condition cause : null
2023-11-02 22:07:34,319 [WARN] PackLoader:240 - Cannot read IP mode file for STMicroelectronics.X-CUBE-NFC7.1.0.1
2023-11-02 22:07:34,346 [WARN] PackLoader:240 - Cannot read IP mode file for STMicroelectronics.X-CUBE-NFC6.3.0.0
2023-11-02 22:07:34,374 [WARN] PackLoader:240 - Cannot read IP mode file for STMicroelectronics.X-CUBE-EEPRMA1.4.1.0
2023-11-02 22:07:34,396 [WARN] PackLoader:240 - Cannot read IP mode file for STMicroelectronics.X-CUBE-AI.8.1.0
2023-11-02 22:07:34,444 [WARN] ConditionMgr:438 - getConditionDescription Invalid condition id : LAN8742 Phy interface Condition cause : null
2023-11-02 22:07:34,445 [WARN] PackLoader:240 - Cannot read IP mode file for STMicroelectronics.X-CUBE-AZRTOS-L4.2.0.0
2023-11-02 22:07:34,447 [WARN] ConditionMgr:1039 - genDependencies : Invalid condition id : LAN8742 Phy interface Condition cause : null
2023-11-02 22:07:34,448 [WARN] ConditionMgr:1039 - genDependencies : Invalid condition id : LAN8742 Phy interface Condition cause : null
2023-11-02 22:07:34,449 [WARN] ConditionMgr:1039 - genDependencies : Invalid condition id : LAN8742 Phy interface Condition cause : null
2023-11-02 22:07:34,473 [WARN] PackLoader:240 - Cannot read IP mode file for STMicroelectronics.X-CUBE-SFXS2LP1.4.0.0
2023-11-02 22:07:34,519 [WARN] PackLoader:240 - Cannot read IP mode file for STMicroelectronics.X-CUBE-AZRTOS-H7.3.0.0
2023-11-02 22:07:34,541 [WARN] PackLoader:240 - Cannot read IP mode file for STMicroelectronics.X-CUBE-ISPU.1.1.0
2023-11-02 22:07:34,583 [WARN] ConditionMgr:438 - getConditionDescription Invalid condition id : UX DEVICE CLASS RTOS Condition cause : null
2023-11-02 22:07:34,583 [WARN] ConditionMgr:438 - getConditionDescription Invalid condition id : UX DEVICE CLASS RTOS Condition cause : null
2023-11-02 22:07:34,588 [WARN] PackLoader:240 - Cannot read IP mode file for STMicroelectronics.X-CUBE-AZRTOS-WB.2.0.0
2023-11-02 22:07:34,589 [WARN] ConditionMgr:1039 - genDependencies : Invalid condition id : UX DEVICE CLASS RTOS Condition cause : null
2023-11-02 22:07:34,589 [WARN] ConditionMgr:1039 - genDependencies : Invalid condition id : UX DEVICE CLASS RTOS Condition cause : null
2023-11-02 22:07:34,590 [WARN] ConditionMgr:1039 - genDependencies : Invalid condition id : UX DEVICE CLASS RTOS Condition cause : null
2023-11-02 22:07:34,590 [WARN] ConditionMgr:1039 - genDependencies : Invalid condition id : UX DEVICE CLASS RTOS Condition cause : null
2023-11-02 22:07:34,590 [WARN] ConditionMgr:1039 - genDependencies : Invalid condition id : UX DEVICE CLASS RTOS Condition cause : null
2023-11-02 22:07:34,619 [WARN] PackLoader:240 - Cannot read IP mode file for STMicroelectronics.X-CUBE-FREERTOS.1.0.1
2023-11-02 22:07:34,675 [WARN] PackLoader:240 - Cannot read IP mode file for STMicroelectronics.X-CUBE-AZRTOS-L5.1.1.0
2023-11-02 22:07:34,687 [WARN] PackLoader:240 - Cannot read IP mode file for STMicroelectronics.X-CUBE-AI.8.0.1
2023-11-02 22:07:34,702 [INFO] WebApp:753 - Register for checkConnection events
2023-11-02 22:07:34,702 [INFO] WebApp:390 - Apply proxy settings
2023-11-02 22:07:34,702 [INFO] WebApp:475 - Chromium requires no authentication
2023-11-02 22:07:34,724 [INFO] WebApp:418 - Direct internet connection detected
2023-11-02 22:07:34,724 [WARN] PackLoader:240 - Cannot read IP mode file for STMicroelectronics.X-CUBE-TOF1.3.3.1
2023-11-02 22:07:34,778 [WARN] PackLoader:240 - Cannot read IP mode file for STMicroelectronics.X-CUBE-AZRTOS-G4.2.0.0
2023-11-02 22:07:34,799 [WARN] PackLoader:240 - Cannot read IP mode file for STMicroelectronics.FP-ATR-ASTRA1.1.1.1
2023-11-02 22:07:34,838 [WARN] PackLoader:240 - Cannot read IP mode file for Infineon.AIROC-Wi-Fi-Bluetooth-STM32.1.5.1
2023-11-02 22:07:34,936 [WARN] PackLoader:240 - Cannot read IP mode file for STMicroelectronics.X-CUBE-MEMS1.10.0.0
2023-11-02 22:07:35,246 [WARN] PackLoader:240 - Cannot read IP mode file for STMicroelectronics.X-CUBE-FREERTOS.1.1.0
2023-11-02 22:07:35,270 [INFO] WebApp:188 - Starting web application
2023-11-02 22:07:35,270 [INFO] WebApp:520 - Web application path used C:\ST\STM32CubeIDE_1.13.0\STM32CubeIDE\plugins\com.st.stm32cube.common.mx_6.9.0.202307051724\db\plugins\mcufinder\reactClient1\index.html
2023-11-02 22:07:35,314 [WARN] PackLoader:240 - Cannot read IP mode file for STMicroelectronics.X-CUBE-AZRTOS-WB.1.1.0
2023-11-02 22:07:35,341 [WARN] PackLoader:240 - Cannot read IP mode file for STMicroelectronics.FP-ATR-ASTRA1.2.0.0
2023-11-02 22:07:35,342 [INFO] ThirdParty:978 - Integrity check success = true
2023-11-02 22:07:35,342 [INFO] IntegrityCheckThread:100 - exiting critical section [integrity check]
2023-11-02 22:07:35,343 [INFO] IntegrityCheckThread:103 - End integrity checks thread
2023-11-02 22:07:56,641 [ERROR] LogOutputStream:75 - [STDERR_REDIRECT] SLF4J: Failed to load class "org.slf4j.impl.StaticLoggerBinder".
2023-11-02 22:07:56,642 [ERROR] LogOutputStream:75 - [STDERR_REDIRECT] SLF4J: Defaulting to no-operation (NOP) logger implementation
2023-11-02 22:07:56,643 [ERROR] LogOutputStream:75 - [STDERR_REDIRECT] SLF4J: See http://www.slf4j.org/codes.html#StaticLoggerBinder for further details.
2023-11-02 22:45:45,293 [INFO] McuFinderGlobals:63 - Set McuFinder mode to 2 (CubeIDE integrated)
2023-11-02 22:45:45,342 [INFO] MainUpdater:2868 - connection check result : 10
2023-11-02 22:45:46,112 [INFO] ApiDb:581 - Connected to CubeFinder SQLite database (C:\Users\admin\.stmcufinder\plugins\mcufinder\mcu\cube-finder-db.db)
2023-11-02 22:45:46,226 [INFO] ApiDb:668 - CubeFinder database Data Model version=2.1
2023-11-02 22:45:46,226 [INFO] ApiDb:669 - CubeFinder database Configuration version=3.0.37
2023-11-02 22:45:46,226 [INFO] ApiDb:670 - CubeFinder database generation date=2023-10-13 (1697197505)
2023-11-02 22:45:46,226 [INFO] ApiDb:671 - CubeFinder database FW Pack versions=[FP-ATR-ASTRA1_V2.0.0, FP-SNS-FLIGHT1_V5.0.1, FP-SNS-FLIGHT1_V5.0.2, FP-SNS-MOTENV1_V4.3.1, FP-SNS-MOTENV1_V4.3.2, FP-SNS-SMARTAG2_V1.2.0, I-CUBE-ITTIADB_V8.6.3-1, STM32Cube_FW_C0_V1.1.0, STM32Cube_FW_F4_V1.27.1, STM32Cube_FW_F7_V1.17.0, STM32Cube_FW_G0_V1.6.1, STM32Cube_FW_G4_V1.5.1, STM32Cube_FW_H5_V0.5.1, STM32Cube_FW_H5_V1.1.1, STM32Cube_FW_H7_V1.11.0, STM32Cube_FW_L0_V1.12.2, STM32Cube_FW_L5_V1.5.0, STM32Cube_FW_U5_V1.3.0, STM32Cube_FW_U5_V1.3.0RC4, STM32Cube_FW_WBA_V1.0.0RC1, STM32Cube_FW_WBA_V1.1.0RC1, STM32Cube_FW_WBA_V1.1.1, STM32Cube_FW_WB_V1.15.0RC1, STM32Cube_FW_WB_V1.16.0, STM32Cube_FW_WB_V1.16.0RC2, STM32Cube_FW_WB_V1.17.3, STM32Cube_FW_WL_V1.3.0, X-CUBE-ALGOBUILD_V1.3.0, X-CUBE-ALS_V1.0.1, X-CUBE-AZRTOS-F4_V1.1.0, X-CUBE-AZRTOS-F7_V1.1.0, X-CUBE-AZRTOS-G0_V1.1.0, X-CUBE-AZRTOS-G4_V2.0.0, X-CUBE-AZRTOS-H7_V3.1.0, X-CUBE-AZRTOS-L4_V1.0.0, X-CUBE-AZRTOS-L4_V2.0.0, X-CUBE-AZRTOS-L5_V1.1.0, X-CUBE-AZRTOS-WB_V2.0.0, X-CUBE-AZRTOS-WL_V2.0.0, X-CUBE-BLE1_V7.0.0, X-CUBE-BLE2_V3.3.0, X-CUBE-BLEMGR_V2.0.0, X-CUBE-EEPRMA1_V4.1.0, X-CUBE-FREERTOS_V1.1.0, X-CUBE-GNSS1_V6.0.0, X-CUBE-MEMS1_V10.0.0, X-CUBE-MEMS1_V9.1.0, X-CUBE-MEMS1_V9.4.0, X-CUBE-MEMS1_V9.6.0, X-CUBE-NFC4_V3.0.0, X-CUBE-NFC7_V1.0.1, X-CUBE-SFXS2LP1_V4.0.0, X-CUBE-SUBG2_V5.0.0, X-CUBE-TOF1_V3.3.1]
2023-11-02 22:45:46,389 [INFO] DbBoardsSqlite:226 - include board P-NUCLEO-WB55-NUCLEO as a kit item of type 'Nucleo-64'
2023-11-02 22:45:46,389 [INFO] DbBoardsSqlite:226 - include board P-NUCLEO-WB55-USBDONGLE as a kit item of type 'Nucleo USB Dongle'
2023-11-02 22:45:46,390 [INFO] DbBoardsSqlite:226 - include board STEVAL-IDP005V1 as a kit item of type 'Evaluation Board'
2023-11-02 22:45:46,390 [INFO] DbBoardsSqlite:226 - include board STEVAL-IDP005V2 as a kit item of type 'Evaluation Board'
2023-11-02 22:45:47,139 [INFO] ApiDb:240 - Found 323 in-development CPN: [B-G473E-ZEST1S, B-WB1M-WPAN1, B-WL5M-SUBG1, NUCLEO-C031C6, NUCLEO-H503RB, NUCLEO-H563ZI, NUCLEO-U545RE-Q, NUCLEO-U5A5ZJ-Q, NUCLEO-WBA52CG, STEVAL-PROTEUS1, STEVAL-SMARTAG2, STEVAL-STWINBX1, STM320518-EVAL, STM32C0116-DK, STM32C011D6Y3TR, STM32C011D6Y6TR, STM32C011F4P3, STM32C011F4P6, STM32C011F4U3, STM32C011F4U6TR, STM32C011F6P3, STM32C011F6P6, STM32C011F6U3, STM32C011F6U6TR, STM32C011J4M3, STM32C011J4M6, STM32C011J6M3, STM32C011J6M6, STM32C0316-DK, STM32C031C4T3, STM32C031C4T6, STM32C031C4U3, STM32C031C4U6, STM32C031C6T3, STM32C031C6T6, STM32C031C6U3, STM32C031C6U6, STM32C031F4P3, STM32C031F4P6, STM32C031F6P3, STM32C031F6P6, STM32C031G4U3, STM32C031G4U6, STM32C031G6U3, STM32C031G6U6, STM32C031K4T3, STM32C031K4T6, STM32C031K4U3, STM32C031K4U6, STM32C031K6T3, STM32C031K6T6, STM32C031K6U3, STM32C031K6U6, STM32G071K8TXN, STM32G071K8UXN, STM32G081GBU6N, STM32G081KBT6N, STM32G081KBUXN, STM32G0B1CCT6N, STM32G0B1KCT6, STM32G0B1NEY6TR, STM32G0B1RCT6N, STM32G0C1CCT6, STM32G0C1CCT6N, STM32G0C1CCU6N, STM32G0C1CET6N, STM32G0C1CEU6N, STM32G0C1KCT6, STM32G0C1NEY6TR, STM32G0C1RCI6N, STM32G0C1RCT6N, STM32G0C1REI6N, STM32G0C1RET6N, STM32G0C1VCI6, STM32G0C1VEI6, STM32G471CCT6, STM32G471CCU6, STM32G471CET3, STM32G471CET6, STM32G471CEU3, STM32G471CEU6, STM32G471MCT6, STM32G471MET3, STM32G471MET6, STM32G471MEY6TR, STM32G471QCT6, STM32G471QET3, STM32G471RCT6, STM32G471RET3, STM32G471RET6, STM32G471VCH6, STM32G471VCI6, STM32G471VCT6, STM32G471VEH3, STM32G471VEH6, STM32G471VEI3, STM32G471VEI6, STM32G471VET3, STM32G471VET6, STM32G474CCT6, STM32H503CBT6, STM32H503CBU6, STM32H503EBY6TR, STM32H503KBU6, STM32H503RBT6, STM32H562AGI6, STM32H562AII6, STM32H562IGK6, STM32H562IGT6, STM32H562IIK6, STM32H562IIT6, STM32H562RGT6, STM32H562RGV6, STM32H562RIT6, STM32H562RIV6, STM32H562VGT6, STM32H562VIT6, STM32H562ZGT6, STM32H562ZIT6, STM32H563AGI6, STM32H563AII3Q, STM32H563AII6, STM32H563IGK6, STM32H563IGT6, STM32H563IIK3Q, STM32H563IIK6, STM32H563IIT3Q, STM32H563IIT6, STM32H563MIY3QTR, STM32H563RGT6, STM32H563RGV6, STM32H563RIT6, STM32H563RIV6, STM32H563VGT6, STM32H563VIT3Q, STM32H563VIT6, STM32H563ZGT6, STM32H563ZIT3Q, STM32H563ZIT6, STM32H573AII3Q, STM32H573AII6, STM32H573I-DK, STM32H573IIK3Q, STM32H573IIK6, STM32H573IIT3Q, STM32H573IIT6, STM32H573MIY3QTR, STM32H573RIT6, STM32H573RIV6, STM32H573VIT3Q, STM32H573VIT6, STM32H573ZIT3Q, STM32H573ZIT6, STM32L4R5QGI6STR, STM32MP131AAE3, STM32MP131AAF3, STM32MP131AAG3, STM32MP131CAE3, STM32MP131CAF3, STM32MP131CAG3, STM32MP131DAE7, STM32MP131DAF7, STM32MP131DAG7, STM32MP131FAE7, STM32MP131FAF7, STM32MP131FAG7, STM32MP133AAE3, STM32MP133AAF3, STM32MP133AAG3, STM32MP133CAE3, STM32MP133CAF3, STM32MP133CAG3, STM32MP133DAE7, STM32MP133DAF7, STM32MP133DAG7, STM32MP133FAE7, STM32MP133FAF7, STM32MP133FAG7, STM32MP135AAE3, STM32MP135AAF3, STM32MP135AAG3, STM32MP135CAE3, STM32MP135CAF3, STM32MP135CAG3, STM32MP135DAE7, STM32MP135DAF7, STM32MP135DAG7, STM32MP135F-DK, STM32MP135FAE7, STM32MP135FAF7, STM32MP135FAF7T, STM32MP135FAF7U, STM32MP135FAG7, STM32U535CBT6, STM32U535CBT6Q, STM32U535CBU6, STM32U535CBU6Q, STM32U535CCT6, STM32U535CCT6Q, STM32U535CCU6, STM32U535CCU6Q, STM32U535CET6, STM32U535CET6Q, STM32U535CEU6, STM32U535CEU6Q, STM32U535JEY6QTR, STM32U535NCY6QTR, STM32U535NEY6QTR, STM32U535RBI6, STM32U535RBI6Q, STM32U535RBT6, STM32U535RBT6Q, STM32U535RCI6, STM32U535RCI6Q, STM32U535RCT6, STM32U535RCT6Q, STM32U535REI6, STM32U535REI6Q, STM32U535RET6, STM32U535RET6Q, STM32U535VCI6, STM32U535VCI6Q, STM32U535VCT6, STM32U535VCT6Q, STM32U535VEI6, STM32U535VEI6Q, STM32U535VET6, STM32U535VET6Q, STM32U545CET6, STM32U545CET6Q, STM32U545CEU6, STM32U545CEU6Q, STM32U545JEY6QTR, STM32U545NEY6QTR, STM32U545REI6, STM32U545REI6Q, STM32U545RET6, STM32U545RET6Q, STM32U545VEI6, STM32U545VEI6Q, STM32U545VET6, STM32U545VET6Q, STM32U595AIH6, STM32U595AIH6Q, STM32U595AJH6, STM32U595AJH6Q, STM32U595QII6, STM32U595QII6Q, STM32U595QJI6, STM32U595QJI6Q, STM32U595RIT6, STM32U595RIT6Q, STM32U595RJT6, STM32U595RJT6Q, STM32U595VIT6, STM32U595VIT6Q, STM32U595VJT6, STM32U595VJT6Q, STM32U595ZIT6, STM32U595ZIT6Q, STM32U595ZIY6QTR, STM32U595ZJT6, STM32U595ZJT6Q, STM32U595ZJY6QTR, STM32U599BJY6QTR, STM32U599NIH6Q, STM32U599NJH6Q, STM32U599VIT6Q, STM32U599VJT6, STM32U599VJT6Q, STM32U599ZIT6Q, STM32U599ZIY6QTR, STM32U599ZJT6Q, STM32U599ZJY6QTR, STM32U5A5AJH6, STM32U5A5AJH6Q, STM32U5A5QJI6, STM32U5A5QJI6Q, STM32U5A5RJT6, STM32U5A5RJT6Q, STM32U5A5VJT6, STM32U5A5VJT6Q, STM32U5A5ZJT6, STM32U5A5ZJT6Q, STM32U5A5ZJY6QTR, STM32U5A9BJY6QTR, STM32U5A9J-DK, STM32U5A9NJH6Q, STM32U5A9VJT6Q, STM32U5A9ZJT6Q, STM32U5A9ZJY6QTR, STM32U5F7VIT6, STM32U5F7VIT6Q, STM32U5F7VJT6, STM32U5F7VJT6Q, STM32U5F9BJY6QTR, STM32U5F9NJH6Q, STM32U5F9VIT6Q, STM32U5F9VJT6Q, STM32U5F9ZIJ6QTR, STM32U5F9ZIT6Q, STM32U5F9ZJJ6QTR, STM32U5F9ZJT6Q, STM32U5G7VJT6, STM32U5G7VJT6Q, STM32U5G9BJY6QTR, STM32U5G9J-DK1, STM32U5G9J-DK2, STM32U5G9NJH6Q, STM32U5G9VJT6Q, STM32U5G9ZJJ6QTR, STM32U5G9ZJT6Q, STM32WB1MMCH6, STM32WBA52CEU6, STM32WBA52CEU6T, STM32WBA52CGU6, STM32WBA52CGU6T, STM32WBA52KEU6, STM32WBA52KEU6T, STM32WBA52KGU6, STM32WBA52KGU6T, STM32WL5MOCH6, STM32WL5MOCH6TR]
2023-11-02 22:45:47,321 [INFO] BoardInfo:880 - No configuration file found for board P-NUCLEO-WB55
2023-11-02 22:45:47,322 [INFO] DbBoards:157 - Kit is not supported: P-NUCLEO-WB55
2023-11-02 22:45:47,328 [INFO] BoardInfo:880 - No configuration file found for board STEVAL-BFA001V1B
2023-11-02 22:45:47,328 [INFO] DbBoards:157 - Kit is not supported: STEVAL-BFA001V1B
2023-11-02 22:45:47,329 [INFO] BoardInfo:880 - No configuration file found for board STEVAL-BFA001V2B
2023-11-02 22:45:47,329 [INFO] DbBoards:157 - Kit is not supported: STEVAL-BFA001V2B
2023-11-02 22:45:47,465 [INFO] DbBoards:161 - Found 190 boards, 187 are supported
2023-11-02 22:45:47,469 [INFO] ApiDb:668 - CubeFinder database Data Model version=2.1
2023-11-02 22:45:47,470 [INFO] ApiDb:669 - CubeFinder database Configuration version=3.0.37
2023-11-02 22:45:47,470 [INFO] ApiDb:670 - CubeFinder database generation date=2023-10-13 (1697197505)
2023-11-02 22:45:47,470 [INFO] ApiDb:671 - CubeFinder database FW Pack versions=[FP-ATR-ASTRA1_V2.0.0, FP-SNS-FLIGHT1_V5.0.1, FP-SNS-FLIGHT1_V5.0.2, FP-SNS-MOTENV1_V4.3.1, FP-SNS-MOTENV1_V4.3.2, FP-SNS-SMARTAG2_V1.2.0, I-CUBE-ITTIADB_V8.6.3-1, STM32Cube_FW_C0_V1.1.0, STM32Cube_FW_F4_V1.27.1, STM32Cube_FW_F7_V1.17.0, STM32Cube_FW_G0_V1.6.1, STM32Cube_FW_G4_V1.5.1, STM32Cube_FW_H5_V0.5.1, STM32Cube_FW_H5_V1.1.1, STM32Cube_FW_H7_V1.11.0, STM32Cube_FW_L0_V1.12.2, STM32Cube_FW_L5_V1.5.0, STM32Cube_FW_U5_V1.3.0, STM32Cube_FW_U5_V1.3.0RC4, STM32Cube_FW_WBA_V1.0.0RC1, STM32Cube_FW_WBA_V1.1.0RC1, STM32Cube_FW_WBA_V1.1.1, STM32Cube_FW_WB_V1.15.0RC1, STM32Cube_FW_WB_V1.16.0, STM32Cube_FW_WB_V1.16.0RC2, STM32Cube_FW_WB_V1.17.3, STM32Cube_FW_WL_V1.3.0, X-CUBE-ALGOBUILD_V1.3.0, X-CUBE-ALS_V1.0.1, X-CUBE-AZRTOS-F4_V1.1.0, X-CUBE-AZRTOS-F7_V1.1.0, X-CUBE-AZRTOS-G0_V1.1.0, X-CUBE-AZRTOS-G4_V2.0.0, X-CUBE-AZRTOS-H7_V3.1.0, X-CUBE-AZRTOS-L4_V1.0.0, X-CUBE-AZRTOS-L4_V2.0.0, X-CUBE-AZRTOS-L5_V1.1.0, X-CUBE-AZRTOS-WB_V2.0.0, X-CUBE-AZRTOS-WL_V2.0.0, X-CUBE-BLE1_V7.0.0, X-CUBE-BLE2_V3.3.0, X-CUBE-BLEMGR_V2.0.0, X-CUBE-EEPRMA1_V4.1.0, X-CUBE-FREERTOS_V1.1.0, X-CUBE-GNSS1_V6.0.0, X-CUBE-MEMS1_V10.0.0, X-CUBE-MEMS1_V9.1.0, X-CUBE-MEMS1_V9.4.0, X-CUBE-MEMS1_V9.6.0, X-CUBE-NFC4_V3.0.0, X-CUBE-NFC7_V1.0.1, X-CUBE-SFXS2LP1_V4.0.0, X-CUBE-SUBG2_V5.0.0, X-CUBE-TOF1_V3.3.1]
2023-11-02 22:45:49,574 [INFO] ApiDb:240 - Found 323 in-development CPN: [B-G473E-ZEST1S, B-WB1M-WPAN1, B-WL5M-SUBG1, NUCLEO-C031C6, NUCLEO-H503RB, NUCLEO-H563ZI, NUCLEO-U545RE-Q, NUCLEO-U5A5ZJ-Q, NUCLEO-WBA52CG, STEVAL-PROTEUS1, STEVAL-SMARTAG2, STEVAL-STWINBX1, STM320518-EVAL, STM32C0116-DK, STM32C011D6Y3TR, STM32C011D6Y6TR, STM32C011F4P3, STM32C011F4P6, STM32C011F4U3, STM32C011F4U6TR, STM32C011F6P3, STM32C011F6P6, STM32C011F6U3, STM32C011F6U6TR, STM32C011J4M3, STM32C011J4M6, STM32C011J6M3, STM32C011J6M6, STM32C0316-DK, STM32C031C4T3, STM32C031C4T6, STM32C031C4U3, STM32C031C4U6, STM32C031C6T3, STM32C031C6T6, STM32C031C6U3, STM32C031C6U6, STM32C031F4P3, STM32C031F4P6, STM32C031F6P3, STM32C031F6P6, STM32C031G4U3, STM32C031G4U6, STM32C031G6U3, STM32C031G6U6, STM32C031K4T3, STM32C031K4T6, STM32C031K4U3, STM32C031K4U6, STM32C031K6T3, STM32C031K6T6, STM32C031K6U3, STM32C031K6U6, STM32G071K8TXN, STM32G071K8UXN, STM32G081GBU6N, STM32G081KBT6N, STM32G081KBUXN, STM32G0B1CCT6N, STM32G0B1KCT6, STM32G0B1NEY6TR, STM32G0B1RCT6N, STM32G0C1CCT6, STM32G0C1CCT6N, STM32G0C1CCU6N, STM32G0C1CET6N, STM32G0C1CEU6N, STM32G0C1KCT6, STM32G0C1NEY6TR, STM32G0C1RCI6N, STM32G0C1RCT6N, STM32G0C1REI6N, STM32G0C1RET6N, STM32G0C1VCI6, STM32G0C1VEI6, STM32G471CCT6, STM32G471CCU6, STM32G471CET3, STM32G471CET6, STM32G471CEU3, STM32G471CEU6, STM32G471MCT6, STM32G471MET3, STM32G471MET6, STM32G471MEY6TR, STM32G471QCT6, STM32G471QET3, STM32G471RCT6, STM32G471RET3, STM32G471RET6, STM32G471VCH6, STM32G471VCI6, STM32G471VCT6, STM32G471VEH3, STM32G471VEH6, STM32G471VEI3, STM32G471VEI6, STM32G471VET3, STM32G471VET6, STM32G474CCT6, STM32H503CBT6, STM32H503CBU6, STM32H503EBY6TR, STM32H503KBU6, STM32H503RBT6, STM32H562AGI6, STM32H562AII6, STM32H562IGK6, STM32H562IGT6, STM32H562IIK6, STM32H562IIT6, STM32H562RGT6, STM32H562RGV6, STM32H562RIT6, STM32H562RIV6, STM32H562VGT6, STM32H562VIT6, STM32H562ZGT6, STM32H562ZIT6, STM32H563AGI6, STM32H563AII3Q, STM32H563AII6, STM32H563IGK6, STM32H563IGT6, STM32H563IIK3Q, STM32H563IIK6, STM32H563IIT3Q, STM32H563IIT6, STM32H563MIY3QTR, STM32H563RGT6, STM32H563RGV6, STM32H563RIT6, STM32H563RIV6, STM32H563VGT6, STM32H563VIT3Q, STM32H563VIT6, STM32H563ZGT6, STM32H563ZIT3Q, STM32H563ZIT6, STM32H573AII3Q, STM32H573AII6, STM32H573I-DK, STM32H573IIK3Q, STM32H573IIK6, STM32H573IIT3Q, STM32H573IIT6, STM32H573MIY3QTR, STM32H573RIT6, STM32H573RIV6, STM32H573VIT3Q, STM32H573VIT6, STM32H573ZIT3Q, STM32H573ZIT6, STM32L4R5QGI6STR, STM32MP131AAE3, STM32MP131AAF3, STM32MP131AAG3, STM32MP131CAE3, STM32MP131CAF3, STM32MP131CAG3, STM32MP131DAE7, STM32MP131DAF7, STM32MP131DAG7, STM32MP131FAE7, STM32MP131FAF7, STM32MP131FAG7, STM32MP133AAE3, STM32MP133AAF3, STM32MP133AAG3, STM32MP133CAE3, STM32MP133CAF3, STM32MP133CAG3, STM32MP133DAE7, STM32MP133DAF7, STM32MP133DAG7, STM32MP133FAE7, STM32MP133FAF7, STM32MP133FAG7, STM32MP135AAE3, STM32MP135AAF3, STM32MP135AAG3, STM32MP135CAE3, STM32MP135CAF3, STM32MP135CAG3, STM32MP135DAE7, STM32MP135DAF7, STM32MP135DAG7, STM32MP135F-DK, STM32MP135FAE7, STM32MP135FAF7, STM32MP135FAF7T, STM32MP135FAF7U, STM32MP135FAG7, STM32U535CBT6, STM32U535CBT6Q, STM32U535CBU6, STM32U535CBU6Q, STM32U535CCT6, STM32U535CCT6Q, STM32U535CCU6, STM32U535CCU6Q, STM32U535CET6, STM32U535CET6Q, STM32U535CEU6, STM32U535CEU6Q, STM32U535JEY6QTR, STM32U535NCY6QTR, STM32U535NEY6QTR, STM32U535RBI6, STM32U535RBI6Q, STM32U535RBT6, STM32U535RBT6Q, STM32U535RCI6, STM32U535RCI6Q, STM32U535RCT6, STM32U535RCT6Q, STM32U535REI6, STM32U535REI6Q, STM32U535RET6, STM32U535RET6Q, STM32U535VCI6, STM32U535VCI6Q, STM32U535VCT6, STM32U535VCT6Q, STM32U535VEI6, STM32U535VEI6Q, STM32U535VET6, STM32U535VET6Q, STM32U545CET6, STM32U545CET6Q, STM32U545CEU6, STM32U545CEU6Q, STM32U545JEY6QTR, STM32U545NEY6QTR, STM32U545REI6, STM32U545REI6Q, STM32U545RET6, STM32U545RET6Q, STM32U545VEI6, STM32U545VEI6Q, STM32U545VET6, STM32U545VET6Q, STM32U595AIH6, STM32U595AIH6Q, STM32U595AJH6, STM32U595AJH6Q, STM32U595QII6, STM32U595QII6Q, STM32U595QJI6, STM32U595QJI6Q, STM32U595RIT6, STM32U595RIT6Q, STM32U595RJT6, STM32U595RJT6Q, STM32U595VIT6, STM32U595VIT6Q, STM32U595VJT6, STM32U595VJT6Q, STM32U595ZIT6, STM32U595ZIT6Q, STM32U595ZIY6QTR, STM32U595ZJT6, STM32U595ZJT6Q, STM32U595ZJY6QTR, STM32U599BJY6QTR, STM32U599NIH6Q, STM32U599NJH6Q, STM32U599VIT6Q, STM32U599VJT6, STM32U599VJT6Q, STM32U599ZIT6Q, STM32U599ZIY6QTR, STM32U599ZJT6Q, STM32U599ZJY6QTR, STM32U5A5AJH6, STM32U5A5AJH6Q, STM32U5A5QJI6, STM32U5A5QJI6Q, STM32U5A5RJT6, STM32U5A5RJT6Q, STM32U5A5VJT6, STM32U5A5VJT6Q, STM32U5A5ZJT6, STM32U5A5ZJT6Q, STM32U5A5ZJY6QTR, STM32U5A9BJY6QTR, STM32U5A9J-DK, STM32U5A9NJH6Q, STM32U5A9VJT6Q, STM32U5A9ZJT6Q, STM32U5A9ZJY6QTR, STM32U5F7VIT6, STM32U5F7VIT6Q, STM32U5F7VJT6, STM32U5F7VJT6Q, STM32U5F9BJY6QTR, STM32U5F9NJH6Q, STM32U5F9VIT6Q, STM32U5F9VJT6Q, STM32U5F9ZIJ6QTR, STM32U5F9ZIT6Q, STM32U5F9ZJJ6QTR, STM32U5F9ZJT6Q, STM32U5G7VJT6, STM32U5G7VJT6Q, STM32U5G9BJY6QTR, STM32U5G9J-DK1, STM32U5G9J-DK2, STM32U5G9NJH6Q, STM32U5G9VJT6Q, STM32U5G9ZJJ6QTR, STM32U5G9ZJT6Q, STM32WB1MMCH6, STM32WBA52CEU6, STM32WBA52CEU6T, STM32WBA52CGU6, STM32WBA52CGU6T, STM32WBA52KEU6, STM32WBA52KEU6T, STM32WBA52KGU6, STM32WBA52KGU6T, STM32WL5MOCH6, STM32WL5MOCH6TR]
2023-11-02 22:45:49,579 [INFO] DbMcus:217 - Found 3848 MCUs, 3848 are supported
2023-11-02 22:45:49,581 [INFO] ApiDb:423 - Load user favorites file C:\Users\admin/.stm32cubeide/favorites.mcus.txt: 0 item(s)
2023-11-02 22:45:49,581 [INFO] ApiDb:427 - User favorites MCUs=[]
2023-11-02 22:45:49,582 [INFO] DbMcus:223 - Set 0 / 0 favorites MCUs
2023-11-02 22:45:49,932 [INFO] ApiDb:423 - Load user favorites file C:\Users\admin/.stm32cubeide/favorites.boards.txt: 0 item(s)
2023-11-02 22:45:49,932 [INFO] ApiDb:427 - User favorites Boards=[]
2023-11-02 22:45:49,932 [INFO] DbBoards:190 - Set 0 / 0 favorites Boards
2023-11-02 22:45:49,934 [INFO] McuFinderGlobals:76 - Set McuFinderConnectedMode to true
2023-11-02 22:45:49,940 [INFO] MultiScanPanel:200 - Auto-refresh data requested => check proxy status ongoing
2023-11-02 22:45:49,943 [INFO] FinderPluginLoader:95 - Searching for filters in installed packs
2023-11-02 22:45:51,274 [INFO] LoadUrlFilesThread:185 - End of LoadServerUrlFiles without Thread
2023-11-02 22:45:51,305 [INFO] DetailPanel:341 - Set advertising image to C:/Users/admin/STM32Cube/Repository/\en.prom-stm32h5-mcu-finder.jpg
2023-11-02 22:45:59,701 [INFO] MultiScanPanel:200 - Auto-refresh data requested => check proxy status ongoing
2023-11-02 22:45:59,852 [INFO] LoadUrlFilesThread:185 - End of LoadServerUrlFiles without Thread
2023-11-02 22:45:59,852 [INFO] DetailPanel:341 - Set advertising image to C:/Users/admin/STM32Cube/Repository/\en.prom-stm32h5-mcu-finder.jpg
2023-11-02 22:45:59,852 [INFO] DbBoards:634 - Loading board mini-images...
2023-11-02 22:46:03,025 [INFO] DbBoards:657 - Loaded 190 board mini-images
2023-11-02 22:46:33,582 [INFO] McuFinderGlobals:76 - Set McuFinderConnectedMode to true
2023-11-02 22:46:33,589 [INFO] ApiDb:448 - Save user favorites file C:\Users\admin/.stm32cubeide/favorites.mcus.txt: 0 item(s)
2023-11-02 22:46:33,589 [INFO] ApiDb:452 - User favorites MCUs=[]
2023-11-02 22:46:33,591 [INFO] ApiDb:448 - Save user favorites file C:\Users\admin/.stm32cubeide/favorites.boards.txt: 0 item(s)
2023-11-02 22:46:33,591 [INFO] ApiDb:452 - User favorites Boards=[]
2023-11-02 23:30:13,111 [ERROR] LogOutputStream:75 - [STDERR_REDIRECT] 
