2023-10-09 22:41:09,504 [INFO] Activator:176 - 


2023-10-09 22:41:09,510 [INFO] Activator:177 - !SESSION log4j initialized
2023-10-09 22:41:19,111 [INFO] LogOutputStream:77 - [STDOUT_REDIRECT] 
2023-10-09 22:41:21,347 [INFO] ApplicationProperties:184 - Using Application install path: C:\ST\STM32CubeIDE_1.13.0\STM32CubeIDE\plugins\com.st.stm32cube.common.mx_6.9.0.202307051724
2023-10-09 22:41:21,368 [INFO] DbMcusXml:78 - Set database path to: C:\ST\STM32CubeIDE_1.13.0\STM32CubeIDE\plugins\com.st.stm32cube.common.mx_6.9.0.202307051724\\db\/mcu/
2023-10-09 22:41:21,369 [INFO] ApiDb:274 - Set plugin database path to: C:\ST\STM32CubeIDE_1.13.0\STM32CubeIDE\plugins\com.st.stm32cube.common.mx_6.9.0.202307051724\\db\/plugins/boardmanager/
2023-10-09 22:41:21,369 [WARN] ApiDb:259 - Overriding images path with different value:  => C:\ST\STM32CubeIDE_1.13.0\STM32CubeIDE\plugins\com.st.stm32cube.common.mx_6.9.0.202307051724\\db\/plugins/mcufinder/images/
2023-10-09 22:41:21,389 [INFO] ApiDb:250 - Set database path to: C:\Users\admin\.stmcufinder\plugins\mcufinder//mcu/
2023-10-09 22:41:21,391 [INFO] DbMcusAds:125 - Set database path to: C:\Users\admin\.stmcufinder\plugins\mcufinder//mcu/
2023-10-09 22:41:22,076 [INFO] CrossReferenceDbSqlite:203 - Set database path to: C:\Users\admin\.stmcufinder\plugins\mcufinder//mcu/cs/
2023-10-09 22:41:22,234 [INFO] RulesReader:64 - Compatibility file has been processed (293 Rules)
2023-10-09 22:41:22,334 [INFO] DbMcusXml:78 - Set database path to: C:\ST\STM32CubeIDE_1.13.0\STM32CubeIDE\plugins\com.st.stm32cube.common.mx_6.9.0.202307051724\\db\/mcu/
2023-10-09 22:41:22,334 [INFO] ApiDb:274 - Set plugin database path to: C:\ST\STM32CubeIDE_1.13.0\STM32CubeIDE\plugins\com.st.stm32cube.common.mx_6.9.0.202307051724\\db\/plugins/boardmanager/
2023-10-09 22:41:22,334 [INFO] ApiDb:261 - Set plugin images path to: C:\ST\STM32CubeIDE_1.13.0\STM32CubeIDE\plugins\com.st.stm32cube.common.mx_6.9.0.202307051724\\db\/plugins/mcufinder/images/
2023-10-09 22:41:22,334 [WARN] DbFile:41 - Overriding database path with different value: C:\Users\admin\.stmcufinder\plugins\mcufinder/ => C:\Users\admin\.stmcufinder\plugins\mcufinder
2023-10-09 22:41:22,334 [INFO] ApiDb:250 - Set database path to: C:\Users\admin\.stmcufinder\plugins\mcufinder//mcu/
2023-10-09 22:41:22,334 [WARN] DbFile:41 - Overriding database path with different value: C:\Users\admin\.stmcufinder\plugins\mcufinder/ => C:\Users\admin\.stmcufinder\plugins\mcufinder
2023-10-09 22:41:22,335 [INFO] DbMcusAds:125 - Set database path to: C:\Users\admin\.stmcufinder\plugins\mcufinder//mcu/
2023-10-09 22:41:22,335 [WARN] DbFile:41 - Overriding database path with different value: C:\Users\admin\.stmcufinder\plugins\mcufinder/ => C:\Users\admin\.stmcufinder\plugins\mcufinder
2023-10-09 22:41:22,335 [WARN] DbFile:41 - Overriding database path with different value: C:\Users\admin\.stmcufinder\plugins\mcufinder/ => C:\Users\admin\.stmcufinder\plugins\mcufinder
2023-10-09 22:41:23,075 [INFO] CrossReferenceDbSqlite:203 - Set database path to: C:\Users\admin\.stmcufinder\plugins\mcufinder//mcu/cs/
2023-10-09 22:41:23,193 [INFO] MainPanel:262 - HeapMemory: 268435456
2023-10-09 22:41:23,312 [INFO] DbMcusXml:78 - Set database path to: C:\ST\STM32CubeIDE_1.13.0\STM32CubeIDE\plugins\com.st.stm32cube.common.mx_6.9.0.202307051724\\db\/mcu/
2023-10-09 22:41:23,312 [INFO] ApiDb:274 - Set plugin database path to: C:\ST\STM32CubeIDE_1.13.0\STM32CubeIDE\plugins\com.st.stm32cube.common.mx_6.9.0.202307051724\\db\/plugins/boardmanager/
2023-10-09 22:41:23,312 [INFO] ApiDb:261 - Set plugin images path to: C:\ST\STM32CubeIDE_1.13.0\STM32CubeIDE\plugins\com.st.stm32cube.common.mx_6.9.0.202307051724\\db\/plugins/mcufinder/images/
2023-10-09 22:41:23,313 [WARN] DbFile:41 - Overriding database path with different value: C:\Users\admin\.stmcufinder\plugins\mcufinder/ => C:\Users\admin\.stmcufinder\plugins\mcufinder
2023-10-09 22:41:23,313 [INFO] ApiDb:250 - Set database path to: C:\Users\admin\.stmcufinder\plugins\mcufinder//mcu/
2023-10-09 22:41:23,313 [WARN] DbFile:41 - Overriding database path with different value: C:\Users\admin\.stmcufinder\plugins\mcufinder/ => C:\Users\admin\.stmcufinder\plugins\mcufinder
2023-10-09 22:41:23,313 [INFO] DbMcusAds:125 - Set database path to: C:\Users\admin\.stmcufinder\plugins\mcufinder//mcu/
2023-10-09 22:41:23,313 [WARN] DbFile:41 - Overriding database path with different value: C:\Users\admin\.stmcufinder\plugins\mcufinder/ => C:\Users\admin\.stmcufinder\plugins\mcufinder
2023-10-09 22:41:23,313 [WARN] DbFile:41 - Overriding database path with different value: C:\Users\admin\.stmcufinder\plugins\mcufinder/ => C:\Users\admin\.stmcufinder\plugins\mcufinder
2023-10-09 22:41:24,077 [INFO] CrossReferenceDbSqlite:203 - Set database path to: C:\Users\admin\.stmcufinder\plugins\mcufinder//mcu/cs/
2023-10-09 22:41:24,117 [INFO] ApplicationProperties:184 - Using Application install path: C:\ST\STM32CubeIDE_1.13.0\STM32CubeIDE\plugins\com.st.stm32cube.common.mx_6.9.0.202307051724
2023-10-09 22:41:24,119 [INFO] PluginManage:196 - Search for loadable plugins [exclusion list=, ]
2023-10-09 22:41:24,121 [INFO] PluginManage:310 - Check plugin analytics
2023-10-09 22:41:25,182 [INFO] AnalyticsPlugin:253 - Accepted Software Licenses: STM32CubeMX.6.9.1
2023-10-09 22:41:25,182 [INFO] AnalyticsPlugin:255 - Accepted CMSIS Pack Licenses: 
2023-10-09 22:41:25,182 [INFO] AnalyticsPlugin:257 - Accepted Firmware Licenses: 
2023-10-09 22:41:25,185 [INFO] PluginManage:359 - Loaded plugin analytics (category:tool,tabindex:-1)
2023-10-09 22:41:25,186 [INFO] PluginManage:310 - Check plugin cadmodel
2023-10-09 22:41:25,202 [INFO] CADModel:105 - Init CAD model plugin
2023-10-09 22:41:25,203 [INFO] PluginManage:359 - Loaded plugin cadmodel (category:power,tabindex:5)
2023-10-09 22:41:25,203 [INFO] PluginManage:310 - Check plugin clock
2023-10-09 22:41:25,224 [INFO] PluginManage:359 - Loaded plugin clock (category:base,tabindex:2)
2023-10-09 22:41:25,224 [INFO] PluginManage:310 - Check plugin ddr
2023-10-09 22:41:25,227 [INFO] PluginManage:359 - Loaded plugin ddr (category:tool,tabindex:6)
2023-10-09 22:41:25,227 [INFO] PluginManage:310 - Check plugin filemanager
2023-10-09 22:41:25,435 [INFO] PluginManage:359 - Loaded plugin filemanager (category:base,tabindex:10)
2023-10-09 22:41:25,435 [INFO] PluginManage:310 - Check plugin ipmanager
2023-10-09 22:41:25,444 [INFO] PluginManage:359 - Loaded plugin ipmanager (category:base,tabindex:5)
2023-10-09 22:41:25,444 [INFO] PluginManage:310 - Check plugin lpbam
2023-10-09 22:41:25,460 [INFO] PluginManage:359 - Loaded plugin lpbam (category:base,tabindex:0)
2023-10-09 22:41:25,460 [INFO] PluginManage:310 - Check plugin memorymap
2023-10-09 22:41:25,484 [INFO] PluginManage:359 - Loaded plugin memorymap (category:base,tabindex:4)
2023-10-09 22:41:25,484 [INFO] PluginManage:310 - Check plugin pinoutandconfiguration
2023-10-09 22:41:25,505 [INFO] PluginManage:359 - Loaded plugin pinoutandconfiguration (category:base,tabindex:1)
2023-10-09 22:41:25,505 [INFO] PluginManage:310 - Check plugin pinoutconfig
2023-10-09 22:41:25,635 [WARN] SupportedApi:132 - Cannot load RTOS API schema: s4s-elt-must-match.1: The content of 'definitions' must match (annotation?, (simpleType | complexType)?, (unique | key | keyref)*)). A problem was found starting at: attribute.
2023-10-09 22:41:25,793 [INFO] PluginManage:359 - Loaded plugin pinoutconfig (category:base,tabindex:0)
2023-10-09 22:41:25,793 [INFO] PluginManage:310 - Check plugin power
2023-10-09 22:41:25,815 [INFO] PluginManage:359 - Loaded plugin power (category:power,tabindex:4)
2023-10-09 22:41:25,815 [INFO] PluginManage:310 - Check plugin projectmanager
2023-10-09 22:41:25,832 [INFO] PluginManage:359 - Loaded plugin projectmanager (category:projectmanager,tabindex:3)
2023-10-09 22:41:25,833 [INFO] PluginManage:310 - Check plugin thirdparty
2023-10-09 22:41:26,152 [INFO] PluginManage:359 - Loaded plugin thirdparty (category:base,tabindex:-1)
2023-10-09 22:41:26,152 [WARN] IntegrityCheckThread:84 - waiting for thirdparty lock release [integrity check]
2023-10-09 22:41:26,152 [INFO] PluginManage:310 - Check plugin tools
2023-10-09 22:41:26,152 [INFO] IntegrityCheckThread:86 - entering critical section [integrity check]
2023-10-09 22:41:26,152 [INFO] ThirdPartyUpdaterWithRetryManager:70 - Updater plugin not ready yet. [1/15]
2023-10-09 22:41:26,182 [INFO] PluginManage:359 - Loaded plugin tools (category:base,tabindex:7)
2023-10-09 22:41:26,182 [INFO] PluginManage:310 - Check plugin tutovideos
2023-10-09 22:41:26,417 [INFO] PluginManage:359 - Loaded plugin tutovideos (category:base,tabindex:-1)
2023-10-09 22:41:26,417 [INFO] PluginManage:310 - Check plugin updater
2023-10-09 22:41:26,431 [INFO] PluginManage:359 - Loaded plugin updater (category:base,tabindex:12)
2023-10-09 22:41:26,431 [INFO] PluginManage:310 - Check plugin userauth
2023-10-09 22:41:26,438 [INFO] UserAuth:113 - Init User Auth plugin
2023-10-09 22:41:26,438 [INFO] PluginManage:359 - Loaded plugin userauth (category:base,tabindex:14)
2023-10-09 22:41:26,439 [INFO] PluginManage:283 - PluginManage : Loaded plugins [17]
2023-10-09 22:41:26,691 [INFO] PinOutPanel:1499 - setPackage(No Configuration,No Configuration)
2023-10-09 22:41:26,820 [INFO] CADModel:165 - CPN selected for project level
2023-10-09 22:41:26,820 [INFO] CADModel:114 - Register for checkConnection events
2023-10-09 22:41:26,848 [INFO] IPUIPlugin:80 - create IPUIPlugin
2023-10-09 22:41:26,848 [INFO] PluginManager:220 - loadIPPluginJar : add adc
2023-10-09 22:41:26,879 [INFO] IPUIPlugin:80 - create IPUIPlugin
2023-10-09 22:41:26,879 [INFO] PluginManager:220 - loadIPPluginJar : add aes
2023-10-09 22:41:26,915 [INFO] IPUIPlugin:80 - create IPUIPlugin
2023-10-09 22:41:26,916 [INFO] PluginManager:220 - loadIPPluginJar : add can
2023-10-09 22:41:26,936 [INFO] IPUIPlugin:80 - create IPUIPlugin
2023-10-09 22:41:26,936 [INFO] PluginManager:220 - loadIPPluginJar : add comp
2023-10-09 22:41:26,965 [INFO] IPUIPlugin:80 - create IPUIPlugin
2023-10-09 22:41:26,966 [INFO] PluginManager:220 - loadIPPluginJar : add cryp
2023-10-09 22:41:26,992 [INFO] IPUIPlugin:80 - create IPUIPlugin
2023-10-09 22:41:26,992 [INFO] PluginManager:220 - loadIPPluginJar : add dfsdm
2023-10-09 22:41:27,005 [INFO] IPUIPlugin:80 - create IPUIPlugin
2023-10-09 22:41:27,005 [INFO] PluginManager:220 - loadIPPluginJar : add dma
2023-10-09 22:41:27,044 [INFO] IPUIPlugin:80 - create IPUIPlugin
2023-10-09 22:41:27,044 [INFO] PluginManager:220 - loadIPPluginJar : add dma3
2023-10-09 22:41:27,062 [INFO] IPUIPlugin:80 - create IPUIPlugin
2023-10-09 22:41:27,062 [INFO] PluginManager:220 - loadIPPluginJar : add fatfs
2023-10-09 22:41:27,105 [INFO] IPUIPlugin:80 - create IPUIPlugin
2023-10-09 22:41:27,106 [INFO] PluginManager:220 - loadIPPluginJar : add fmc
2023-10-09 22:41:27,119 [INFO] IPUIPlugin:80 - create IPUIPlugin
2023-10-09 22:41:27,120 [INFO] PluginManager:220 - loadIPPluginJar : add freertos
2023-10-09 22:41:27,137 [INFO] IPUIPlugin:80 - create IPUIPlugin
2023-10-09 22:41:27,137 [INFO] PluginManager:220 - loadIPPluginJar : add genericplugin
2023-10-09 22:41:27,217 [INFO] IPUIPlugin:80 - create IPUIPlugin
2023-10-09 22:41:27,218 [INFO] PluginManager:220 - loadIPPluginJar : add gfxmmu
2023-10-09 22:41:27,331 [INFO] IPUIPlugin:80 - create IPUIPlugin
2023-10-09 22:41:27,331 [INFO] PluginManager:220 - loadIPPluginJar : add gic
2023-10-09 22:41:27,345 [INFO] IPUIPlugin:80 - create IPUIPlugin
2023-10-09 22:41:27,345 [INFO] PluginManager:220 - loadIPPluginJar : add gpio
2023-10-09 22:41:27,436 [INFO] IPUIPlugin:80 - create IPUIPlugin
2023-10-09 22:41:27,436 [INFO] PluginManager:220 - loadIPPluginJar : add gtzc
2023-10-09 22:41:27,466 [INFO] IPUIPlugin:80 - create IPUIPlugin
2023-10-09 22:41:27,466 [INFO] PluginManager:220 - loadIPPluginJar : add hash
2023-10-09 22:41:27,515 [INFO] IPUIPlugin:80 - create IPUIPlugin
2023-10-09 22:41:27,515 [INFO] PluginManager:220 - loadIPPluginJar : add i2c
2023-10-09 22:41:27,550 [INFO] IPUIPlugin:80 - create IPUIPlugin
2023-10-09 22:41:27,550 [INFO] PluginManager:220 - loadIPPluginJar : add i2s
2023-10-09 22:41:27,587 [INFO] IPUIPlugin:80 - create IPUIPlugin
2023-10-09 22:41:27,587 [INFO] PluginManager:220 - loadIPPluginJar : add i3c
2023-10-09 22:41:27,683 [INFO] IPUIPlugin:80 - create IPUIPlugin
2023-10-09 22:41:27,683 [INFO] PluginManager:220 - loadIPPluginJar : add ipddr
2023-10-09 22:41:27,765 [INFO] IPUIPlugin:80 - create IPUIPlugin
2023-10-09 22:41:27,766 [INFO] PluginManager:220 - loadIPPluginJar : add linkedlist
2023-10-09 22:41:27,798 [INFO] IPUIPlugin:80 - create IPUIPlugin
2023-10-09 22:41:27,798 [INFO] PluginManager:220 - loadIPPluginJar : add lorawan
2023-10-09 22:41:27,831 [INFO] IPUIPlugin:80 - create IPUIPlugin
2023-10-09 22:41:27,832 [INFO] PluginManager:220 - loadIPPluginJar : add ltdc
2023-10-09 22:41:27,847 [INFO] IPUIPlugin:80 - create IPUIPlugin
2023-10-09 22:41:27,847 [INFO] PluginManager:220 - loadIPPluginJar : add mdma
2023-10-09 22:41:27,860 [INFO] IPUIPlugin:80 - create IPUIPlugin
2023-10-09 22:41:27,860 [INFO] PluginManager:220 - loadIPPluginJar : add nvic
2023-10-09 22:41:27,891 [INFO] IPUIPlugin:80 - create IPUIPlugin
2023-10-09 22:41:27,892 [INFO] PluginManager:220 - loadIPPluginJar : add opamp
2023-10-09 22:41:27,946 [INFO] IPUIPlugin:80 - create IPUIPlugin
2023-10-09 22:41:27,947 [INFO] PluginManager:220 - loadIPPluginJar : add openamp
2023-10-09 22:41:27,984 [INFO] IPUIPlugin:80 - create IPUIPlugin
2023-10-09 22:41:27,984 [INFO] PluginManager:220 - loadIPPluginJar : add pdm2pcm
2023-10-09 22:41:27,999 [INFO] IPUIPlugin:80 - create IPUIPlugin
2023-10-09 22:41:28,002 [INFO] PluginManager:220 - loadIPPluginJar : add plateformsettings
2023-10-09 22:41:28,022 [INFO] IPUIPlugin:80 - create IPUIPlugin
2023-10-09 22:41:28,022 [INFO] PluginManager:220 - loadIPPluginJar : add quadspi
2023-10-09 22:41:28,034 [INFO] IPUIPlugin:80 - create IPUIPlugin
2023-10-09 22:41:28,034 [INFO] PluginManager:220 - loadIPPluginJar : add resmgrutility
2023-10-09 22:41:28,080 [INFO] IPUIPlugin:80 - create IPUIPlugin
2023-10-09 22:41:28,080 [INFO] PluginManager:220 - loadIPPluginJar : add sai
2023-10-09 22:41:28,117 [INFO] IPUIPlugin:80 - create IPUIPlugin
2023-10-09 22:41:28,118 [INFO] PluginManager:220 - loadIPPluginJar : add spi
2023-10-09 22:41:28,172 [INFO] IPUIPlugin:80 - create IPUIPlugin
2023-10-09 22:41:28,173 [INFO] PluginManager:220 - loadIPPluginJar : add stm32_wpan
2023-10-09 22:41:28,193 [INFO] IPUIPlugin:80 - create IPUIPlugin
2023-10-09 22:41:28,193 [INFO] PluginManager:220 - loadIPPluginJar : add tim
2023-10-09 22:41:28,244 [INFO] IPUIPlugin:80 - create IPUIPlugin
2023-10-09 22:41:28,244 [INFO] PluginManager:220 - loadIPPluginJar : add touchsensing
2023-10-09 22:41:28,264 [INFO] IPUIPlugin:80 - create IPUIPlugin
2023-10-09 22:41:28,264 [INFO] PluginManager:220 - loadIPPluginJar : add tracer_emb
2023-10-09 22:41:28,285 [INFO] IPUIPlugin:80 - create IPUIPlugin
2023-10-09 22:41:28,285 [INFO] PluginManager:220 - loadIPPluginJar : add ts
2023-10-09 22:41:28,304 [INFO] IPUIPlugin:80 - create IPUIPlugin
2023-10-09 22:41:28,305 [INFO] PluginManager:220 - loadIPPluginJar : add tsc
2023-10-09 22:41:28,325 [INFO] IPUIPlugin:80 - create IPUIPlugin
2023-10-09 22:41:28,325 [INFO] PluginManager:220 - loadIPPluginJar : add ucpd
2023-10-09 22:41:28,367 [INFO] IPUIPlugin:80 - create IPUIPlugin
2023-10-09 22:41:28,367 [INFO] PluginManager:220 - loadIPPluginJar : add usart
2023-10-09 22:41:28,412 [INFO] IPUIPlugin:80 - create IPUIPlugin
2023-10-09 22:41:28,412 [INFO] PluginManager:220 - loadIPPluginJar : add usbx
2023-10-09 22:41:28,546 [INFO] CADModel:165 - CPN selected for project level
2023-10-09 22:41:28,546 [INFO] CADModel:114 - Register for checkConnection events
2023-10-09 22:41:28,546 [FATAL] Updater:308 - Updater called before beeing initialized
2023-10-09 22:41:28,546 [ERROR] CADModel:125 - Updater not yet initialized, retry later 
2023-10-09 22:41:28,739 [INFO] CADModel:165 - CPN selected for project level
2023-10-09 22:41:28,739 [INFO] CADModel:114 - Register for checkConnection events
2023-10-09 22:41:28,739 [FATAL] Updater:308 - Updater called before beeing initialized
2023-10-09 22:41:28,739 [ERROR] CADModel:125 - Updater not yet initialized, retry later 
2023-10-09 22:41:28,743 [FATAL] Updater:308 - Updater called before beeing initialized
2023-10-09 22:41:28,851 [FATAL] Updater:308 - Updater called before beeing initialized
2023-10-09 22:41:28,861 [INFO] DbMcusAds:53 - JSON generation date=Tue Mar 07 15:50:55 ICT 2023 (1678179055114)
2023-10-09 22:41:28,862 [FATAL] Updater:308 - Updater called before beeing initialized
2023-10-09 22:41:28,909 [WARN] DetailPanel:346 - Failed to get advertising image, set to default
2023-10-09 22:41:29,019 [FATAL] Updater:308 - Updater called before beeing initialized
2023-10-09 22:41:29,022 [FATAL] Updater:308 - Updater called before beeing initialized
2023-10-09 22:41:29,022 [FATAL] Updater:308 - Updater called before beeing initialized
2023-10-09 22:41:29,022 [WARN] DetailPanel:346 - Failed to get advertising image, set to default
2023-10-09 22:41:29,024 [FATAL] Updater:308 - Updater called before beeing initialized
2023-10-09 22:41:29,097 [ERROR] Updater:1120 - MainUpdater not yet initialized. External WinMGr cannot be set.
2023-10-09 22:41:29,107 [INFO] Updater:1056 - Updater Version found : 6.9.0
2023-10-09 22:41:29,128 [INFO] ApplicationProperties:184 - Using Application install path: C:\ST\STM32CubeIDE_1.13.0\STM32CubeIDE\plugins\com.st.stm32cube.common.mx_6.9.0.202307051724
2023-10-09 22:41:29,155 [INFO] ThirdPartyUpdaterWithRetryManager:70 - Updater plugin not ready yet. [2/15]
2023-10-09 22:41:29,308 [INFO] MainUpdater:2868 - connection check result : 10
2023-10-09 22:41:29,309 [INFO] MainUpdater:285 - Updater Check For Update Now.
2023-10-09 22:41:29,310 [INFO] MicroXplorer:498 - Change Database Version : DB.6.0.90
2023-10-09 22:41:29,342 [INFO] McuFinderGlobals:63 - Set McuFinder mode to 2 (CubeIDE integrated)
2023-10-09 22:41:29,342 [INFO] UserAuth:179 - activating auth plugin
2023-10-09 22:41:29,346 [INFO] UserAuth:393 - Internet connection configuration mode: 1
2023-10-09 22:41:29,384 [INFO] JxBrowserEngine:151 - Initiate JxBrowser Engine with user profile folder
2023-10-09 22:41:29,614 [INFO] CheckServerUpdateThread:120 - End of CheckServer Thread
2023-10-09 22:41:32,497 [WARN] PackLoader:240 - Cannot read IP mode file for STMicroelectronics.X-CUBE-SMBUS.2.1.0
2023-10-09 22:41:32,567 [WARN] PackLoader:240 - Cannot read IP mode file for STMicroelectronics.X-CUBE-AZRTOS-F7.1.1.0
2023-10-09 22:41:32,581 [INFO] WebApp:157 - Instantiating new browser for Auth
2023-10-09 22:41:32,596 [WARN] PackLoader:240 - Cannot read IP mode file for STMicroelectronics.FP-SNS-MOTENV1.4.3.2
2023-10-09 22:41:32,639 [WARN] PackLoader:240 - Cannot read IP mode file for STMicroelectronics.X-CUBE-BLE1.6.2.4
2023-10-09 22:41:32,679 [WARN] PackLoader:240 - Cannot read IP mode file for STMicroelectronics.FP-SNS-FLIGHT1.5.0.2
2023-10-09 22:41:32,701 [WARN] PackLoader:240 - Cannot read IP mode file for STMicroelectronics.X-CUBE-BLE1.7.0.0
2023-10-09 22:41:32,720 [WARN] PackLoader:240 - Cannot read IP mode file for STMicroelectronics.X-CUBE-TOUCHGFX.4.22.0
2023-10-09 22:41:32,740 [WARN] PackLoader:240 - Cannot read IP mode file for STMicroelectronics.X-CUBE-TOUCHGFX.4.22.1
2023-10-09 22:41:32,847 [WARN] PackLoader:240 - Cannot read IP mode file for STMicroelectronics.X-CUBE-MEMS1.9.3.0
2023-10-09 22:41:33,051 [WARN] PackLoader:240 - Cannot read IP mode file for STMicroelectronics.FP-SNS-SMARTAG2.1.2.0
2023-10-09 22:41:33,075 [INFO] LogOutputStream:77 - [STDOUT_REDIRECT] 1 : Invalid condition id : UX_CORESTACK_Condition cause : null
2023-10-09 22:41:33,075 [INFO] LogOutputStream:77 - [STDOUT_REDIRECT] 1 : Invalid condition id : UX_CORESTACK_Condition cause : null
2023-10-09 22:41:33,077 [INFO] LogOutputStream:77 - [STDOUT_REDIRECT] 1 : Invalid condition id : UX_CORESTACK_Condition cause : null
2023-10-09 22:41:33,078 [INFO] LogOutputStream:77 - [STDOUT_REDIRECT] 1 : Invalid condition id : UX_CORESTACK_Condition cause : null
2023-10-09 22:41:33,080 [INFO] LogOutputStream:77 - [STDOUT_REDIRECT] 1 : Invalid condition id : UX_CORESTACK_Condition cause : null
2023-10-09 22:41:33,083 [WARN] PackLoader:240 - Cannot read IP mode file for STMicroelectronics.X-CUBE-AZRTOS-WL.2.0.0
2023-10-09 22:41:33,100 [WARN] PackLoader:240 - Cannot read IP mode file for WES.I-CUBE-Cesium.1.3.0
2023-10-09 22:41:33,112 [WARN] PackLoader:240 - Cannot read IP mode file for STMicroelectronics.X-CUBE-BLE2.3.3.0
2023-10-09 22:41:33,135 [WARN] PackLoader:240 - Cannot read IP mode file for STMicroelectronics.X-CUBE-TOF1.3.2.0
2023-10-09 22:41:33,158 [WARN] PackLoader:240 - Cannot read IP mode file for STMicroelectronics.X-CUBE-ISPU.1.0.0
2023-10-09 22:41:33,170 [WARN] PackLoader:240 - Cannot read IP mode file for STMicroelectronics.X-CUBE-TOUCHGFX.4.21.1
2023-10-09 22:41:33,240 [WARN] PackLoader:240 - Cannot read IP mode file for STMicroelectronics.X-CUBE-MEMS1.9.4.0
2023-10-09 22:41:33,415 [WARN] PackLoader:240 - Cannot read IP mode file for STMicroelectronics.X-CUBE-AI.7.3.0
2023-10-09 22:41:33,464 [WARN] PackLoader:240 - Cannot read IP mode file for STMicroelectronics.X-CUBE-AZRTOS-G0.1.1.0
2023-10-09 22:41:33,485 [WARN] PackLoader:240 - Cannot read IP mode file for STMicroelectronics.X-CUBE-NFC4.3.0.0
2023-10-09 22:41:33,513 [WARN] PackLoader:240 - Cannot read IP mode file for STMicroelectronics.X-CUBE-BLEMGR.1.3.0
2023-10-09 22:41:33,531 [WARN] PackLoader:240 - Cannot read IP mode file for STMicroelectronics.FP-ATR-SIGFOX1.3.2.0
2023-10-09 22:41:33,545 [WARN] PackLoader:240 - Cannot read IP mode file for STMicroelectronics.X-CUBE-TOUCHGFX.4.20.0
2023-10-09 22:41:33,597 [WARN] PackLoader:240 - Cannot read IP mode file for SEGGER.I-CUBE-embOS.1.3.1
2023-10-09 22:41:33,660 [WARN] PackLoader:240 - Cannot read IP mode file for STMicroelectronics.X-CUBE-GNSS1.6.0.0
2023-10-09 22:41:33,719 [WARN] PackLoader:240 - Cannot read IP mode file for STMicroelectronics.X-CUBE-AZRTOS-F4.1.1.0
2023-10-09 22:41:33,755 [WARN] PackLoader:240 - Cannot read IP mode file for STMicroelectronics.X-CUBE-BLEMGR.1.2.0
2023-10-09 22:41:33,827 [WARN] PackLoader:240 - Cannot read IP mode file for STMicroelectronics.X-CUBE-AZRTOS-L5.2.0.0
2023-10-09 22:41:33,872 [INFO] WebApp:753 - Register for checkConnection events
2023-10-09 22:41:33,873 [INFO] WebApp:390 - Apply proxy settings
2023-10-09 22:41:33,873 [INFO] WebApp:475 - Chromium requires no authentication
2023-10-09 22:41:33,891 [INFO] WebApp:418 - Direct internet connection detected
2023-10-09 22:41:33,900 [WARN] PackLoader:240 - Cannot read IP mode file for STMicroelectronics.X-CUBE-MEMS1.9.6.0
2023-10-09 22:41:34,086 [WARN] PackLoader:240 - Cannot read IP mode file for ITTIA_DB.I-CUBE-ITTIADB.8.8.0
2023-10-09 22:41:34,105 [WARN] PackLoader:240 - Cannot read IP mode file for STMicroelectronics.X-CUBE-BLEMGR.2.0.0
2023-10-09 22:41:34,138 [WARN] ConditionMgr:438 - getConditionDescription Invalid condition id : UX DEVICE CLASS RTOS Condition cause : null
2023-10-09 22:41:34,138 [WARN] ConditionMgr:438 - getConditionDescription Invalid condition id : UX DEVICE CLASS RTOS Condition cause : null
2023-10-09 22:41:34,143 [WARN] PackLoader:240 - Cannot read IP mode file for STMicroelectronics.X-CUBE-AZRTOS-H7.3.1.0
2023-10-09 22:41:34,144 [WARN] ConditionMgr:1039 - genDependencies : Invalid condition id : UX DEVICE CLASS RTOS Condition cause : null
2023-10-09 22:41:34,144 [WARN] ConditionMgr:1039 - genDependencies : Invalid condition id : UX DEVICE CLASS RTOS Condition cause : null
2023-10-09 22:41:34,145 [WARN] ConditionMgr:1039 - genDependencies : Invalid condition id : UX DEVICE CLASS RTOS Condition cause : null
2023-10-09 22:41:34,145 [WARN] ConditionMgr:1039 - genDependencies : Invalid condition id : UX DEVICE CLASS RTOS Condition cause : null
2023-10-09 22:41:34,145 [WARN] ConditionMgr:1039 - genDependencies : Invalid condition id : UX DEVICE CLASS RTOS Condition cause : null
2023-10-09 22:41:34,163 [WARN] PackLoader:240 - Cannot read IP mode file for STMicroelectronics.X-CUBE-NFC7.1.0.1
2023-10-09 22:41:34,183 [WARN] PackLoader:240 - Cannot read IP mode file for STMicroelectronics.X-CUBE-NFC6.3.0.0
2023-10-09 22:41:34,200 [WARN] PackLoader:240 - Cannot read IP mode file for STMicroelectronics.X-CUBE-EEPRMA1.4.1.0
2023-10-09 22:41:34,213 [WARN] PackLoader:240 - Cannot read IP mode file for STMicroelectronics.X-CUBE-AI.8.1.0
2023-10-09 22:41:34,249 [WARN] ConditionMgr:438 - getConditionDescription Invalid condition id : LAN8742 Phy interface Condition cause : null
2023-10-09 22:41:34,250 [WARN] PackLoader:240 - Cannot read IP mode file for STMicroelectronics.X-CUBE-AZRTOS-L4.2.0.0
2023-10-09 22:41:34,252 [WARN] ConditionMgr:1039 - genDependencies : Invalid condition id : LAN8742 Phy interface Condition cause : null
2023-10-09 22:41:34,252 [WARN] ConditionMgr:1039 - genDependencies : Invalid condition id : LAN8742 Phy interface Condition cause : null
2023-10-09 22:41:34,253 [WARN] ConditionMgr:1039 - genDependencies : Invalid condition id : LAN8742 Phy interface Condition cause : null
2023-10-09 22:41:34,269 [WARN] PackLoader:240 - Cannot read IP mode file for STMicroelectronics.X-CUBE-SFXS2LP1.4.0.0
2023-10-09 22:41:34,273 [INFO] WebApp:188 - Starting web application
2023-10-09 22:41:34,273 [INFO] WebApp:520 - Web application path used C:\ST\STM32CubeIDE_1.13.0\STM32CubeIDE\plugins\com.st.stm32cube.common.mx_6.9.0.202307051724\db\plugins\mcufinder\reactClient1\index.html
2023-10-09 22:41:34,313 [WARN] PackLoader:240 - Cannot read IP mode file for STMicroelectronics.X-CUBE-AZRTOS-H7.3.0.0
2023-10-09 22:41:34,332 [WARN] PackLoader:240 - Cannot read IP mode file for STMicroelectronics.X-CUBE-ISPU.1.1.0
2023-10-09 22:41:34,369 [WARN] ConditionMgr:438 - getConditionDescription Invalid condition id : UX DEVICE CLASS RTOS Condition cause : null
2023-10-09 22:41:34,370 [WARN] ConditionMgr:438 - getConditionDescription Invalid condition id : UX DEVICE CLASS RTOS Condition cause : null
2023-10-09 22:41:34,372 [WARN] PackLoader:240 - Cannot read IP mode file for STMicroelectronics.X-CUBE-AZRTOS-WB.2.0.0
2023-10-09 22:41:34,373 [WARN] ConditionMgr:1039 - genDependencies : Invalid condition id : UX DEVICE CLASS RTOS Condition cause : null
2023-10-09 22:41:34,373 [WARN] ConditionMgr:1039 - genDependencies : Invalid condition id : UX DEVICE CLASS RTOS Condition cause : null
2023-10-09 22:41:34,373 [WARN] ConditionMgr:1039 - genDependencies : Invalid condition id : UX DEVICE CLASS RTOS Condition cause : null
2023-10-09 22:41:34,374 [WARN] ConditionMgr:1039 - genDependencies : Invalid condition id : UX DEVICE CLASS RTOS Condition cause : null
2023-10-09 22:41:34,374 [WARN] ConditionMgr:1039 - genDependencies : Invalid condition id : UX DEVICE CLASS RTOS Condition cause : null
2023-10-09 22:41:34,402 [WARN] PackLoader:240 - Cannot read IP mode file for STMicroelectronics.X-CUBE-FREERTOS.1.0.1
2023-10-09 22:41:34,448 [WARN] PackLoader:240 - Cannot read IP mode file for STMicroelectronics.X-CUBE-AZRTOS-L5.1.1.0
2023-10-09 22:41:34,468 [WARN] PackLoader:240 - Cannot read IP mode file for STMicroelectronics.X-CUBE-AI.8.0.1
2023-10-09 22:41:34,499 [WARN] PackLoader:240 - Cannot read IP mode file for STMicroelectronics.X-CUBE-TOF1.3.3.1
2023-10-09 22:41:34,569 [WARN] PackLoader:240 - Cannot read IP mode file for STMicroelectronics.X-CUBE-AZRTOS-G4.2.0.0
2023-10-09 22:41:34,597 [WARN] PackLoader:240 - Cannot read IP mode file for STMicroelectronics.FP-ATR-ASTRA1.1.1.1
2023-10-09 22:41:34,635 [WARN] PackLoader:240 - Cannot read IP mode file for Infineon.AIROC-Wi-Fi-Bluetooth-STM32.1.5.1
2023-10-09 22:41:34,656 [WARN] PackLoader:240 - Cannot read IP mode file for STMicroelectronics.X-CUBE-FREERTOS.1.1.0
2023-10-09 22:41:34,693 [WARN] PackLoader:240 - Cannot read IP mode file for STMicroelectronics.X-CUBE-AZRTOS-WB.1.1.0
2023-10-09 22:41:34,712 [WARN] PackLoader:240 - Cannot read IP mode file for STMicroelectronics.FP-ATR-ASTRA1.2.0.0
2023-10-09 22:41:34,714 [INFO] ThirdParty:978 - Integrity check success = true
2023-10-09 22:41:34,714 [INFO] IntegrityCheckThread:100 - exiting critical section [integrity check]
2023-10-09 22:41:34,714 [INFO] IntegrityCheckThread:103 - End integrity checks thread
2023-10-09 22:41:55,497 [ERROR] LogOutputStream:75 - [STDERR_REDIRECT] SLF4J: Failed to load class "org.slf4j.impl.StaticLoggerBinder".
2023-10-09 22:41:55,498 [ERROR] LogOutputStream:75 - [STDERR_REDIRECT] SLF4J: Defaulting to no-operation (NOP) logger implementation
2023-10-09 22:41:55,499 [ERROR] LogOutputStream:75 - [STDERR_REDIRECT] SLF4J: See http://www.slf4j.org/codes.html#StaticLoggerBinder for further details.
2023-10-09 23:33:26,076 [ERROR] LogOutputStream:75 - [STDERR_REDIRECT] 
